#
# A fatal error has been detected by the Java Runtime Environment:
#
#  SIGSEGV (0xb) at pc=0x00007f25085eb869, pid=2991, tid=0x00007f24c8a42700
#
# JRE version: Java(TM) SE Runtime Environment (8.0_121-b13) (build 1.8.0_121-b13)
# Java VM: Java HotSpot(TM) 64-Bit Server VM (25.121-b13 mixed mode linux-amd64 compressed oops)
# Problematic frame:
# C  [libfreetype.so.6+0x15869]  FT_Done_Face+0x29
#
# Failed to write core dump. Core dumps have been disabled. To enable core dumping, try "ulimit -c unlimited" before starting Java again
#
# If you would like to submit a bug report, please visit:
#   http://bugreport.java.com/bugreport/crash.jsp
# The crash happened outside the Java Virtual Machine in native code.
# See problematic frame for where to report the bug.
#

---------------  T H R E A D  ---------------

Current thread (0x00007f25444b1000):  JavaThread "JavaFX Application Thread" [_thread_in_native, id=3092, stack(0x00007f24c8942000,0x00007f24c8a43000)]

siginfo: si_signo: 11 (SIGSEGV), si_code: 1 (SEGV_MAPERR), si_addr: 0x0000000000000080

Registers:
RAX=0x00007f24c823be30, RBX=0x00007f24c8732510, RCX=0x00007f25440081c0, RDX=0x0000000000000000
RSP=0x00007f24c8a3f240, RBP=0x00007f24bc353aa0, RSI=0x00007f24c8a3f2e0, RDI=0x00007f24bc2fa810
R8 =0x0000000000000000, R9 =0x000000000000000c, R10=0x0000000000000038, R11=0x00007f25085eb840
R12=0x0000000000000000, R13=0x00007f24c8732510, R14=0x00007f24c8a3f2f8, R15=0x00007f25444b1000
RIP=0x00007f25085eb869, EFLAGS=0x0000000000010246, CSGSFS=0x002b000000000033, ERR=0x0000000000000004
  TRAPNO=0x000000000000000e

Top of Stack: (sp=0x00007f24c8a3f240)
0x00007f24c8a3f240:   00007f25444b1000 00007f24c8732510
0x00007f24c8a3f250:   00007f24c8a3f2d0 0000000000000000
0x00007f24c8a3f260:   00007f24c8732510 00007f24c8a3f2f8
0x00007f24c8a3f270:   00007f25444b1000 00007f2533960a34
0x00007f24c8a3f280:   00007f25444b1000 00007f2533960782
0x00007f24c8a3f290:   00007f24c8a3f290 00007f24c8732510
0x00007f24c8a3f2a0:   00007f24c8a3f2f8 00007f24c8732b98
0x00007f24c8a3f2b0:   0000000000000000 00007f24c8732510
0x00007f24c8a3f2c0:   0000000000000000 00007f24c8a3f2f0
0x00007f24c8a3f2d0:   00007f24c8a3f340 00007f2533950d00
0x00007f24c8a3f2e0:   0000000771379320 00007f253395a536
0x00007f24c8a3f2f0:   00007f24bc2fa810 000000076d5782e0
0x00007f24c8a3f300:   00007f24c8a3f300 00007f24c8681771
0x00007f24c8a3f310:   00007f24c8a3f390 00007f24c87313a0
0x00007f24c8a3f320:   0000000000000000 00007f24c86817a8
0x00007f24c8a3f330:   00007f24c8a3f2f0 00007f24c8a3f388
0x00007f24c8a3f340:   00007f24c8a3f3d8 00007f2533950a90
0x00007f24c8a3f350:   00007f24bc2fa810 0000000000000000
0x00007f24c8a3f360:   000000076d578940 00007f24bc2fa810
0x00007f24c8a3f370:   0000000000000000 0000000000000001
0x00007f24c8a3f380:   000000076d5782e0 000000076d578220
0x00007f24c8a3f390:   0000000771285968 00007f24c8a3f398
0x00007f24c8a3f3a0:   00007f24c8721564 00007f24c8a3f420
0x00007f24c8a3f3b0:   00007f24c8726c28 0000000000000000
0x00007f24c8a3f3c0:   00007f24c8721608 00007f24c8a3f388
0x00007f24c8a3f3d0:   00007f24c8a3f418 00007f24c8a3f478
0x00007f24c8a3f3e0:   00007f25339512bd 0000000000000000
0x00007f24c8a3f3f0:   0000000000000000 000000076d578220
0x00007f24c8a3f400:   0000000000000000 000000076d578050
0x00007f24c8a3f410:   000000076d5717c0 0000000771509368
0x00007f24c8a3f420:   0000000771285968 0000000000000000
0x00007f24c8a3f430:   0000000771285968 00007f24c8a3f428 

Instructions: (pc=0x00007f25085eb869)
0x00007f25085eb849:   53 48 83 ec 08 48 85 ff 74 3d 48 8b af b0 00 00
0x00007f25085eb859:   00 48 85 ed 74 31 48 8b 97 f0 00 00 00 45 31 e4
0x00007f25085eb869:   8b 82 80 00 00 00 83 e8 01 85 c0 89 82 80 00 00
0x00007f25085eb879:   00 7e 24 48 83 c4 08 44 89 e0 5b 5d 41 5c 41 5d 

Register to memory mapping:

RAX=0x00007f24c823be30: Java_com_sun_javafx_font_freetype_OSFreetype_FT_1Done_1Face+0 in /usr/lib/jvm/oracle-java8-jdk-amd64/jre/lib/amd64/libjavafx_font_freetype.so at 0x00007f24c8239000
RBX={method} {0x00007f24c8732510} 'FT_Done_Face' '(J)I' in 'com/sun/javafx/font/freetype/OSFreetype'
RCX=0x00007f25440081c0 is an unknown value
RDX=0x0000000000000000 is an unknown value
RSP=0x00007f24c8a3f240 is pointing into the stack for thread: 0x00007f25444b1000
RBP=0x00007f24bc353aa0 is an unknown value
RSI=0x00007f24c8a3f2e0 is pointing into the stack for thread: 0x00007f25444b1000
RDI=0x00007f24bc2fa810 is an unknown value
R8 =0x0000000000000000 is an unknown value
R9 =0x000000000000000c is an unknown value
R10=0x0000000000000038 is an unknown value
R11=0x00007f25085eb840: FT_Done_Face+0 in /usr/lib/x86_64-linux-gnu/libfreetype.so.6 at 0x00007f25085d6000
R12=0x0000000000000000 is an unknown value
R13={method} {0x00007f24c8732510} 'FT_Done_Face' '(J)I' in 'com/sun/javafx/font/freetype/OSFreetype'
R14=0x00007f24c8a3f2f8 is pointing into the stack for thread: 0x00007f25444b1000
R15=0x00007f25444b1000 is a thread


Stack: [0x00007f24c8942000,0x00007f24c8a43000],  sp=0x00007f24c8a3f240,  free space=1012k
Native frames: (J=compiled Java code, j=interpreted, Vv=VM code, C=native code)
C  [libfreetype.so.6+0x15869]  FT_Done_Face+0x29

Java frames: (J=compiled Java code, j=interpreted, Vv=VM code)
j  com.sun.javafx.font.freetype.OSFreetype.FT_Done_Face(J)I+0
j  com.sun.javafx.font.freetype.FTFactory.registerEmbeddedFont(Ljava/lang/String;)Z+65
j  com.sun.javafx.font.PrismFontFactory.populateFontFileNameMapGeneric(Ljava/lang/String;)V+76
j  com.sun.javafx.font.PrismFontFactory.getFullNameToFileMap()Ljava/util/HashMap;+357
j  com.sun.javafx.font.PrismFontFactory.getFontResource(Ljava/lang/String;Ljava/lang/String;Z)Lcom/sun/javafx/font/FontResource;+140
j  com.sun.javafx.font.LogicalFont.getSlot0Resource()Lcom/sun/javafx/font/FontResource;+53
j  com.sun.javafx.font.LogicalFont.getDefaultAAMode()I+1
j  com.sun.javafx.font.LogicalFont.getStrike(FLcom/sun/javafx/geom/transform/BaseTransform;)Lcom/sun/javafx/font/FontStrike;+4
j  com.sun.javafx.font.PrismFont.getStrike(Lcom/sun/javafx/geom/transform/BaseTransform;)Lcom/sun/javafx/font/FontStrike;+9
j  com.sun.javafx.text.PrismTextLayout.setContent(Ljava/lang/String;Ljava/lang/Object;)Z+25
j  javafx.scene.text.Text.getTextLayout()Lcom/sun/javafx/scene/text/TextLayout;+81
j  javafx.scene.text.Text.needsFullTextLayout()V+16
j  javafx.scene.text.Text.access$200(Ljavafx/scene/text/Text;)V+1
j  javafx.scene.text.Text$5.invalidated()V+4
j  javafx.beans.property.ObjectPropertyBase.markInvalid()V+13
j  javafx.beans.property.ObjectPropertyBase.bind(Ljavafx/beans/value/ObservableValue;)V+67
j  javafx.css.StyleableObjectProperty.bind(Ljavafx/beans/value/ObservableValue;)V+2
j  com.sun.javafx.scene.control.skin.TextFieldSkin.<init>(Ljavafx/scene/control/TextField;Lcom/sun/javafx/scene/control/behavior/TextFieldBehavior;)V+358
j  com.sun.javafx.scene.control.skin.TextFieldSkin.<init>(Ljavafx/scene/control/TextField;)V+31
j  javafx.scene.control.TextField.createDefaultSkin()Ljavafx/scene/control/Skin;+5
j  javafx.scene.control.Control.impl_processCSS(Ljavafx/beans/value/WritableValue;)V+13
j  javafx.scene.Parent.impl_processCSS(Ljavafx/beans/value/WritableValue;)V+128
j  javafx.scene.Parent.impl_processCSS(Ljavafx/beans/value/WritableValue;)V+128
j  javafx.scene.Parent.impl_processCSS(Ljavafx/beans/value/WritableValue;)V+128
j  javafx.scene.Node.processCSS()V+100
j  javafx.scene.Scene.doCSSPass()V+23
j  javafx.scene.Scene.preferredSize()V+6
j  javafx.scene.Scene.impl_preferredSize()V+1
j  javafx.stage.Window$9.invalidated()V+243
j  javafx.beans.property.BooleanPropertyBase.markInvalid()V+13
j  javafx.beans.property.BooleanPropertyBase.set(Z)V+106
j  javafx.stage.Window.setShowing(Z)V+11
j  javafx.stage.Window.show()V+2
j  javafx.stage.Stage.show()V+1
j  fr.vincentfillon.Main.initInterfacePrncipale()V+47
j  fr.vincentfillon.Main.start(Ljavafx/stage/Stage;)V+7
j  com.sun.javafx.application.LauncherImpl.lambda$launchApplication1$162(Ljava/util/concurrent/atomic/AtomicBoolean;Ljavafx/application/Application;)V+20
j  com.sun.javafx.application.LauncherImpl$$Lambda$58.run()V+8
j  com.sun.javafx.application.PlatformImpl.lambda$runAndWait$175(Ljava/lang/Runnable;Ljava/util/concurrent/CountDownLatch;)V+1
j  com.sun.javafx.application.PlatformImpl$$Lambda$50.run()V+8
j  com.sun.javafx.application.PlatformImpl.lambda$null$173(Ljava/lang/Runnable;)Ljava/lang/Void;+1
j  com.sun.javafx.application.PlatformImpl$$Lambda$53.run()Ljava/lang/Object;+4
v  ~StubRoutines::call_stub
j  java.security.AccessController.doPrivileged(Ljava/security/PrivilegedAction;Ljava/security/AccessControlContext;)Ljava/lang/Object;+0
j  com.sun.javafx.application.PlatformImpl.lambda$runLater$174(Ljava/lang/Runnable;Ljava/security/AccessControlContext;)V+7
j  com.sun.javafx.application.PlatformImpl$$Lambda$52.run()V+8
j  com.sun.glass.ui.InvokeLaterDispatcher$Future.run()V+4
v  ~StubRoutines::call_stub
j  com.sun.glass.ui.gtk.GtkApplication._runLoop(Ljava/lang/Runnable;Z)V+0
j  com.sun.glass.ui.gtk.GtkApplication.lambda$null$49(Ljava/lang/Runnable;Z)V+7
j  com.sun.glass.ui.gtk.GtkApplication$$Lambda$41.run()V+12
j  java.lang.Thread.run()V+11
v  ~StubRoutines::call_stub

---------------  P R O C E S S  ---------------

Java Threads: ( => current thread )
  0x00007f25444b6800 JavaThread "JavaFX-Launcher" [_thread_blocked, id=3094, stack(0x00007f24c8841000,0x00007f24c8942000)]
=>0x00007f25444b1000 JavaThread "JavaFX Application Thread" [_thread_in_native, id=3092, stack(0x00007f24c8942000,0x00007f24c8a43000)]
  0x00007f254448f800 JavaThread "Thread-1" daemon [_thread_blocked, id=3091, stack(0x00007f24c8a43000,0x00007f24c8b44000)]
  0x00007f2544423800 JavaThread "QuantumRenderer-0" daemon [_thread_blocked, id=3085, stack(0x00007f250a503000,0x00007f250a604000)]
  0x00007f2544346800 JavaThread "Service Thread" daemon [_thread_blocked, id=3080, stack(0x00007f250a705000,0x00007f250a806000)]
  0x00007f2544331800 JavaThread "C1 CompilerThread3" daemon [_thread_blocked, id=3079, stack(0x00007f250aa1e000,0x00007f250ab1e000)]
  0x00007f254432f000 JavaThread "C2 CompilerThread2" daemon [_thread_blocked, id=3078, stack(0x00007f250ab1f000,0x00007f250ac1f000)]
  0x00007f254432b800 JavaThread "C2 CompilerThread1" daemon [_thread_in_native, id=3076, stack(0x00007f250ac20000,0x00007f250ad20000)]
  0x00007f254432a000 JavaThread "C2 CompilerThread0" daemon [_thread_blocked, id=3075, stack(0x00007f250ad21000,0x00007f250ae21000)]
  0x00007f254432d000 JavaThread "Monitor Ctrl-Break" daemon [_thread_in_native, id=3074, stack(0x00007f250ae21000,0x00007f250af22000)]
  0x00007f254420a800 JavaThread "Signal Dispatcher" daemon [_thread_blocked, id=3073, stack(0x00007f250af22000,0x00007f250b023000)]
  0x00007f25441d7800 JavaThread "Finalizer" daemon [_thread_blocked, id=3062, stack(0x00007f250b2f3000,0x00007f250b3f4000)]
  0x00007f25441d3000 JavaThread "Reference Handler" daemon [_thread_blocked, id=3060, stack(0x00007f250b3f4000,0x00007f250b4f5000)]
  0x00007f254400d800 JavaThread "main" [_thread_blocked, id=3005, stack(0x00007f254a379000,0x00007f254a479000)]

Other Threads:
  0x00007f25441cb000 VMThread [stack: 0x00007f250b4f6000,0x00007f250b5f6000] [id=3059]
  0x00007f2544359000 WatcherThread [stack: 0x00007f250a605000,0x00007f250a705000] [id=3081]

VM state:not at safepoint (normal execution)

VM Mutex/Monitor currently owned by a thread: None

Heap:
 PSYoungGen      total 74752K, used 6920K [0x000000076d380000, 0x0000000776580000, 0x00000007c0000000)
  eden space 64512K, 4% used [0x000000076d380000,0x000000076d666508,0x0000000771280000)
  from space 10240K, 38% used [0x0000000771280000,0x000000077165bc80,0x0000000771c80000)
  to   space 10240K, 0% used [0x0000000775b80000,0x0000000775b80000,0x0000000776580000)
 ParOldGen       total 171008K, used 26367K [0x00000006c7a00000, 0x00000006d2100000, 0x000000076d380000)
  object space 171008K, 15% used [0x00000006c7a00000,0x00000006c93bffc8,0x00000006d2100000)
 Metaspace       used 13962K, capacity 14480K, committed 14720K, reserved 1062912K
  class space    used 1974K, capacity 2105K, committed 2176K, reserved 1048576K

Card table byte_map: [0x00007f2532dc5000,0x00007f2533589000] byte_map_base: 0x00007f252f788000

Marking Bits: (ParMarkBitMap*) 0x00007f254981cc80
 Begin Bits: [0x00007f25103d0000, 0x00007f25141e8000)
 End Bits:   [0x00007f25141e8000, 0x00007f2518000000)

Polling page: 0x00007f254a49a000

CodeCache: size=245760Kb used=3446Kb max_used=3458Kb free=242313Kb
 bounds [0x00007f2533949000, 0x00007f2533cb9000, 0x00007f2542949000]
 total_blobs=1473 nmethods=925 adapters=462
 compilation: enabled

Compilation events (10 events):
Event: 0,999 Thread 0x00007f2544331800 nmethod 921 0x00007f2533ca4a90 code [0x00007f2533ca4be0, 0x00007f2533ca4d30]
Event: 0,999 Thread 0x00007f2544331800  922       3       java.lang.String::toLowerCase (8 bytes)
Event: 0,999 Thread 0x00007f254432b800  923       4       java.lang.String::toLowerCase (439 bytes)
Event: 0,999 Thread 0x00007f2544331800 nmethod 922 0x00007f2533ca4610 code [0x00007f2533ca4780, 0x00007f2533ca49e8]
Event: 0,999 Thread 0x00007f2544331800  924       3       java.util.HashMap$KeyIterator::next (8 bytes)
Event: 1,000 Thread 0x00007f2544331800 nmethod 924 0x00007f2533ca41d0 code [0x00007f2533ca4340, 0x00007f2533ca4548]
Event: 1,001 Thread 0x00007f2544331800  926       3       java.lang.ThreadLocal::getMap (5 bytes)
Event: 1,001 Thread 0x00007f2544331800 nmethod 926 0x00007f2533ca3e50 code [0x00007f2533ca3fc0, 0x00007f2533ca4110]
Event: 1,001 Thread 0x00007f2544331800  925       1       java.lang.ThreadLocal::access$400 (5 bytes)
Event: 1,001 Thread 0x00007f2544331800 nmethod 925 0x00007f2533ca3b90 code [0x00007f2533ca3ce0, 0x00007f2533ca3dd0]

GC Heap History (2 events):
Event: 0,958 GC heap before
{Heap before GC invocations=1 (full 0):
 PSYoungGen      total 74752K, used 64512K [0x000000076d380000, 0x0000000772680000, 0x00000007c0000000)
  eden space 64512K, 100% used [0x000000076d380000,0x0000000771280000,0x0000000771280000)
  from space 10240K, 0% used [0x0000000771c80000,0x0000000771c80000,0x0000000772680000)
  to   space 10240K, 0% used [0x0000000771280000,0x0000000771280000,0x0000000771c80000)
 ParOldGen       total 171008K, used 0K [0x00000006c7a00000, 0x00000006d2100000, 0x000000076d380000)
  object space 171008K, 0% used [0x00000006c7a00000,0x00000006c7a00000,0x00000006d2100000)
 Metaspace       used 13730K, capacity 14226K, committed 14464K, reserved 1060864K
  class space    used 1921K, capacity 2068K, committed 2176K, reserved 1048576K
Event: 0,973 GC heap after
Heap after GC invocations=1 (full 0):
 PSYoungGen      total 74752K, used 3951K [0x000000076d380000, 0x0000000776580000, 0x00000007c0000000)
  eden space 64512K, 0% used [0x000000076d380000,0x000000076d380000,0x0000000771280000)
  from space 10240K, 38% used [0x0000000771280000,0x000000077165bc80,0x0000000771c80000)
  to   space 10240K, 0% used [0x0000000775b80000,0x0000000775b80000,0x0000000776580000)
 ParOldGen       total 171008K, used 26367K [0x00000006c7a00000, 0x00000006d2100000, 0x000000076d380000)
  object space 171008K, 15% used [0x00000006c7a00000,0x00000006c93bffc8,0x00000006d2100000)
 Metaspace       used 13730K, capacity 14226K, committed 14464K, reserved 1060864K
  class space    used 1921K, capacity 2068K, committed 2176K, reserved 1048576K
}

Deoptimization events (10 events):
Event: 0,790 Thread 0x00007f25444b1000 Uncommon trap: reason=unstable_if action=reinterpret pc=0x00007f2533c1f820 method=com.sun.javafx.image.impl.BaseByteToByteConverter$FourByteReorderer.doConvert([BII[BIIII)V @ 31
Event: 0,879 Thread 0x00007f25444b1000 Uncommon trap: reason=unstable_if action=reinterpret pc=0x00007f2533c2585c method=sun.net.www.ParseUtil.encodePath(Ljava/lang/String;Z)Ljava/lang/String; @ 109
Event: 0,909 Thread 0x00007f25444b1000 Uncommon trap: reason=class_check action=maybe_recompile pc=0x00007f2533ba9d44 method=java.io.DataInputStream.readShort()S @ 4
Event: 0,909 Thread 0x00007f25444b1000 Uncommon trap: reason=class_check action=maybe_recompile pc=0x00007f2533ba9d44 method=java.io.DataInputStream.readShort()S @ 4
Event: 0,909 Thread 0x00007f25444b1000 Uncommon trap: reason=class_check action=maybe_recompile pc=0x00007f2533ba9d44 method=java.io.DataInputStream.readShort()S @ 4
Event: 0,909 Thread 0x00007f25444b1000 Uncommon trap: reason=class_check action=maybe_recompile pc=0x00007f2533ba9d44 method=java.io.DataInputStream.readShort()S @ 4
Event: 0,912 Thread 0x00007f25444b1000 Uncommon trap: reason=class_check action=maybe_recompile pc=0x00007f2533ad2e1c method=java.lang.String.equals(Ljava/lang/Object;)Z @ 8
Event: 0,912 Thread 0x00007f25444b1000 Uncommon trap: reason=class_check action=maybe_recompile pc=0x00007f2533ad2e1c method=java.lang.String.equals(Ljava/lang/Object;)Z @ 8
Event: 0,912 Thread 0x00007f25444b1000 Uncommon trap: reason=class_check action=maybe_recompile pc=0x00007f2533ad2e1c method=java.lang.String.equals(Ljava/lang/Object;)Z @ 8
Event: 0,913 Thread 0x00007f25444b1000 Uncommon trap: reason=class_check action=maybe_recompile pc=0x00007f2533ad2e1c method=java.lang.String.equals(Ljava/lang/Object;)Z @ 8

Internal exceptions (10 events):
Event: 0,142 Thread 0x00007f254400d800 Exception <a 'java/security/PrivilegedActionException'> (0x000000076d9cf380) thrown at [/HUDSON3/workspace/8-2-build-linux-amd64/jdk8u121/8372/hotspot/src/share/vm/prims/jvm.cpp, line 1390]
Event: 0,142 Thread 0x00007f254400d800 Exception <a 'java/security/PrivilegedActionException'> (0x000000076d9cf590) thrown at [/HUDSON3/workspace/8-2-build-linux-amd64/jdk8u121/8372/hotspot/src/share/vm/prims/jvm.cpp, line 1390]
Event: 0,142 Thread 0x00007f254400d800 Exception <a 'java/lang/NullPointerException'> (0x000000076d9d0c88) thrown at [/HUDSON3/workspace/8-2-build-linux-amd64/jdk8u121/8372/hotspot/src/share/vm/interpreter/linkResolver.cpp, line 1178]
Event: 0,157 Thread 0x00007f254400d800 Implicit null exception at 0x00007f2533a591d5 to 0x00007f2533a593bd
Event: 0,411 Thread 0x00007f25444b1000 Exception <a 'java/lang/NullPointerException'> (0x000000076e877408) thrown at [/HUDSON3/workspace/8-2-build-linux-amd64/jdk8u121/8372/hotspot/src/share/vm/interpreter/linkResolver.cpp, line 1178]
Event: 0,411 Thread 0x00007f25444b1000 Exception <a 'java/lang/NullPointerException'> (0x000000076e877408) thrown at [/HUDSON3/workspace/8-2-build-linux-amd64/jdk8u121/8372/hotspot/src/share/vm/prims/jvm.cpp, line 1394]
Event: 0,487 Thread 0x00007f25444b1000 Exception <a 'java/lang/ArrayIndexOutOfBoundsException': 58> (0x000000076eda02e8) thrown at [/HUDSON3/workspace/8-2-build-linux-amd64/jdk8u121/8372/hotspot/src/share/vm/interpreter/interpreterRuntime.cpp, line 366]
Event: 0,487 Thread 0x00007f25444b1000 Exception <a 'java/lang/ArrayIndexOutOfBoundsException': 18> (0x000000076eda5168) thrown at [/HUDSON3/workspace/8-2-build-linux-amd64/jdk8u121/8372/hotspot/src/share/vm/interpreter/interpreterRuntime.cpp, line 366]
Event: 0,488 Thread 0x00007f25444b1000 Exception <a 'java/lang/ArrayIndexOutOfBoundsException': 86> (0x000000076eda7010) thrown at [/HUDSON3/workspace/8-2-build-linux-amd64/jdk8u121/8372/hotspot/src/share/vm/interpreter/interpreterRuntime.cpp, line 366]
Event: 0,543 Thread 0x00007f25444b1000 Exception <a 'java/lang/ArrayIndexOutOfBoundsException'> (0x000000076ef675c0) thrown at [/HUDSON3/workspace/8-2-build-linux-amd64/jdk8u121/8372/hotspot/src/share/vm/runtime/sharedRuntime.cpp, line 605]

Events (10 events):
Event: 0,989 loading class javafx/scene/text/Text$StyleableProperties$7
Event: 0,989 loading class javafx/scene/text/Text$StyleableProperties$7 done
Event: 0,989 loading class javafx/scene/text/Text$StyleableProperties$8
Event: 0,989 loading class javafx/scene/text/Text$StyleableProperties$8 done
Event: 0,990 loading class javafx/scene/text/FontSmoothingType
Event: 0,990 loading class javafx/scene/text/FontSmoothingType done
Event: 0,990 loading class javafx/beans/property/ObjectPropertyBase$Listener
Event: 0,990 loading class javafx/beans/property/ObjectPropertyBase$Listener done
Event: 1,000 loading class com/sun/javafx/font/PrismFontFactory$TTFilter
Event: 1,000 loading class com/sun/javafx/font/PrismFontFactory$TTFilter done


Dynamic libraries:
00400000-00401000 r-xp 00000000 103:02 16780315                          /usr/lib/jvm/oracle-java8-jdk-amd64/bin/java
00600000-00601000 rw-p 00000000 103:02 16780315                          /usr/lib/jvm/oracle-java8-jdk-amd64/bin/java
019ce000-019ef000 rw-p 00000000 00:00 0                                  [heap]
40994000-40996000 r-xs 00000000 103:02 12982915                          /tmp/.glpGMvKh (deleted)
410d8000-41179000 rw-p 00000000 00:00 0 
6c7a00000-6d2100000 rw-p 00000000 00:00 0 
6d2100000-76d380000 ---p 00000000 00:00 0 
76d380000-776580000 rw-p 00000000 00:00 0 
776580000-7c0000000 ---p 00000000 00:00 0 
7c0000000-7c0220000 rw-p 00000000 00:00 0 
7c0220000-800000000 ---p 00000000 00:00 0 
7f24bbc00000-7f24bbc40000 rw-p 00000000 00:00 0 
7f24bbc40000-7f24bbe00000 ---p 00000000 00:00 0 
7f24bbe00000-7f24bc000000 rw-p 00000000 00:00 0 
7f24bc000000-7f24bc363000 rw-p 00000000 00:00 0 
7f24bc363000-7f24c0000000 ---p 00000000 00:00 0 
7f24c0000000-7f24c0021000 rw-p 00000000 00:00 0 
7f24c0021000-7f24c4000000 ---p 00000000 00:00 0 
7f24c4000000-7f24c4021000 rw-p 00000000 00:00 0 
7f24c4021000-7f24c8000000 ---p 00000000 00:00 0 
7f24c813a000-7f24c813f000 r--s 00084000 103:02 16780398                  /usr/lib/jvm/oracle-java8-jdk-amd64/jre/lib/jfr.jar
7f24c813f000-7f24c814a000 r--s 00000000 103:02 28191577                  /var/cache/fontconfig/945677eb7aeaf62f1d50efc3fb3ec7d8-le64.cache-7
7f24c814a000-7f24c814f000 r--s 00000000 103:02 28192126                  /var/cache/fontconfig/2300eef321c393bfd76478a5c0e95b23-le64.cache-7
7f24c814f000-7f24c8150000 r--s 00000000 103:02 28192125                  /var/cache/fontconfig/0d8c3b2ac0904cb8a57a757ad11a4a08-le64.cache-7
7f24c8150000-7f24c8154000 r--s 00000000 103:02 28192124                  /var/cache/fontconfig/de156ccd2eddbdc19d37a45b8b2aac9c-le64.cache-7
7f24c8154000-7f24c8169000 r--s 00000000 103:02 28192114                  /var/cache/fontconfig/04aabc0a78ac019cf9454389977116d2-le64.cache-7
7f24c8169000-7f24c816a000 r--s 00000000 103:02 28192087                  /var/cache/fontconfig/1ac9eb803944fde146138c791f5cc56a-le64.cache-7
7f24c816a000-7f24c816b000 r--s 00000000 103:02 28192086                  /var/cache/fontconfig/dc05db6664285cc2f12bf69c139ae4c3-le64.cache-7
7f24c816b000-7f24c816d000 r--s 00000000 103:02 28191939                  /var/cache/fontconfig/14a5e22175779b556eaa434240950366-le64.cache-7
7f24c816d000-7f24c816e000 r--s 00000000 103:02 28191938                  /var/cache/fontconfig/660208299946a285a940457d1287da33-le64.cache-7
7f24c816e000-7f24c8170000 r--s 00000000 103:02 28191937                  /var/cache/fontconfig/4f3e3037c9980c83b53a9351efadef62-le64.cache-7
7f24c8170000-7f24c8172000 r--s 00000000 103:02 28191936                  /var/cache/fontconfig/767a8244fc0220cfb567a839d0392e0b-le64.cache-7
7f24c8172000-7f24c8173000 r--s 00000000 103:02 28183773                  /var/cache/fontconfig/4794a0821666d79190d59a36cb4f44b5-le64.cache-7
7f24c8173000-7f24c8175000 r--s 00000000 103:02 28191934                  /var/cache/fontconfig/0bd3dc0958fa2205aaaa8ebb13e2872b-le64.cache-7
7f24c8175000-7f24c81b0000 r--s 00000000 103:02 28194130                  /var/cache/fontconfig/365b55f210c0a22e9a19e35191240f32-le64.cache-7
7f24c81b0000-7f24c81b5000 r--s 00000000 103:02 28191923                  /var/cache/fontconfig/def309198bfa603429122923fa2bb2d4-le64.cache-7
7f24c81b5000-7f24c81b6000 r--s 00000000 103:02 28191890                  /var/cache/fontconfig/b872e6e592da6075ffa4ab0a1fcc0c75-le64.cache-7
7f24c81b6000-7f24c81b7000 r--s 00000000 103:02 28191880                  /var/cache/fontconfig/f6d4eedfaab2589bde49f7a3ff831d22-le64.cache-7
7f24c81b7000-7f24c81b8000 r--s 00000000 103:02 28191879                  /var/cache/fontconfig/589f83ef4c36d296ce6e1c846f468f08-le64.cache-7
7f24c81b8000-7f24c81b9000 r--s 00000000 103:02 28191874                  /var/cache/fontconfig/bab58bb527bb656aaa9f116d68a48d89-le64.cache-7
7f24c81b9000-7f24c81ba000 r--s 00000000 103:02 28191873                  /var/cache/fontconfig/2171a34dccabdb6bcbbc728186263178-le64.cache-7
7f24c81ba000-7f24c81bb000 r--s 00000000 103:02 28191868                  /var/cache/fontconfig/c5c45a61289222e0d30b1a26ef4effbe-le64.cache-7
7f24c81bb000-7f24c81bc000 r--s 00000000 103:02 28191867                  /var/cache/fontconfig/aec30016f93e1b46d1a973dce0d74068-le64.cache-7
7f24c81bc000-7f24c81bd000 r--s 00000000 103:02 28191861                  /var/cache/fontconfig/3f589640d34b7dc9042c8d453f7c8b9c-le64.cache-7
7f24c81bd000-7f24c81be000 r--s 00000000 103:02 28191860                  /var/cache/fontconfig/16c2fda60d1b4b719f4b3d06fd951d25-le64.cache-7
7f24c81be000-7f24c81bf000 r--s 00000000 103:02 28191858                  /var/cache/fontconfig/a48eab177a16e4f3713381162db2f3e9-le64.cache-7
7f24c81bf000-7f24c81c0000 r--s 00000000 103:02 28191834                  /var/cache/fontconfig/564b2e68ac9bc4e36a6f7f6d6125ec1c-le64.cache-7
7f24c81c0000-7f24c81c5000 r--s 00000000 103:02 28191806                  /var/cache/fontconfig/9d2451b1fd30e5bffe8383fd27c35478-le64.cache-7
7f24c81c5000-7f24c81cb000 r--s 00000000 103:02 28191805                  /var/cache/fontconfig/3047814df9a2f067bd2d96a2b9c36e5a-le64.cache-7
7f24c81cb000-7f24c81d3000 r--s 00000000 103:02 28191804                  /var/cache/fontconfig/bf3b770c553c462765856025a94f1ce6-le64.cache-7
7f24c81d3000-7f24c81d4000 r--s 00000000 103:02 28191803                  /var/cache/fontconfig/56cf4f4769d0f4abc89a4895d7bd3ae1-le64.cache-7
7f24c81d4000-7f24c81d5000 r--s 00000000 103:02 28191801                  /var/cache/fontconfig/b9d506c9ac06c20b433354fa67a72993-le64.cache-7
7f24c81d5000-7f24c81db000 r--s 00000000 103:02 28191800                  /var/cache/fontconfig/b47c4e1ecd0709278f4910c18777a504-le64.cache-7
7f24c81db000-7f24c81de000 r--s 00000000 103:02 28191799                  /var/cache/fontconfig/e49e89034d371f0f9de17aab02136486-le64.cache-7
7f24c81de000-7f24c81e0000 r--s 00000000 103:02 28191798                  /var/cache/fontconfig/4b14b093aebc79c320de5e86ae1d3314-le64.cache-7
7f24c81e0000-7f24c81f3000 r--s 00000000 103:02 28191796                  /var/cache/fontconfig/d52a8644073d54c13679302ca1180695-le64.cache-7
7f24c81f3000-7f24c81f4000 r--s 00000000 103:02 28191791                  /var/cache/fontconfig/370e5b74bf5dafc30834de68e24a87a4-le64.cache-7
7f24c81f4000-7f24c81f5000 r--s 00000000 103:02 28191785                  /var/cache/fontconfig/6b2c5944714ca7831b25bed9e85cb5c8-le64.cache-7
7f24c81f5000-7f24c81f6000 r--s 00000000 103:02 28191774                  /var/cache/fontconfig/d5178ab6d91b49bf20a416737dcea9e8-le64.cache-7
7f24c81f6000-7f24c81f7000 r--s 00000000 103:02 28191770                  /var/cache/fontconfig/551ecf3b0e8b0bca0f25c0944f561853-le64.cache-7
7f24c81f7000-7f24c81fa000 r--s 00000000 103:02 28191763                  /var/cache/fontconfig/f259c2cffa685e28062317905db73c4a-le64.cache-7
7f24c81fa000-7f24c81fc000 r--s 00000000 103:02 28191762                  /var/cache/fontconfig/550f3886151c940c12a5ed35f6a00586-le64.cache-7
7f24c81fc000-7f24c81ff000 r--s 00000000 103:02 28191760                  /var/cache/fontconfig/674d1711f2d1d2a09646eb0bdcadee49-le64.cache-7
7f24c81ff000-7f24c8200000 r--s 00000000 103:02 28191758                  /var/cache/fontconfig/3f7329c5293ffd510edef78f73874cfd-le64.cache-7
7f24c8200000-7f24c820c000 r--s 00000000 103:02 28191757                  /var/cache/fontconfig/d589a48862398ed80a3d6066f4f56f4c-le64.cache-7
7f24c820c000-7f24c8210000 r--s 00000000 103:02 28191727                  /var/cache/fontconfig/246184dc75a16901ca37d96895904249-le64.cache-7
7f24c8210000-7f24c8211000 r--s 00000000 103:02 28191720                  /var/cache/fontconfig/0c9eb80ebd1c36541ebe2852d3bb0c49-le64.cache-7
7f24c8211000-7f24c8212000 r--s 00000000 103:02 28191719                  /var/cache/fontconfig/22368d551a680bfe5a62c02760edf4ea-le64.cache-7
7f24c8212000-7f24c8213000 r--s 00000000 103:02 28191717                  /var/cache/fontconfig/4d9c95eba1cb85bbcf2878543262124a-le64.cache-7
7f24c8213000-7f24c8214000 r--s 00000000 103:02 28191712                  /var/cache/fontconfig/85e0a52ce643a7ba2ae53e5d6949cead-le64.cache-7
7f24c8214000-7f24c8215000 r--s 00000000 103:02 28191677                  /var/cache/fontconfig/49f0de54bdd920fe4f0dfd4cbac43e6b-le64.cache-7
7f24c8215000-7f24c8216000 r--s 00000000 103:02 28191673                  /var/cache/fontconfig/f6e6e0a5c3d2f6ae0c0c2e0ecd42a997-le64.cache-7
7f24c8216000-7f24c8224000 r--s 00000000 103:02 28191665                  /var/cache/fontconfig/9b89f8e3dae116d678bbf48e5f21f69b-le64.cache-7
7f24c8224000-7f24c8226000 r--s 00000000 103:02 28191662                  /var/cache/fontconfig/6afa1bb216ce958c1589e297e8008489-le64.cache-7
7f24c8226000-7f24c8239000 r--s 00000000 103:02 28191627                  /var/cache/fontconfig/4ac51e5cfbc76fc3f983e470323a16d3-le64.cache-7
7f24c8239000-7f24c823e000 r-xp 00000000 103:02 17044692                  /usr/lib/jvm/oracle-java8-jdk-amd64/jre/lib/amd64/libjavafx_font_freetype.so
7f24c823e000-7f24c843d000 ---p 00005000 103:02 17044692                  /usr/lib/jvm/oracle-java8-jdk-amd64/jre/lib/amd64/libjavafx_font_freetype.so
7f24c843d000-7f24c843e000 rw-p 00004000 103:02 17044692                  /usr/lib/jvm/oracle-java8-jdk-amd64/jre/lib/amd64/libjavafx_font_freetype.so
7f24c843e000-7f24c8441000 r-xp 00000000 103:02 17044719                  /usr/lib/jvm/oracle-java8-jdk-amd64/jre/lib/amd64/libjavafx_font.so
7f24c8441000-7f24c8640000 ---p 00003000 103:02 17044719                  /usr/lib/jvm/oracle-java8-jdk-amd64/jre/lib/amd64/libjavafx_font.so
7f24c8640000-7f24c8641000 rw-p 00002000 103:02 17044719                  /usr/lib/jvm/oracle-java8-jdk-amd64/jre/lib/amd64/libjavafx_font.so
7f24c8641000-7f24c8841000 rw-p 00000000 00:00 0 
7f24c8841000-7f24c8844000 ---p 00000000 00:00 0 
7f24c8844000-7f24c8942000 rw-p 00000000 00:00 0 
7f24c8942000-7f24c8945000 ---p 00000000 00:00 0 
7f24c8945000-7f24c8a43000 rw-p 00000000 00:00 0 
7f24c8a43000-7f24c8a46000 ---p 00000000 00:00 0 
7f24c8a46000-7f24c8b44000 rw-p 00000000 00:00 0 
7f24c8b44000-7f24c8b7e000 r-xp 00000000 103:02 18354461                  /usr/lib/x86_64-linux-gnu/gtk-2.0/2.10.0/engines/libmurrine.so
7f24c8b7e000-7f24c8d7e000 ---p 0003a000 103:02 18354461                  /usr/lib/x86_64-linux-gnu/gtk-2.0/2.10.0/engines/libmurrine.so
7f24c8d7e000-7f24c8d7f000 r--p 0003a000 103:02 18354461                  /usr/lib/x86_64-linux-gnu/gtk-2.0/2.10.0/engines/libmurrine.so
7f24c8d7f000-7f24c8d80000 rw-p 0003b000 103:02 18354461                  /usr/lib/x86_64-linux-gnu/gtk-2.0/2.10.0/engines/libmurrine.so
7f24c8d80000-7f24c8da9000 r-xp 00000000 103:02 17044704                  /usr/lib/jvm/oracle-java8-jdk-amd64/jre/lib/amd64/libglass.so
7f24c8da9000-7f24c8fa8000 ---p 00029000 103:02 17044704                  /usr/lib/jvm/oracle-java8-jdk-amd64/jre/lib/amd64/libglass.so
7f24c8fa8000-7f24c8fab000 rw-p 00028000 103:02 17044704                  /usr/lib/jvm/oracle-java8-jdk-amd64/jre/lib/amd64/libglass.so
7f24c8fab000-7f24c902b000 rw-s 00000000 00:06 451                        /dev/nvidiactl
7f24c902b000-7f24c90ab000 rw-s 00000000 00:06 451                        /dev/nvidiactl
7f24c90ab000-7f24c91ab000 rw-s 00000000 00:06 451                        /dev/nvidiactl
7f24c91ab000-7f24ca5ca000 r-xp 00000000 103:02 14693967                  /usr/lib/x86_64-linux-gnu/libnvidia-glcore.so.390.87
7f24ca5ca000-7f24ca5eb000 rwxp 0141f000 103:02 14693967                  /usr/lib/x86_64-linux-gnu/libnvidia-glcore.so.390.87
7f24ca5eb000-7f24caa27000 r-xp 01440000 103:02 14693967                  /usr/lib/x86_64-linux-gnu/libnvidia-glcore.so.390.87
7f24caa27000-7f24cac26000 ---p 0187c000 103:02 14693967                  /usr/lib/x86_64-linux-gnu/libnvidia-glcore.so.390.87
7f24cac26000-7f24caf99000 rw-p 0187b000 103:02 14693967                  /usr/lib/x86_64-linux-gnu/libnvidia-glcore.so.390.87
7f24caf99000-7f24cafb3000 rw-p 00000000 00:00 0 
7f24cafb3000-7f24cafb6000 r-xp 00000000 103:02 14947568                  /usr/lib/x86_64-linux-gnu/tls/libnvidia-tls.so.390.87
7f24cafb6000-7f24cb1b6000 ---p 00003000 103:02 14947568                  /usr/lib/x86_64-linux-gnu/tls/libnvidia-tls.so.390.87
7f24cb1b6000-7f24cb1b7000 rw-p 00003000 103:02 14947568                  /usr/lib/x86_64-linux-gnu/tls/libnvidia-tls.so.390.87
7f24cb1b7000-7f24cb280000 r-xp 00000000 103:02 14693964                  /usr/lib/x86_64-linux-gnu/libGLX_nvidia.so.390.87
7f24cb280000-7f24cb2b4000 rwxp 000c9000 103:02 14693964                  /usr/lib/x86_64-linux-gnu/libGLX_nvidia.so.390.87
7f24cb2b4000-7f24cb2c8000 r-xp 000fd000 103:02 14693964                  /usr/lib/x86_64-linux-gnu/libGLX_nvidia.so.390.87
7f24cb2c8000-7f24cb4c8000 ---p 00111000 103:02 14693964                  /usr/lib/x86_64-linux-gnu/libGLX_nvidia.so.390.87
7f24cb4c8000-7f24cb4ed000 rw-p 00111000 103:02 14693964                  /usr/lib/x86_64-linux-gnu/libGLX_nvidia.so.390.87
7f24cb4ed000-7f24cb4f4000 rw-p 00000000 00:00 0 
7f24cb4f4000-7f24cb4fa000 r-xp 00000000 103:02 30015535                  /lib/x86_64-linux-gnu/libuuid.so.1.3.0
7f24cb4fa000-7f24cb6f9000 ---p 00006000 103:02 30015535                  /lib/x86_64-linux-gnu/libuuid.so.1.3.0
7f24cb6f9000-7f24cb6fa000 r--p 00005000 103:02 30015535                  /lib/x86_64-linux-gnu/libuuid.so.1.3.0
7f24cb6fa000-7f24cb6fb000 rw-p 00006000 103:02 30015535                  /lib/x86_64-linux-gnu/libuuid.so.1.3.0
7f24cb6fb000-7f24cb701000 r-xp 00000000 103:02 14688183                  /usr/lib/x86_64-linux-gnu/libdatrie.so.1.3.3
7f24cb701000-7f24cb900000 ---p 00006000 103:02 14688183                  /usr/lib/x86_64-linux-gnu/libdatrie.so.1.3.3
7f24cb900000-7f24cb901000 r--p 00005000 103:02 14688183                  /usr/lib/x86_64-linux-gnu/libdatrie.so.1.3.3
7f24cb901000-7f24cb902000 rw-p 00006000 103:02 14688183                  /usr/lib/x86_64-linux-gnu/libdatrie.so.1.3.3
7f24cb902000-7f24cb907000 r-xp 00000000 103:02 14683801                  /usr/lib/x86_64-linux-gnu/libXdmcp.so.6.0.0
7f24cb907000-7f24cbb06000 ---p 00005000 103:02 14683801                  /usr/lib/x86_64-linux-gnu/libXdmcp.so.6.0.0
7f24cbb06000-7f24cbb07000 r--p 00004000 103:02 14683801                  /usr/lib/x86_64-linux-gnu/libXdmcp.so.6.0.0
7f24cbb07000-7f24cbb08000 rw-p 00005000 103:02 14683801                  /usr/lib/x86_64-linux-gnu/libXdmcp.so.6.0.0
7f24cbb08000-7f24cbb0a000 r-xp 00000000 103:02 14683399                  /usr/lib/x86_64-linux-gnu/libXau.so.6.0.0
7f24cbb0a000-7f24cbd0a000 ---p 00002000 103:02 14683399                  /usr/lib/x86_64-linux-gnu/libXau.so.6.0.0
7f24cbd0a000-7f24cbd0b000 r--p 00002000 103:02 14683399                  /usr/lib/x86_64-linux-gnu/libXau.so.6.0.0
7f24cbd0b000-7f24cbd0c000 rw-p 00003000 103:02 14683399                  /usr/lib/x86_64-linux-gnu/libXau.so.6.0.0
7f24cbd0c000-7f24cbd37000 r-xp 00000000 103:02 14688189                  /usr/lib/x86_64-linux-gnu/libgraphite2.so.3.0.1
7f24cbd37000-7f24cbf36000 ---p 0002b000 103:02 14688189                  /usr/lib/x86_64-linux-gnu/libgraphite2.so.3.0.1
7f24cbf36000-7f24cbf38000 r--p 0002a000 103:02 14688189                  /usr/lib/x86_64-linux-gnu/libgraphite2.so.3.0.1
7f24cbf38000-7f24cbf39000 rw-p 0002c000 103:02 14688189                  /usr/lib/x86_64-linux-gnu/libgraphite2.so.3.0.1
7f24cbf39000-7f24cbf80000 r-xp 00000000 103:02 30015507                  /lib/x86_64-linux-gnu/libblkid.so.1.1.0
7f24cbf80000-7f24cc180000 ---p 00047000 103:02 30015507                  /lib/x86_64-linux-gnu/libblkid.so.1.1.0
7f24cc180000-7f24cc184000 r--p 00047000 103:02 30015507                  /lib/x86_64-linux-gnu/libblkid.so.1.1.0
7f24cc184000-7f24cc185000 rw-p 0004b000 103:02 30015507                  /lib/x86_64-linux-gnu/libblkid.so.1.1.0
7f24cc185000-7f24cc186000 rw-p 00000000 00:00 0 
7f24cc186000-7f24cc1c8000 r-xp 00000000 103:02 14688309                  /usr/lib/x86_64-linux-gnu/libGLdispatch.so.0.0.0
7f24cc1c8000-7f24cc1e1000 r-xp 00042000 103:02 14688309                  /usr/lib/x86_64-linux-gnu/libGLdispatch.so.0.0.0
7f24cc1e1000-7f24cc1f4000 r-xp 0005b000 103:02 14688309                  /usr/lib/x86_64-linux-gnu/libGLdispatch.so.0.0.0
7f24cc1f4000-7f24cc3f3000 ---p 0006e000 103:02 14688309                  /usr/lib/x86_64-linux-gnu/libGLdispatch.so.0.0.0
7f24cc3f3000-7f24cc41b000 r--p 0006d000 103:02 14688309                  /usr/lib/x86_64-linux-gnu/libGLdispatch.so.0.0.0
7f24cc41b000-7f24cc41c000 rw-p 00095000 103:02 14688309                  /usr/lib/x86_64-linux-gnu/libGLdispatch.so.0.0.0
7f24cc41c000-7f24cc43c000 rw-p 00000000 00:00 0 
7f24cc43c000-7f24cc44c000 r-xp 00000000 103:02 14688707                  /usr/lib/x86_64-linux-gnu/libGLX.so.0.0.0
7f24cc44c000-7f24cc64b000 ---p 00010000 103:02 14688707                  /usr/lib/x86_64-linux-gnu/libGLX.so.0.0.0
7f24cc64b000-7f24cc64c000 r--p 0000f000 103:02 14688707                  /usr/lib/x86_64-linux-gnu/libGLX.so.0.0.0
7f24cc64c000-7f24cc64d000 rw-p 00010000 103:02 14688707                  /usr/lib/x86_64-linux-gnu/libGLX.so.0.0.0
7f24cc64d000-7f24cc66d000 rw-p 00000000 00:00 0 
7f24cc66d000-7f24cc6de000 r-xp 00000000 103:02 30015921                  /lib/x86_64-linux-gnu/libpcre.so.3.13.3
7f24cc6de000-7f24cc8dd000 ---p 00071000 103:02 30015921                  /lib/x86_64-linux-gnu/libpcre.so.3.13.3
7f24cc8dd000-7f24cc8de000 r--p 00070000 103:02 30015921                  /lib/x86_64-linux-gnu/libpcre.so.3.13.3
7f24cc8de000-7f24cc8df000 rw-p 00071000 103:02 30015921                  /lib/x86_64-linux-gnu/libpcre.so.3.13.3
7f24cc8df000-7f24cc8e6000 r-xp 00000000 103:02 14684850                  /usr/lib/x86_64-linux-gnu/libffi.so.6.0.4
7f24cc8e6000-7f24ccae5000 ---p 00007000 103:02 14684850                  /usr/lib/x86_64-linux-gnu/libffi.so.6.0.4
7f24ccae5000-7f24ccae6000 r--p 00006000 103:02 14684850                  /usr/lib/x86_64-linux-gnu/libffi.so.6.0.4
7f24ccae6000-7f24ccae7000 rw-p 00007000 103:02 14684850                  /usr/lib/x86_64-linux-gnu/libffi.so.6.0.4
7f24ccae7000-7f24ccb16000 r-xp 00000000 103:02 30015492                  /lib/x86_64-linux-gnu/libexpat.so.1.6.7
7f24ccb16000-7f24ccd16000 ---p 0002f000 103:02 30015492                  /lib/x86_64-linux-gnu/libexpat.so.1.6.7
7f24ccd16000-7f24ccd18000 r--p 0002f000 103:02 30015492                  /lib/x86_64-linux-gnu/libexpat.so.1.6.7
7f24ccd18000-7f24ccd19000 rw-p 00031000 103:02 30015492                  /lib/x86_64-linux-gnu/libexpat.so.1.6.7
7f24ccd19000-7f24ccd21000 r-xp 00000000 103:02 14688185                  /usr/lib/x86_64-linux-gnu/libthai.so.0.3.0
7f24ccd21000-7f24ccf20000 ---p 00008000 103:02 14688185                  /usr/lib/x86_64-linux-gnu/libthai.so.0.3.0
7f24ccf20000-7f24ccf21000 r--p 00007000 103:02 14688185                  /usr/lib/x86_64-linux-gnu/libthai.so.0.3.0
7f24ccf21000-7f24ccf22000 rw-p 00008000 103:02 14688185                  /usr/lib/x86_64-linux-gnu/libthai.so.0.3.0
7f24ccf22000-7f24ccf2e000 r-xp 00000000 103:02 14688138                  /usr/lib/x86_64-linux-gnu/libxcb-render.so.0.0.0
7f24ccf2e000-7f24cd12d000 ---p 0000c000 103:02 14688138                  /usr/lib/x86_64-linux-gnu/libxcb-render.so.0.0.0
7f24cd12d000-7f24cd12e000 r--p 0000b000 103:02 14688138                  /usr/lib/x86_64-linux-gnu/libxcb-render.so.0.0.0
7f24cd12e000-7f24cd12f000 rw-p 0000c000 103:02 14688138                  /usr/lib/x86_64-linux-gnu/libxcb-render.so.0.0.0
7f24cd12f000-7f24cd155000 r-xp 00000000 103:02 14683810                  /usr/lib/x86_64-linux-gnu/libxcb.so.1.1.0
7f24cd155000-7f24cd355000 ---p 00026000 103:02 14683810                  /usr/lib/x86_64-linux-gnu/libxcb.so.1.1.0
7f24cd355000-7f24cd356000 r--p 00026000 103:02 14683810                  /usr/lib/x86_64-linux-gnu/libxcb.so.1.1.0
7f24cd356000-7f24cd357000 rw-p 00027000 103:02 14683810                  /usr/lib/x86_64-linux-gnu/libxcb.so.1.1.0
7f24cd357000-7f24cd359000 r-xp 00000000 103:02 14688140                  /usr/lib/x86_64-linux-gnu/libxcb-shm.so.0.0.0
7f24cd359000-7f24cd558000 ---p 00002000 103:02 14688140                  /usr/lib/x86_64-linux-gnu/libxcb-shm.so.0.0.0
7f24cd558000-7f24cd559000 r--p 00001000 103:02 14688140                  /usr/lib/x86_64-linux-gnu/libxcb-shm.so.0.0.0
7f24cd559000-7f24cd55a000 rw-p 00002000 103:02 14688140                  /usr/lib/x86_64-linux-gnu/libxcb-shm.so.0.0.0
7f24cd55a000-7f24cd58b000 r-xp 00000000 103:02 14687434                  /usr/lib/x86_64-linux-gnu/libpng16.so.16.34.0
7f24cd58b000-7f24cd78a000 ---p 00031000 103:02 14687434                  /usr/lib/x86_64-linux-gnu/libpng16.so.16.34.0
7f24cd78a000-7f24cd78b000 r--p 00030000 103:02 14687434                  /usr/lib/x86_64-linux-gnu/libpng16.so.16.34.0
7f24cd78b000-7f24cd78c000 rw-p 00031000 103:02 14687434                  /usr/lib/x86_64-linux-gnu/libpng16.so.16.34.0
7f24cd78c000-7f24cd829000 r-xp 00000000 103:02 14688135                  /usr/lib/x86_64-linux-gnu/libpixman-1.so.0.34.0
7f24cd829000-7f24cda28000 ---p 0009d000 103:02 14688135                  /usr/lib/x86_64-linux-gnu/libpixman-1.so.0.34.0
7f24cda28000-7f24cda30000 r--p 0009c000 103:02 14688135                  /usr/lib/x86_64-linux-gnu/libpixman-1.so.0.34.0
7f24cda30000-7f24cda31000 rw-p 000a4000 103:02 14688135                  /usr/lib/x86_64-linux-gnu/libpixman-1.so.0.34.0
7f24cda31000-7f24cdacd000 r-xp 00000000 103:02 14688192                  /usr/lib/x86_64-linux-gnu/libharfbuzz.so.0.10702.0
7f24cdacd000-7f24cdccd000 ---p 0009c000 103:02 14688192                  /usr/lib/x86_64-linux-gnu/libharfbuzz.so.0.10702.0
7f24cdccd000-7f24cdcce000 r--p 0009c000 103:02 14688192                  /usr/lib/x86_64-linux-gnu/libharfbuzz.so.0.10702.0
7f24cdcce000-7f24cdccf000 rw-p 0009d000 103:02 14688192                  /usr/lib/x86_64-linux-gnu/libharfbuzz.so.0.10702.0
7f24cdccf000-7f24cdd20000 r-xp 00000000 103:02 30015499                  /lib/x86_64-linux-gnu/libmount.so.1.1.0
7f24cdd20000-7f24cdf1f000 ---p 00051000 103:02 30015499                  /lib/x86_64-linux-gnu/libmount.so.1.1.0
7f24cdf1f000-7f24cdf21000 r--p 00050000 103:02 30015499                  /lib/x86_64-linux-gnu/libmount.so.1.1.0
7f24cdf21000-7f24cdf22000 rw-p 00052000 103:02 30015499                  /lib/x86_64-linux-gnu/libmount.so.1.1.0
7f24cdf22000-7f24cdf23000 rw-p 00000000 00:00 0 
7f24cdf23000-7f24cdf3a000 r-xp 00000000 103:02 30015528                  /lib/x86_64-linux-gnu/libresolv-2.27.so
7f24cdf3a000-7f24ce13a000 ---p 00017000 103:02 30015528                  /lib/x86_64-linux-gnu/libresolv-2.27.so
7f24ce13a000-7f24ce13b000 r--p 00017000 103:02 30015528                  /lib/x86_64-linux-gnu/libresolv-2.27.so
7f24ce13b000-7f24ce13c000 rw-p 00018000 103:02 30015528                  /lib/x86_64-linux-gnu/libresolv-2.27.so
7f24ce13c000-7f24ce13e000 rw-p 00000000 00:00 0 
7f24ce13e000-7f24ce163000 r-xp 00000000 103:02 30015585                  /lib/x86_64-linux-gnu/libselinux.so.1
7f24ce163000-7f24ce362000 ---p 00025000 103:02 30015585                  /lib/x86_64-linux-gnu/libselinux.so.1
7f24ce362000-7f24ce363000 r--p 00024000 103:02 30015585                  /lib/x86_64-linux-gnu/libselinux.so.1
7f24ce363000-7f24ce364000 rw-p 00025000 103:02 30015585                  /lib/x86_64-linux-gnu/libselinux.so.1
7f24ce364000-7f24ce366000 rw-p 00000000 00:00 0 
7f24ce366000-7f24ce382000 r-xp 00000000 103:02 30015655                  /lib/x86_64-linux-gnu/libz.so.1.2.11
7f24ce382000-7f24ce581000 ---p 0001c000 103:02 30015655                  /lib/x86_64-linux-gnu/libz.so.1.2.11
7f24ce581000-7f24ce582000 r--p 0001b000 103:02 30015655                  /lib/x86_64-linux-gnu/libz.so.1.2.11
7f24ce582000-7f24ce583000 rw-p 0001c000 103:02 30015655                  /lib/x86_64-linux-gnu/libz.so.1.2.11
7f24ce583000-7f24ce594000 r-xp 00000000 103:02 14683820                  /usr/lib/x86_64-linux-gnu/libXext.so.6.4.0
7f24ce594000-7f24ce793000 ---p 00011000 103:02 14683820                  /usr/lib/x86_64-linux-gnu/libXext.so.6.4.0
7f24ce793000-7f24ce794000 r--p 00010000 103:02 14683820                  /usr/lib/x86_64-linux-gnu/libXext.so.6.4.0
7f24ce794000-7f24ce795000 rw-p 00011000 103:02 14683820                  /usr/lib/x86_64-linux-gnu/libXext.so.6.4.0
7f24ce795000-7f24ce797000 r-xp 00000000 103:02 14688204                  /usr/lib/x86_64-linux-gnu/libXdamage.so.1.1.0
7f24ce797000-7f24ce996000 ---p 00002000 103:02 14688204                  /usr/lib/x86_64-linux-gnu/libXdamage.so.1.1.0
7f24ce996000-7f24ce997000 r--p 00001000 103:02 14688204                  /usr/lib/x86_64-linux-gnu/libXdamage.so.1.1.0
7f24ce997000-7f24ce998000 rw-p 00002000 103:02 14688204                  /usr/lib/x86_64-linux-gnu/libXdamage.so.1.1.0
7f24ce998000-7f24ce99a000 r-xp 00000000 103:02 14688198                  /usr/lib/x86_64-linux-gnu/libXcomposite.so.1.0.0
7f24ce99a000-7f24ceb99000 ---p 00002000 103:02 14688198                  /usr/lib/x86_64-linux-gnu/libXcomposite.so.1.0.0
7f24ceb99000-7f24ceb9a000 r--p 00001000 103:02 14688198                  /usr/lib/x86_64-linux-gnu/libXcomposite.so.1.0.0
7f24ceb9a000-7f24ceb9b000 rw-p 00002000 103:02 14688198                  /usr/lib/x86_64-linux-gnu/libXcomposite.so.1.0.0
7f24ceb9b000-7f24ceba4000 r-xp 00000000 103:02 14688202                  /usr/lib/x86_64-linux-gnu/libXcursor.so.1.0.2
7f24ceba4000-7f24ceda3000 ---p 00009000 103:02 14688202                  /usr/lib/x86_64-linux-gnu/libXcursor.so.1.0.2
7f24ceda3000-7f24ceda4000 r--p 00008000 103:02 14688202                  /usr/lib/x86_64-linux-gnu/libXcursor.so.1.0.2
7f24ceda4000-7f24ceda5000 rw-p 00009000 103:02 14688202                  /usr/lib/x86_64-linux-gnu/libXcursor.so.1.0.2
7f24ceda5000-7f24cedaf000 r-xp 00000000 103:02 14688210                  /usr/lib/x86_64-linux-gnu/libXrandr.so.2.2.0
7f24cedaf000-7f24cefae000 ---p 0000a000 103:02 14688210                  /usr/lib/x86_64-linux-gnu/libXrandr.so.2.2.0
7f24cefae000-7f24cefaf000 r--p 00009000 103:02 14688210                  /usr/lib/x86_64-linux-gnu/libXrandr.so.2.2.0
7f24cefaf000-7f24cefb0000 rw-p 0000a000 103:02 14688210                  /usr/lib/x86_64-linux-gnu/libXrandr.so.2.2.0
7f24cefb0000-7f24cefbf000 r-xp 00000000 103:02 14688206                  /usr/lib/x86_64-linux-gnu/libXi.so.6.1.0
7f24cefbf000-7f24cf1be000 ---p 0000f000 103:02 14688206                  /usr/lib/x86_64-linux-gnu/libXi.so.6.1.0
7f24cf1be000-7f24cf1bf000 r--p 0000e000 103:02 14688206                  /usr/lib/x86_64-linux-gnu/libXi.so.6.1.0
7f24cf1bf000-7f24cf1c0000 rw-p 0000f000 103:02 14688206                  /usr/lib/x86_64-linux-gnu/libXi.so.6.1.0
7f24cf1c0000-7f24cf1c2000 r-xp 00000000 103:02 14688208                  /usr/lib/x86_64-linux-gnu/libXinerama.so.1.0.0
7f24cf1c2000-7f24cf3c1000 ---p 00002000 103:02 14688208                  /usr/lib/x86_64-linux-gnu/libXinerama.so.1.0.0
7f24cf3c1000-7f24cf3c2000 r--p 00001000 103:02 14688208                  /usr/lib/x86_64-linux-gnu/libXinerama.so.1.0.0
7f24cf3c2000-7f24cf3c3000 rw-p 00002000 103:02 14688208                  /usr/lib/x86_64-linux-gnu/libXinerama.so.1.0.0
7f24cf3c3000-7f24cf3cc000 r-xp 00000000 103:02 14688142                  /usr/lib/x86_64-linux-gnu/libXrender.so.1.3.0
7f24cf3cc000-7f24cf5cb000 ---p 00009000 103:02 14688142                  /usr/lib/x86_64-linux-gnu/libXrender.so.1.3.0
7f24cf5cb000-7f24cf5cc000 r--p 00008000 103:02 14688142                  /usr/lib/x86_64-linux-gnu/libXrender.so.1.3.0
7f24cf5cc000-7f24cf5cd000 rw-p 00009000 103:02 14688142                  /usr/lib/x86_64-linux-gnu/libXrender.so.1.3.0
7f24cf5cd000-7f24cf5d2000 r-xp 00000000 103:02 14688200                  /usr/lib/x86_64-linux-gnu/libXfixes.so.3.1.0
7f24cf5d2000-7f24cf7d1000 ---p 00005000 103:02 14688200                  /usr/lib/x86_64-linux-gnu/libXfixes.so.3.1.0
7f24cf7d1000-7f24cf7d2000 r--p 00004000 103:02 14688200                  /usr/lib/x86_64-linux-gnu/libXfixes.so.3.1.0
7f24cf7d2000-7f24cf7d3000 rw-p 00005000 103:02 14688200                  /usr/lib/x86_64-linux-gnu/libXfixes.so.3.1.0
7f24cf7d3000-7f24cf7ea000 r-xp 00000000 103:02 30015842                  /lib/x86_64-linux-gnu/libgcc_s.so.1
7f24cf7ea000-7f24cf9e9000 ---p 00017000 103:02 30015842                  /lib/x86_64-linux-gnu/libgcc_s.so.1
7f24cf9e9000-7f24cf9ea000 r--p 00016000 103:02 30015842                  /lib/x86_64-linux-gnu/libgcc_s.so.1
7f24cf9ea000-7f24cf9eb000 rw-p 00017000 103:02 30015842                  /lib/x86_64-linux-gnu/libgcc_s.so.1
7f24cf9eb000-7f24cfb64000 r-xp 00000000 103:02 14680902                  /usr/lib/x86_64-linux-gnu/libstdc++.so.6.0.25
7f24cfb64000-7f24cfd64000 ---p 00179000 103:02 14680902                  /usr/lib/x86_64-linux-gnu/libstdc++.so.6.0.25
7f24cfd64000-7f24cfd6e000 r--p 00179000 103:02 14680902                  /usr/lib/x86_64-linux-gnu/libstdc++.so.6.0.25
7f24cfd6e000-7f24cfd70000 rw-p 00183000 103:02 14680902                  /usr/lib/x86_64-linux-gnu/libstdc++.so.6.0.25
7f24cfd70000-7f24cfd74000 rw-p 00000000 00:00 0 
7f24cfd74000-7f24cfdb8000 r-xp 00000000 103:02 14688709                  /usr/lib/x86_64-linux-gnu/libGL.so.1.0.0
7f24cfdb8000-7f24cfdd1000 r-xp 00044000 103:02 14688709                  /usr/lib/x86_64-linux-gnu/libGL.so.1.0.0
7f24cfdd1000-7f24cfde5000 r-xp 0005d000 103:02 14688709                  /usr/lib/x86_64-linux-gnu/libGL.so.1.0.0
7f24cfde5000-7f24cffe4000 ---p 00071000 103:02 14688709                  /usr/lib/x86_64-linux-gnu/libGL.so.1.0.0
7f24cffe4000-7f24cfffe000 r--p 00070000 103:02 14688709                  /usr/lib/x86_64-linux-gnu/libGL.so.1.0.0
7f24cfffe000-7f24cffff000 rw-p 0008a000 103:02 14688709                  /usr/lib/x86_64-linux-gnu/libGL.so.1.0.0
7f24cffff000-7f24d0000000 rw-p 00000000 00:00 0 
7f24d0000000-7f24d0021000 rw-p 00000000 00:00 0 
7f24d0021000-7f24d4000000 ---p 00000000 00:00 0 
7f24d4000000-7f24d47c9000 rw-p 00000000 00:00 0 
7f24d47c9000-7f24d8000000 ---p 00000000 00:00 0 
7f24d8000000-7f24d8021000 rw-p 00000000 00:00 0 
7f24d8021000-7f24dc000000 ---p 00000000 00:00 0 
7f24dc000000-7f24dc007000 r--s 00000000 103:02 28191628                  /var/cache/fontconfig/53d14c92082a93e67d5078324eb314ca-le64.cache-7
7f24dc007000-7f24dc009000 r--s 00000000 103:02 28190847                  /var/cache/fontconfig/62f91419b9ebdb6975e7e41ab6412357-le64.cache-7
7f24dc009000-7f24dc00c000 r--s 00000000 103:02 28189745                  /var/cache/fontconfig/e13b20fdb08344e0e664864cc2ede53d-le64.cache-7
7f24dc00c000-7f24dc037000 r--p 00000000 103:02 16649884                  /usr/share/locale-langpack/fr/LC_MESSAGES/gtk20-properties.mo
7f24dc037000-7f24dc05d000 r--p 00000000 103:02 16646400                  /usr/share/locale-langpack/fr/LC_MESSAGES/libc.mo
7f24dc05d000-7f24dc06c000 r--p 00000000 103:02 16649885                  /usr/share/locale-langpack/fr/LC_MESSAGES/gtk20.mo
7f24dc06c000-7f24dc0ec000 rw-s 00000000 00:06 451                        /dev/nvidiactl
7f24dc0ec000-7f24dc0ff000 rw-s 00000000 00:06 451                        /dev/nvidiactl
7f24dc0ff000-7f24dc13f000 rw-s 00000000 00:06 451                        /dev/nvidiactl
7f24dc13f000-7f24dc15f000 rw-s 00000000 00:06 451                        /dev/nvidiactl
7f24dc15f000-7f24dc19f000 rw-s 00000000 00:06 451                        /dev/nvidiactl
7f24dc19f000-7f24dc1a4000 r-xp 00000000 103:02 14688686                  /usr/lib/x86_64-linux-gnu/libXxf86vm.so.1.0.0
7f24dc1a4000-7f24dc3a3000 ---p 00005000 103:02 14688686                  /usr/lib/x86_64-linux-gnu/libXxf86vm.so.1.0.0
7f24dc3a3000-7f24dc3a4000 r--p 00004000 103:02 14688686                  /usr/lib/x86_64-linux-gnu/libXxf86vm.so.1.0.0
7f24dc3a4000-7f24dc3a5000 rw-p 00005000 103:02 14688686                  /usr/lib/x86_64-linux-gnu/libXxf86vm.so.1.0.0
7f24dc3a5000-7f24dc4d8000 r-xp 00000000 103:02 14683814                  /usr/lib/x86_64-linux-gnu/libX11.so.6.3.0
7f24dc4d8000-7f24dc6d8000 ---p 00133000 103:02 14683814                  /usr/lib/x86_64-linux-gnu/libX11.so.6.3.0
7f24dc6d8000-7f24dc6d9000 r--p 00133000 103:02 14683814                  /usr/lib/x86_64-linux-gnu/libX11.so.6.3.0
7f24dc6d9000-7f24dc6dd000 rw-p 00134000 103:02 14683814                  /usr/lib/x86_64-linux-gnu/libX11.so.6.3.0
7f24dc6dd000-7f24dc6e2000 r-xp 00000000 103:02 14688378                  /usr/lib/x86_64-linux-gnu/libXtst.so.6.1.0
7f24dc6e2000-7f24dc8e1000 ---p 00005000 103:02 14688378                  /usr/lib/x86_64-linux-gnu/libXtst.so.6.1.0
7f24dc8e1000-7f24dc8e2000 r--p 00004000 103:02 14688378                  /usr/lib/x86_64-linux-gnu/libXtst.so.6.1.0
7f24dc8e2000-7f24dc8e3000 rw-p 00005000 103:02 14688378                  /usr/lib/x86_64-linux-gnu/libXtst.so.6.1.0
7f24dc8e3000-7f24dc9f6000 r-xp 00000000 103:02 14684129                  /usr/lib/x86_64-linux-gnu/libglib-2.0.so.0.5600.3
7f24dc9f6000-7f24dcbf6000 ---p 00113000 103:02 14684129                  /usr/lib/x86_64-linux-gnu/libglib-2.0.so.0.5600.3
7f24dcbf6000-7f24dcbf7000 r--p 00113000 103:02 14684129                  /usr/lib/x86_64-linux-gnu/libglib-2.0.so.0.5600.3
7f24dcbf7000-7f24dcbf8000 rw-p 00114000 103:02 14684129                  /usr/lib/x86_64-linux-gnu/libglib-2.0.so.0.5600.3
7f24dcbf8000-7f24dcbf9000 rw-p 00000000 00:00 0 
7f24dcbf9000-7f24dcbfa000 r-xp 00000000 103:02 14684132                  /usr/lib/x86_64-linux-gnu/libgthread-2.0.so.0.5600.3
7f24dcbfa000-7f24dcdf9000 ---p 00001000 103:02 14684132                  /usr/lib/x86_64-linux-gnu/libgthread-2.0.so.0.5600.3
7f24dcdf9000-7f24dcdfa000 r--p 00000000 103:02 14684132                  /usr/lib/x86_64-linux-gnu/libgthread-2.0.so.0.5600.3
7f24dcdfa000-7f24dcdfb000 rw-p 00001000 103:02 14684132                  /usr/lib/x86_64-linux-gnu/libgthread-2.0.so.0.5600.3
7f24dcdfb000-7f24dcdfe000 r-xp 00000000 103:02 14684130                  /usr/lib/x86_64-linux-gnu/libgmodule-2.0.so.0.5600.3
7f24dcdfe000-7f24dcffd000 ---p 00003000 103:02 14684130                  /usr/lib/x86_64-linux-gnu/libgmodule-2.0.so.0.5600.3
7f24dcffd000-7f24dcffe000 r--p 00002000 103:02 14684130                  /usr/lib/x86_64-linux-gnu/libgmodule-2.0.so.0.5600.3
7f24dcffe000-7f24dcfff000 rw-p 00003000 103:02 14684130                  /usr/lib/x86_64-linux-gnu/libgmodule-2.0.so.0.5600.3
7f24dcfff000-7f24e0000000 rw-p 00000000 00:00 0 
7f24e0000000-7f24e01e6000 rw-p 00000000 00:00 0 
7f24e01e6000-7f24e4000000 ---p 00000000 00:00 0 
7f24e4000000-7f24e41aa000 rw-p 00000000 00:00 0 
7f24e41aa000-7f24e8000000 ---p 00000000 00:00 0 
7f24e8000000-7f24e818e000 rw-p 00000000 00:00 0 
7f24e818e000-7f24ec000000 ---p 00000000 00:00 0 
7f24ec000000-7f24ec158000 rw-p 00000000 00:00 0 
7f24ec158000-7f24f0000000 ---p 00000000 00:00 0 
7f24f0000000-7f24f0021000 rw-p 00000000 00:00 0 
7f24f0021000-7f24f4000000 ---p 00000000 00:00 0 
7f24f4000000-7f24f4021000 rw-p 00000000 00:00 0 
7f24f4021000-7f24f8000000 ---p 00000000 00:00 0 
7f24f8000000-7f24f8021000 rw-p 00000000 00:00 0 
7f24f8021000-7f24fc000000 ---p 00000000 00:00 0 
7f24fc000000-7f24fc021000 rw-p 00000000 00:00 0 
7f24fc021000-7f2500000000 ---p 00000000 00:00 0 
7f2500000000-7f2500021000 rw-p 00000000 00:00 0 
7f2500021000-7f2504000000 ---p 00000000 00:00 0 
7f2504000000-7f2504021000 rw-p 00000000 00:00 0 
7f2504021000-7f2508000000 ---p 00000000 00:00 0 
7f2508000000-7f2508001000 r--s 00000000 103:02 28191549                  /var/cache/fontconfig/4b2eda6bb976bda485cb2176619421d5-le64.cache-7
7f2508001000-7f2508008000 r--s 00000000 103:02 14682586                  /usr/lib/x86_64-linux-gnu/gconv/gconv-modules.cache
7f2508008000-7f2508018000 rw-s 00000000 00:06 452                        /dev/nvidia0
7f2508018000-7f2508038000 rw-s 00000000 00:06 451                        /dev/nvidiactl
7f2508038000-7f250813d000 rw-s 00000000 00:06 451                        /dev/nvidiactl
7f250813d000-7f250818f000 r-xp 00000000 103:02 14684131                  /usr/lib/x86_64-linux-gnu/libgobject-2.0.so.0.5600.3
7f250818f000-7f250838f000 ---p 00052000 103:02 14684131                  /usr/lib/x86_64-linux-gnu/libgobject-2.0.so.0.5600.3
7f250838f000-7f2508390000 r--p 00052000 103:02 14684131                  /usr/lib/x86_64-linux-gnu/libgobject-2.0.so.0.5600.3
7f2508390000-7f2508391000 rw-p 00053000 103:02 14684131                  /usr/lib/x86_64-linux-gnu/libgobject-2.0.so.0.5600.3
7f2508391000-7f25083cf000 r-xp 00000000 103:02 14688133                  /usr/lib/x86_64-linux-gnu/libfontconfig.so.1.10.1
7f25083cf000-7f25085cf000 ---p 0003e000 103:02 14688133                  /usr/lib/x86_64-linux-gnu/libfontconfig.so.1.10.1
7f25085cf000-7f25085d1000 r--p 0003e000 103:02 14688133                  /usr/lib/x86_64-linux-gnu/libfontconfig.so.1.10.1
7f25085d1000-7f25085d6000 rw-p 00040000 103:02 14688133                  /usr/lib/x86_64-linux-gnu/libfontconfig.so.1.10.1
7f25085d6000-7f2508683000 r-xp 00000000 103:02 14688130                  /usr/lib/x86_64-linux-gnu/libfreetype.so.6.15.0
7f2508683000-7f2508882000 ---p 000ad000 103:02 14688130                  /usr/lib/x86_64-linux-gnu/libfreetype.so.6.15.0
7f2508882000-7f2508889000 r--p 000ac000 103:02 14688130                  /usr/lib/x86_64-linux-gnu/libfreetype.so.6.15.0
7f2508889000-7f250888a000 rw-p 000b3000 103:02 14688130                  /usr/lib/x86_64-linux-gnu/libfreetype.so.6.15.0
7f250888a000-7f25088d4000 r-xp 00000000 103:02 14688187                  /usr/lib/x86_64-linux-gnu/libpango-1.0.so.0.4000.14
7f25088d4000-7f2508ad3000 ---p 0004a000 103:02 14688187                  /usr/lib/x86_64-linux-gnu/libpango-1.0.so.0.4000.14
7f2508ad3000-7f2508ad6000 r--p 00049000 103:02 14688187                  /usr/lib/x86_64-linux-gnu/libpango-1.0.so.0.4000.14
7f2508ad6000-7f2508ad7000 rw-p 0004c000 103:02 14688187                  /usr/lib/x86_64-linux-gnu/libpango-1.0.so.0.4000.14
7f2508ad7000-7f2508bef000 r-xp 00000000 103:02 14688144                  /usr/lib/x86_64-linux-gnu/libcairo.so.2.11510.0
7f2508bef000-7f2508dee000 ---p 00118000 103:02 14688144                  /usr/lib/x86_64-linux-gnu/libcairo.so.2.11510.0
7f2508dee000-7f2508df1000 r--p 00117000 103:02 14688144                  /usr/lib/x86_64-linux-gnu/libcairo.so.2.11510.0
7f2508df1000-7f2508df3000 rw-p 0011a000 103:02 14688144                  /usr/lib/x86_64-linux-gnu/libcairo.so.2.11510.0
7f2508df3000-7f2508df4000 rw-p 00000000 00:00 0 
7f2508df4000-7f2508e00000 r-xp 00000000 103:02 14688196                  /usr/lib/x86_64-linux-gnu/libpangocairo-1.0.so.0.4000.14
7f2508e00000-7f2508fff000 ---p 0000c000 103:02 14688196                  /usr/lib/x86_64-linux-gnu/libpangocairo-1.0.so.0.4000.14
7f2508fff000-7f2509000000 r--p 0000b000 103:02 14688196                  /usr/lib/x86_64-linux-gnu/libpangocairo-1.0.so.0.4000.14
7f2509000000-7f2509001000 rw-p 0000c000 103:02 14688196                  /usr/lib/x86_64-linux-gnu/libpangocairo-1.0.so.0.4000.14
7f2509001000-7f2509023000 r-xp 00000000 103:02 14688160                  /usr/lib/x86_64-linux-gnu/libgdk_pixbuf-2.0.so.0.3611.0
7f2509023000-7f2509223000 ---p 00022000 103:02 14688160                  /usr/lib/x86_64-linux-gnu/libgdk_pixbuf-2.0.so.0.3611.0
7f2509223000-7f2509224000 r--p 00022000 103:02 14688160                  /usr/lib/x86_64-linux-gnu/libgdk_pixbuf-2.0.so.0.3611.0
7f2509224000-7f2509225000 rw-p 00023000 103:02 14688160                  /usr/lib/x86_64-linux-gnu/libgdk_pixbuf-2.0.so.0.3611.0
7f2509225000-7f2509239000 r-xp 00000000 103:02 14688194                  /usr/lib/x86_64-linux-gnu/libpangoft2-1.0.so.0.4000.14
7f2509239000-7f2509439000 ---p 00014000 103:02 14688194                  /usr/lib/x86_64-linux-gnu/libpangoft2-1.0.so.0.4000.14
7f2509439000-7f250943a000 r--p 00014000 103:02 14688194                  /usr/lib/x86_64-linux-gnu/libpangoft2-1.0.so.0.4000.14
7f250943a000-7f250943b000 rw-p 00015000 103:02 14688194                  /usr/lib/x86_64-linux-gnu/libpangoft2-1.0.so.0.4000.14
7f250943b000-7f25095d0000 r-xp 00000000 103:02 14684128                  /usr/lib/x86_64-linux-gnu/libgio-2.0.so.0.5600.3
7f25095d0000-7f25097d0000 ---p 00195000 103:02 14684128                  /usr/lib/x86_64-linux-gnu/libgio-2.0.so.0.5600.3
7f25097d0000-7f25097d7000 r--p 00195000 103:02 14684128                  /usr/lib/x86_64-linux-gnu/libgio-2.0.so.0.5600.3
7f25097d7000-7f25097d8000 rw-p 0019c000 103:02 14684128                  /usr/lib/x86_64-linux-gnu/libgio-2.0.so.0.5600.3
7f25097d8000-7f25097da000 rw-p 00000000 00:00 0 
7f25097da000-7f25097fc000 r-xp 00000000 103:02 14688128                  /usr/lib/x86_64-linux-gnu/libatk-1.0.so.0.22810.1
7f25097fc000-7f25099fc000 ---p 00022000 103:02 14688128                  /usr/lib/x86_64-linux-gnu/libatk-1.0.so.0.22810.1
7f25099fc000-7f25099ff000 r--p 00022000 103:02 14688128                  /usr/lib/x86_64-linux-gnu/libatk-1.0.so.0.22810.1
7f25099ff000-7f2509a00000 rw-p 00025000 103:02 14688128                  /usr/lib/x86_64-linux-gnu/libatk-1.0.so.0.22810.1
7f2509a00000-7f2509ab0000 r-xp 00000000 103:02 14688224                  /usr/lib/x86_64-linux-gnu/libgdk-x11-2.0.so.0.2400.32
7f2509ab0000-7f2509caf000 ---p 000b0000 103:02 14688224                  /usr/lib/x86_64-linux-gnu/libgdk-x11-2.0.so.0.2400.32
7f2509caf000-7f2509cb3000 r--p 000af000 103:02 14688224                  /usr/lib/x86_64-linux-gnu/libgdk-x11-2.0.so.0.2400.32
7f2509cb3000-7f2509cb5000 rw-p 000b3000 103:02 14688224                  /usr/lib/x86_64-linux-gnu/libgdk-x11-2.0.so.0.2400.32
7f2509cb5000-7f250a0ea000 r-xp 00000000 103:02 14688225                  /usr/lib/x86_64-linux-gnu/libgtk-x11-2.0.so.0.2400.32
7f250a0ea000-7f250a2e9000 ---p 00435000 103:02 14688225                  /usr/lib/x86_64-linux-gnu/libgtk-x11-2.0.so.0.2400.32
7f250a2e9000-7f250a2f0000 r--p 00434000 103:02 14688225                  /usr/lib/x86_64-linux-gnu/libgtk-x11-2.0.so.0.2400.32
7f250a2f0000-7f250a2f4000 rw-p 0043b000 103:02 14688225                  /usr/lib/x86_64-linux-gnu/libgtk-x11-2.0.so.0.2400.32
7f250a2f4000-7f250a2f7000 rw-p 00000000 00:00 0 
7f250a2f7000-7f250a303000 r-xp 00000000 103:02 17044722                  /usr/lib/jvm/oracle-java8-jdk-amd64/jre/lib/amd64/libprism_es2.so
7f250a303000-7f250a502000 ---p 0000c000 103:02 17044722                  /usr/lib/jvm/oracle-java8-jdk-amd64/jre/lib/amd64/libprism_es2.so
7f250a502000-7f250a503000 rw-p 0000b000 103:02 17044722                  /usr/lib/jvm/oracle-java8-jdk-amd64/jre/lib/amd64/libprism_es2.so
7f250a503000-7f250a506000 ---p 00000000 00:00 0 
7f250a506000-7f250a604000 rw-p 00000000 00:00 0 
7f250a604000-7f250a605000 ---p 00000000 00:00 0 
7f250a605000-7f250a705000 rw-p 00000000 00:00 0 
7f250a705000-7f250a708000 ---p 00000000 00:00 0 
7f250a708000-7f250a806000 rw-p 00000000 00:00 0 
7f250a806000-7f250a81c000 r-xp 00000000 103:02 17044711                  /usr/lib/jvm/oracle-java8-jdk-amd64/jre/lib/amd64/libnet.so
7f250a81c000-7f250aa1c000 ---p 00016000 103:02 17044711                  /usr/lib/jvm/oracle-java8-jdk-amd64/jre/lib/amd64/libnet.so
7f250aa1c000-7f250aa1d000 rw-p 00016000 103:02 17044711                  /usr/lib/jvm/oracle-java8-jdk-amd64/jre/lib/amd64/libnet.so
7f250aa1d000-7f250aa1e000 ---p 00000000 00:00 0 
7f250aa1e000-7f250aa21000 ---p 00000000 00:00 0 
7f250aa21000-7f250ab1e000 rw-p 00000000 00:00 0 
7f250ab1e000-7f250ab1f000 ---p 00000000 00:00 0 
7f250ab1f000-7f250ab22000 ---p 00000000 00:00 0 
7f250ab22000-7f250ac1f000 rw-p 00000000 00:00 0 
7f250ac1f000-7f250ac20000 ---p 00000000 00:00 0 
7f250ac20000-7f250ac23000 ---p 00000000 00:00 0 
7f250ac23000-7f250ad20000 rw-p 00000000 00:00 0 
7f250ad20000-7f250ad21000 ---p 00000000 00:00 0 
7f250ad21000-7f250ad24000 ---p 00000000 00:00 0 
7f250ad24000-7f250ae21000 rw-p 00000000 00:00 0 
7f250ae21000-7f250ae24000 ---p 00000000 00:00 0 
7f250ae24000-7f250af22000 rw-p 00000000 00:00 0 
7f250af22000-7f250af25000 ---p 00000000 00:00 0 
7f250af25000-7f250b023000 rw-p 00000000 00:00 0 
7f250b023000-7f250b2f3000 r--p 00000000 103:02 14680086                  /usr/lib/locale/locale-archive
7f250b2f3000-7f250b2f6000 ---p 00000000 00:00 0 
7f250b2f6000-7f250b3f4000 rw-p 00000000 00:00 0 
7f250b3f4000-7f250b3f7000 ---p 00000000 00:00 0 
7f250b3f7000-7f250b4f5000 rw-p 00000000 00:00 0 
7f250b4f5000-7f250b4f6000 ---p 00000000 00:00 0 
7f250b4f6000-7f250c000000 rw-p 00000000 00:00 0 
7f250c000000-7f250c021000 rw-p 00000000 00:00 0 
7f250c021000-7f2510000000 ---p 00000000 00:00 0 
7f2510000000-7f2510001000 r--s 00000000 103:02 28183098                  /var/cache/fontconfig/573ec803664ed168555e0e8b6d0f0c7f-le64.cache-7
7f2510001000-7f2510005000 rw-s 00000000 00:06 451                        /dev/nvidiactl
7f2510005000-7f2510045000 rw-s 00000000 00:06 451                        /dev/nvidiactl
7f2510045000-7f2510065000 rw-s 00000000 00:06 451                        /dev/nvidiactl
7f2510065000-7f2510075000 r--s 0014c000 103:02 14947757                  /home/abc-objectif/vincent.fillon/.m2/repository/com/google/protobuf/protobuf-java/3.6.1/protobuf-java-3.6.1.jar
7f2510075000-7f251008d000 r--s 0021f000 103:02 19666109                  /home/abc-objectif/vincent.fillon/.m2/repository/mysql/mysql-connector-java/8.0.17/mysql-connector-java-8.0.17.jar
7f251008d000-7f25100a0000 r--s 00345000 103:02 16780357                  /usr/lib/jvm/oracle-java8-jdk-amd64/jre/lib/resources.jar
7f25100a0000-7f25100b2000 r--s 000d6000 103:02 16780355                  /usr/lib/jvm/oracle-java8-jdk-amd64/jre/lib/plugin.jar
7f25100b2000-7f25100cd000 r--s 00209000 103:02 16780412                  /usr/lib/jvm/oracle-java8-jdk-amd64/jre/lib/deploy.jar
7f25100cd000-7f2518000000 rw-p 00000000 00:00 0 
7f2518000000-7f2518021000 rw-p 00000000 00:00 0 
7f2518021000-7f251c000000 ---p 00000000 00:00 0 
7f251c000000-7f251c021000 rw-p 00000000 00:00 0 
7f251c021000-7f2520000000 ---p 00000000 00:00 0 
7f2520000000-7f2520021000 rw-p 00000000 00:00 0 
7f2520021000-7f2524000000 ---p 00000000 00:00 0 
7f2524000000-7f2524021000 rw-p 00000000 00:00 0 
7f2524021000-7f2528000000 ---p 00000000 00:00 0 
7f2528000000-7f2528021000 rw-p 00000000 00:00 0 
7f2528021000-7f252c000000 ---p 00000000 00:00 0 
7f252c000000-7f252c021000 rw-p 00000000 00:00 0 
7f252c021000-7f2530000000 ---p 00000000 00:00 0 
7f2530000000-7f2530002000 rw-s 00000000 103:02 12982915                  /tmp/.glpGMvKh (deleted)
7f2530002000-7f2530097000 r--s 01109000 103:02 16780368                  /usr/lib/jvm/oracle-java8-jdk-amd64/jre/lib/ext/jfxrt.jar
7f2530097000-7f2530ef4000 rw-p 00000000 00:00 0 
7f2530ef4000-7f25310cd000 r--s 03d3e000 103:02 16780408                  /usr/lib/jvm/oracle-java8-jdk-amd64/jre/lib/rt.jar
7f25310cd000-7f2532090000 rw-p 00000000 00:00 0 
7f2532090000-7f2532091000 ---p 00000000 00:00 0 
7f2532091000-7f2532191000 rw-p 00000000 00:00 0 
7f2532191000-7f2532192000 ---p 00000000 00:00 0 
7f2532192000-7f2532292000 rw-p 00000000 00:00 0 
7f2532292000-7f2532293000 ---p 00000000 00:00 0 
7f2532293000-7f2532393000 rw-p 00000000 00:00 0 
7f2532393000-7f2532394000 ---p 00000000 00:00 0 
7f2532394000-7f2532494000 rw-p 00000000 00:00 0 
7f2532494000-7f2532495000 ---p 00000000 00:00 0 
7f2532495000-7f2532595000 rw-p 00000000 00:00 0 
7f2532595000-7f2532596000 ---p 00000000 00:00 0 
7f2532596000-7f2532696000 rw-p 00000000 00:00 0 
7f2532696000-7f2532697000 ---p 00000000 00:00 0 
7f2532697000-7f2532797000 rw-p 00000000 00:00 0 
7f2532797000-7f2532798000 ---p 00000000 00:00 0 
7f2532798000-7f25328ec000 rw-p 00000000 00:00 0 
7f25328ec000-7f2532dc5000 ---p 00000000 00:00 0 
7f2532dc5000-7f2532e19000 rw-p 00000000 00:00 0 
7f2532e19000-7f25332f1000 ---p 00000000 00:00 0 
7f25332f1000-7f253333b000 rw-p 00000000 00:00 0 
7f253333b000-7f2533588000 ---p 00000000 00:00 0 
7f2533588000-7f2533597000 rw-p 00000000 00:00 0 
7f2533597000-7f2533949000 ---p 00000000 00:00 0 
7f2533949000-7f2533cb9000 rwxp 00000000 00:00 0 
7f2533cb9000-7f2542949000 ---p 00000000 00:00 0 
7f2542949000-7f2542963000 r-xp 00000000 103:02 17044702                  /usr/lib/jvm/oracle-java8-jdk-amd64/jre/lib/amd64/libzip.so
7f2542963000-7f2542b63000 ---p 0001a000 103:02 17044702                  /usr/lib/jvm/oracle-java8-jdk-amd64/jre/lib/amd64/libzip.so
7f2542b63000-7f2542b64000 rw-p 0001a000 103:02 17044702                  /usr/lib/jvm/oracle-java8-jdk-amd64/jre/lib/amd64/libzip.so
7f2542b64000-7f2542b77000 r-xp 00000000 103:02 30016052                  /lib/x86_64-linux-gnu/libbsd.so.0.8.7
7f2542b77000-7f2542d76000 ---p 00013000 103:02 30016052                  /lib/x86_64-linux-gnu/libbsd.so.0.8.7
7f2542d76000-7f2542d77000 r--p 00012000 103:02 30016052                  /lib/x86_64-linux-gnu/libbsd.so.0.8.7
7f2542d77000-7f2542d78000 rw-p 00013000 103:02 30016052                  /lib/x86_64-linux-gnu/libbsd.so.0.8.7
7f2542d78000-7f2542d79000 rw-p 00000000 00:00 0 
7f2542d79000-7f2542d7a000 r-xp 00000000 103:02 15335588                  /usr/lib/x86_64-linux-gnu/samba/libreplace.so.0
7f2542d7a000-7f2542f79000 ---p 00001000 103:02 15335588                  /usr/lib/x86_64-linux-gnu/samba/libreplace.so.0
7f2542f79000-7f2542f7a000 r--p 00000000 103:02 15335588                  /usr/lib/x86_64-linux-gnu/samba/libreplace.so.0
7f2542f7a000-7f2542f7b000 rw-p 00001000 103:02 15335588                  /usr/lib/x86_64-linux-gnu/samba/libreplace.so.0
7f2542f7b000-7f2542f7d000 r-xp 00000000 103:02 15335590                  /usr/lib/x86_64-linux-gnu/samba/libwinbind-client.so.0
7f2542f7d000-7f254317d000 ---p 00002000 103:02 15335590                  /usr/lib/x86_64-linux-gnu/samba/libwinbind-client.so.0
7f254317d000-7f254317e000 r--p 00002000 103:02 15335590                  /usr/lib/x86_64-linux-gnu/samba/libwinbind-client.so.0
7f254317e000-7f254317f000 rw-p 00003000 103:02 15335590                  /usr/lib/x86_64-linux-gnu/samba/libwinbind-client.so.0
7f254317f000-7f2543182000 r-xp 00000000 103:02 30015620                  /lib/x86_64-linux-gnu/libnss_winbind.so.2
7f2543182000-7f2543381000 ---p 00003000 103:02 30015620                  /lib/x86_64-linux-gnu/libnss_winbind.so.2
7f2543381000-7f2543382000 r--p 00002000 103:02 30015620                  /lib/x86_64-linux-gnu/libnss_winbind.so.2
7f2543382000-7f2543383000 rw-p 00003000 103:02 30015620                  /lib/x86_64-linux-gnu/libnss_winbind.so.2
7f2543383000-7f2543388000 rw-p 00000000 00:00 0 
7f2543388000-7f2543393000 r-xp 00000000 103:02 30015522                  /lib/x86_64-linux-gnu/libnss_files-2.27.so
7f2543393000-7f2543592000 ---p 0000b000 103:02 30015522                  /lib/x86_64-linux-gnu/libnss_files-2.27.so
7f2543592000-7f2543593000 r--p 0000a000 103:02 30015522                  /lib/x86_64-linux-gnu/libnss_files-2.27.so
7f2543593000-7f2543594000 rw-p 0000b000 103:02 30015522                  /lib/x86_64-linux-gnu/libnss_files-2.27.so
7f2543594000-7f254359a000 rw-p 00000000 00:00 0 
7f254359a000-7f25435b1000 r-xp 00000000 103:02 30015519                  /lib/x86_64-linux-gnu/libnsl-2.27.so
7f25435b1000-7f25437b0000 ---p 00017000 103:02 30015519                  /lib/x86_64-linux-gnu/libnsl-2.27.so
7f25437b0000-7f25437b1000 r--p 00016000 103:02 30015519                  /lib/x86_64-linux-gnu/libnsl-2.27.so
7f25437b1000-7f25437b2000 rw-p 00017000 103:02 30015519                  /lib/x86_64-linux-gnu/libnsl-2.27.so
7f25437b2000-7f25437b4000 rw-p 00000000 00:00 0 
7f25437b4000-7f25437bf000 r-xp 00000000 103:02 30015524                  /lib/x86_64-linux-gnu/libnss_nis-2.27.so
7f25437bf000-7f25439be000 ---p 0000b000 103:02 30015524                  /lib/x86_64-linux-gnu/libnss_nis-2.27.so
7f25439be000-7f25439bf000 r--p 0000a000 103:02 30015524                  /lib/x86_64-linux-gnu/libnss_nis-2.27.so
7f25439bf000-7f25439c0000 rw-p 0000b000 103:02 30015524                  /lib/x86_64-linux-gnu/libnss_nis-2.27.so
7f25439c0000-7f25439c8000 r-xp 00000000 103:02 30015520                  /lib/x86_64-linux-gnu/libnss_compat-2.27.so
7f25439c8000-7f2543bc8000 ---p 00008000 103:02 30015520                  /lib/x86_64-linux-gnu/libnss_compat-2.27.so
7f2543bc8000-7f2543bc9000 r--p 00008000 103:02 30015520                  /lib/x86_64-linux-gnu/libnss_compat-2.27.so
7f2543bc9000-7f2543bca000 rw-p 00009000 103:02 30015520                  /lib/x86_64-linux-gnu/libnss_compat-2.27.so
7f2543bca000-7f2543bd4000 r-xp 00000000 103:02 17044742                  /usr/lib/jvm/oracle-java8-jdk-amd64/jre/lib/amd64/libinstrument.so
7f2543bd4000-7f2543dd3000 ---p 0000a000 103:02 17044742                  /usr/lib/jvm/oracle-java8-jdk-amd64/jre/lib/amd64/libinstrument.so
7f2543dd3000-7f2543dd4000 rw-p 00009000 103:02 17044742                  /usr/lib/jvm/oracle-java8-jdk-amd64/jre/lib/amd64/libinstrument.so
7f2543dd4000-7f2543dff000 r-xp 00000000 103:02 17044697                  /usr/lib/jvm/oracle-java8-jdk-amd64/jre/lib/amd64/libjava.so
7f2543dff000-7f2543ffe000 ---p 0002b000 103:02 17044697                  /usr/lib/jvm/oracle-java8-jdk-amd64/jre/lib/amd64/libjava.so
7f2543ffe000-7f2544000000 rw-p 0002a000 103:02 17044697                  /usr/lib/jvm/oracle-java8-jdk-amd64/jre/lib/amd64/libjava.so
7f2544000000-7f25444b8000 rw-p 00000000 00:00 0 
7f25444b8000-7f2548000000 ---p 00000000 00:00 0 
7f2548000000-7f2548001000 rw-s 00000000 00:06 451                        /dev/nvidiactl
7f2548001000-7f2548002000 rw-s 00000000 00:06 452                        /dev/nvidia0
7f2548002000-7f2548003000 rw-s 00000000 00:06 452                        /dev/nvidia0
7f2548003000-7f2548004000 rw-s 00000000 00:06 452                        /dev/nvidia0
7f2548004000-7f2548005000 rw-s 00000000 00:06 451                        /dev/nvidiactl
7f2548005000-7f2548007000 r--s 0001a000 103:02 22810354                  /opt/idea-IU-182.5107.16/lib/idea_rt.jar
7f2548007000-7f2548008000 r--s 00000000 103:02 16780356                  /usr/lib/jvm/oracle-java8-jdk-amd64/jre/lib/management-agent.jar
7f2548008000-7f254800c000 r--s 0009a000 103:02 16780397                  /usr/lib/jvm/oracle-java8-jdk-amd64/jre/lib/jsse.jar
7f254800c000-7f254800e000 r--s 00007000 103:02 16780404                  /usr/lib/jvm/oracle-java8-jdk-amd64/jre/lib/jfxswt.jar
7f254800e000-7f2548013000 r--s 00084000 103:02 16780398                  /usr/lib/jvm/oracle-java8-jdk-amd64/jre/lib/jfr.jar
7f2548013000-7f254802e000 r--s 001d3000 103:02 16780369                  /usr/lib/jvm/oracle-java8-jdk-amd64/jre/lib/ext/nashorn.jar
7f254802e000-7f25480a4000 rw-p 00000000 00:00 0 
7f25480a4000-7f25480b1000 r-xp 00000000 103:02 17044732                  /usr/lib/jvm/oracle-java8-jdk-amd64/jre/lib/amd64/libverify.so
7f25480b1000-7f25482b0000 ---p 0000d000 103:02 17044732                  /usr/lib/jvm/oracle-java8-jdk-amd64/jre/lib/amd64/libverify.so
7f25482b0000-7f25482b2000 rw-p 0000c000 103:02 17044732                  /usr/lib/jvm/oracle-java8-jdk-amd64/jre/lib/amd64/libverify.so
7f25482b2000-7f25482b9000 r-xp 00000000 103:02 30015529                  /lib/x86_64-linux-gnu/librt-2.27.so
7f25482b9000-7f25484b8000 ---p 00007000 103:02 30015529                  /lib/x86_64-linux-gnu/librt-2.27.so
7f25484b8000-7f25484b9000 r--p 00006000 103:02 30015529                  /lib/x86_64-linux-gnu/librt-2.27.so
7f25484b9000-7f25484ba000 rw-p 00007000 103:02 30015529                  /lib/x86_64-linux-gnu/librt-2.27.so
7f25484ba000-7f2548657000 r-xp 00000000 103:02 30015516                  /lib/x86_64-linux-gnu/libm-2.27.so
7f2548657000-7f2548856000 ---p 0019d000 103:02 30015516                  /lib/x86_64-linux-gnu/libm-2.27.so
7f2548856000-7f2548857000 r--p 0019c000 103:02 30015516                  /lib/x86_64-linux-gnu/libm-2.27.so
7f2548857000-7f2548858000 rw-p 0019d000 103:02 30015516                  /lib/x86_64-linux-gnu/libm-2.27.so
7f2548858000-7f2549526000 r-xp 00000000 103:02 17302115                  /usr/lib/jvm/oracle-java8-jdk-amd64/jre/lib/amd64/server/libjvm.so
7f2549526000-7f2549726000 ---p 00cce000 103:02 17302115                  /usr/lib/jvm/oracle-java8-jdk-amd64/jre/lib/amd64/server/libjvm.so
7f2549726000-7f25497ff000 rw-p 00cce000 103:02 17302115                  /usr/lib/jvm/oracle-java8-jdk-amd64/jre/lib/amd64/server/libjvm.so
7f25497ff000-7f254984a000 rw-p 00000000 00:00 0 
7f254984a000-7f2549a31000 r-xp 00000000 103:02 30015512                  /lib/x86_64-linux-gnu/libc-2.27.so
7f2549a31000-7f2549c31000 ---p 001e7000 103:02 30015512                  /lib/x86_64-linux-gnu/libc-2.27.so
7f2549c31000-7f2549c35000 r--p 001e7000 103:02 30015512                  /lib/x86_64-linux-gnu/libc-2.27.so
7f2549c35000-7f2549c37000 rw-p 001eb000 103:02 30015512                  /lib/x86_64-linux-gnu/libc-2.27.so
7f2549c37000-7f2549c3b000 rw-p 00000000 00:00 0 
7f2549c3b000-7f2549c3e000 r-xp 00000000 103:02 30015515                  /lib/x86_64-linux-gnu/libdl-2.27.so
7f2549c3e000-7f2549e3d000 ---p 00003000 103:02 30015515                  /lib/x86_64-linux-gnu/libdl-2.27.so
7f2549e3d000-7f2549e3e000 r--p 00002000 103:02 30015515                  /lib/x86_64-linux-gnu/libdl-2.27.so
7f2549e3e000-7f2549e3f000 rw-p 00003000 103:02 30015515                  /lib/x86_64-linux-gnu/libdl-2.27.so
7f2549e3f000-7f2549e54000 r-xp 00000000 103:02 17958539                  /usr/lib/jvm/oracle-java8-jdk-amd64/lib/amd64/jli/libjli.so
7f2549e54000-7f254a054000 ---p 00015000 103:02 17958539                  /usr/lib/jvm/oracle-java8-jdk-amd64/lib/amd64/jli/libjli.so
7f254a054000-7f254a055000 rw-p 00015000 103:02 17958539                  /usr/lib/jvm/oracle-java8-jdk-amd64/lib/amd64/jli/libjli.so
7f254a055000-7f254a06f000 r-xp 00000000 103:02 30015527                  /lib/x86_64-linux-gnu/libpthread-2.27.so
7f254a06f000-7f254a26e000 ---p 0001a000 103:02 30015527                  /lib/x86_64-linux-gnu/libpthread-2.27.so
7f254a26e000-7f254a26f000 r--p 00019000 103:02 30015527                  /lib/x86_64-linux-gnu/libpthread-2.27.so
7f254a26f000-7f254a270000 rw-p 0001a000 103:02 30015527                  /lib/x86_64-linux-gnu/libpthread-2.27.so
7f254a270000-7f254a274000 rw-p 00000000 00:00 0 
7f254a274000-7f254a29b000 r-xp 00000000 103:02 30015503                  /lib/x86_64-linux-gnu/ld-2.27.so
7f254a29b000-7f254a29e000 r--s 0001a000 103:02 16780411                  /usr/lib/jvm/oracle-java8-jdk-amd64/jre/lib/jce.jar
7f254a29e000-7f254a2a8000 r--s 0006c000 103:02 16780392                  /usr/lib/jvm/oracle-java8-jdk-amd64/jre/lib/javaws.jar
7f254a2a8000-7f254a2ad000 r--s 002f9000 103:02 16780401                  /usr/lib/jvm/oracle-java8-jdk-amd64/jre/lib/charsets.jar
7f254a2ad000-7f254a2b3000 r--s 0003f000 103:02 16780370                  /usr/lib/jvm/oracle-java8-jdk-amd64/jre/lib/ext/sunjce_provider.jar
7f254a2b3000-7f254a2cf000 r--s 00393000 103:02 16780366                  /usr/lib/jvm/oracle-java8-jdk-amd64/jre/lib/ext/cldrdata.jar
7f254a2cf000-7f254a378000 rw-p 00000000 00:00 0 
7f254a378000-7f254a379000 ---p 00000000 00:00 0 
7f254a379000-7f254a37c000 ---p 00000000 00:00 0 
7f254a37c000-7f254a47d000 rw-p 00000000 00:00 0 
7f254a47d000-7f254a47e000 r--s 0000a000 103:02 16780360                  /usr/lib/jvm/oracle-java8-jdk-amd64/jre/lib/ext/jaccess.jar
7f254a47e000-7f254a480000 r--s 00001000 103:02 16780365                  /usr/lib/jvm/oracle-java8-jdk-amd64/jre/lib/ext/dnsns.jar
7f254a480000-7f254a482000 r--s 00009000 103:02 16780364                  /usr/lib/jvm/oracle-java8-jdk-amd64/jre/lib/ext/sunec.jar
7f254a482000-7f254a486000 r--s 0003a000 103:02 16780367                  /usr/lib/jvm/oracle-java8-jdk-amd64/jre/lib/ext/sunpkcs11.jar
7f254a486000-7f254a487000 r--s 00010000 103:02 16780362                  /usr/lib/jvm/oracle-java8-jdk-amd64/jre/lib/ext/zipfs.jar
7f254a487000-7f254a491000 r--s 00116000 103:02 16780361                  /usr/lib/jvm/oracle-java8-jdk-amd64/jre/lib/ext/localedata.jar
7f254a491000-7f254a499000 rw-s 00000000 103:02 13242127                  /tmp/hsperfdata_vincent.fillon/2991
7f254a499000-7f254a49a000 rw-p 00000000 00:00 0 
7f254a49a000-7f254a49b000 r--p 00000000 00:00 0 
7f254a49b000-7f254a49c000 r--p 00027000 103:02 30015503                  /lib/x86_64-linux-gnu/ld-2.27.so
7f254a49c000-7f254a49d000 rw-p 00028000 103:02 30015503                  /lib/x86_64-linux-gnu/ld-2.27.so
7f254a49d000-7f254a49e000 rw-p 00000000 00:00 0 
7ffc34b06000-7ffc34b27000 rw-p 00000000 00:00 0                          [stack]
7ffc34bb8000-7ffc34bbb000 r--p 00000000 00:00 0                          [vvar]
7ffc34bbb000-7ffc34bbd000 r-xp 00000000 00:00 0                          [vdso]
ffffffffff600000-ffffffffff601000 r-xp 00000000 00:00 0                  [vsyscall]

VM Arguments:
jvm_args: -javaagent:/opt/idea-IU-182.5107.16/lib/idea_rt.jar=38165:/opt/idea-IU-182.5107.16/bin -Dfile.encoding=UTF-16 
java_command: fr.vincentfillon.Main
java_class_path (initial): /usr/lib/jvm/oracle-java8-jdk-amd64/jre/lib/charsets.jar:/usr/lib/jvm/oracle-java8-jdk-amd64/jre/lib/deploy.jar:/usr/lib/jvm/oracle-java8-jdk-amd64/jre/lib/ext/cldrdata.jar:/usr/lib/jvm/oracle-java8-jdk-amd64/jre/lib/ext/dnsns.jar:/usr/lib/jvm/oracle-java8-jdk-amd64/jre/lib/ext/jaccess.jar:/usr/lib/jvm/oracle-java8-jdk-amd64/jre/lib/ext/jfxrt.jar:/usr/lib/jvm/oracle-java8-jdk-amd64/jre/lib/ext/localedata.jar:/usr/lib/jvm/oracle-java8-jdk-amd64/jre/lib/ext/nashorn.jar:/usr/lib/jvm/oracle-java8-jdk-amd64/jre/lib/ext/sunec.jar:/usr/lib/jvm/oracle-java8-jdk-amd64/jre/lib/ext/sunjce_provider.jar:/usr/lib/jvm/oracle-java8-jdk-amd64/jre/lib/ext/sunpkcs11.jar:/usr/lib/jvm/oracle-java8-jdk-amd64/jre/lib/ext/zipfs.jar:/usr/lib/jvm/oracle-java8-jdk-amd64/jre/lib/javaws.jar:/usr/lib/jvm/oracle-java8-jdk-amd64/jre/lib/jce.jar:/usr/lib/jvm/oracle-java8-jdk-amd64/jre/lib/jfr.jar:/usr/lib/jvm/oracle-java8-jdk-amd64/jre/lib/jfxswt.jar:/usr/lib/jvm/oracle-java8-jdk-amd64/jre/lib/jsse.jar:/usr/lib/jvm/oracle-java8-jdk-amd64/jre/lib/management-agent.jar:/usr/lib/jvm/oracle-java8-jdk-amd64/jre/lib/plugin.jar:/usr/lib/jvm/oracle-java8-jdk-amd64/jre/lib/resources.jar:/usr/lib/jvm/oracle-java8-jdk-amd64/jre/lib/rt.jar:/home/abc-objectif/vincent.fillon/GitRepo/MovieDb/out/production/Filmotheque_Inerface_BDD:/home/abc-objectif/vincent.fillon/.m2/repository/mysql/mysql-connector-java/8.0.17/mysql-connector-java-8.0.17.jar:/home/abc-objectif/vincent.fillon/.m2/repository/com/google/protobuf/protobuf-java/3.6.1/protobuf-java-3.6.1.jar:/opt/idea-IU-182.5107.16/lib/idea_rt.jar
Launcher Type: SUN_STANDARD

Environment Variables:
PATH=/usr/local/sbin:/usr/local/bin:/usr/sbin:/usr/bin:/sbin:/bin:/usr/games:/usr/local/games:/snap/bin
USERNAME=vincent.fillon
SHELL=/bin/bash
DISPLAY=:1

Signal Handlers:
SIGSEGV: [libjvm.so+0xac78c0], sa_mask[0]=11111111011111111101111111111110, sa_flags=SA_RESTART|SA_SIGINFO
SIGBUS: [libjvm.so+0xac78c0], sa_mask[0]=11111111011111111101111111111110, sa_flags=SA_RESTART|SA_SIGINFO
SIGFPE: [libjvm.so+0x920ac0], sa_mask[0]=11111111011111111101111111111110, sa_flags=SA_RESTART|SA_SIGINFO
SIGPIPE: SIG_IGN, sa_mask[0]=00000000000010000000000000000000, sa_flags=SA_RESTART
SIGXFSZ: [libjvm.so+0x920ac0], sa_mask[0]=11111111011111111101111111111110, sa_flags=SA_RESTART|SA_SIGINFO
SIGILL: [libjvm.so+0x920ac0], sa_mask[0]=11111111011111111101111111111110, sa_flags=SA_RESTART|SA_SIGINFO
SIGUSR1: SIG_DFL, sa_mask[0]=00000000000000000000000000000000, sa_flags=none
SIGUSR2: [libjvm.so+0x922300], sa_mask[0]=00100000000000000000000000000000, sa_flags=SA_RESTART|SA_SIGINFO
SIGHUP: SIG_IGN, sa_mask[0]=00000000000000000000000000000000, sa_flags=none
SIGINT: [libjvm.so+0x923700], sa_mask[0]=11111111011111111101111111111110, sa_flags=SA_RESTART|SA_SIGINFO
SIGTERM: [libjvm.so+0x923700], sa_mask[0]=11111111011111111101111111111110, sa_flags=SA_RESTART|SA_SIGINFO
SIGQUIT: [libjvm.so+0x923700], sa_mask[0]=11111111011111111101111111111110, sa_flags=SA_RESTART|SA_SIGINFO


---------------  S Y S T E M  ---------------

OS:DISTRIB_ID=Ubuntu
DISTRIB_RELEASE=18.04
DISTRIB_CODENAME=bionic
DISTRIB_DESCRIPTION="Ubuntu 18.04.1 LTS"

uname:Linux 4.15.0-44-generic #47-Ubuntu SMP Mon Jan 14 11:26:59 UTC 2019 x86_64
libc:glibc 2.27 NPTL 2.27 
rlimit: STACK 8192k, CORE 0k, NPROC 63121, NOFILE 1048576, AS infinity
load average:2,17 0,67 0,35

/proc/meminfo:
MemTotal:       16270568 kB
MemFree:         3833672 kB
MemAvailable:    7725828 kB
Buffers:          878944 kB
Cached:          3259336 kB
SwapCached:           20 kB
Active:          9160908 kB
Inactive:        2462764 kB
Active(anon):    6989184 kB
Inactive(anon):   616988 kB
Active(file):    2171724 kB
Inactive(file):  1845776 kB
Unevictable:         312 kB
Mlocked:             312 kB
SwapTotal:       2097148 kB
SwapFree:        2096644 kB
Dirty:             34288 kB
Writeback:             0 kB
AnonPages:       7484256 kB
Mapped:          1015252 kB
Shmem:            120652 kB
Slab:             404840 kB
SReclaimable:     216976 kB
SUnreclaim:       187864 kB
KernelStack:       24912 kB
PageTables:       115104 kB
NFS_Unstable:          0 kB
Bounce:                0 kB
WritebackTmp:          0 kB
CommitLimit:    10232432 kB
Committed_AS:   22308436 kB
VmallocTotal:   34359738367 kB
VmallocUsed:           0 kB
VmallocChunk:          0 kB
HardwareCorrupted:     0 kB
AnonHugePages:      2048 kB
ShmemHugePages:        0 kB
ShmemPmdMapped:        0 kB
CmaTotal:              0 kB
CmaFree:               0 kB
HugePages_Total:       0
HugePages_Free:        0
HugePages_Rsvd:        0
HugePages_Surp:        0
Hugepagesize:       2048 kB
DirectMap4k:      867736 kB
DirectMap2M:    15755264 kB
DirectMap1G:           0 kB


CPU:total 8 (4 cores per cpu, 2 threads per core) family 6 model 158 stepping 9, cmov, cx8, fxsr, mmx, sse, sse2, sse3, ssse3, sse4.1, sse4.2, popcnt, avx, avx2, aes, clmul, erms, 3dnowpref, lzcnt, ht, tsc, tscinvbit, bmi1, bmi2, adx

/proc/cpuinfo:
processor	: 0
vendor_id	: GenuineIntel
cpu family	: 6
model		: 158
model name	: Intel(R) Core(TM) i7-7700HQ CPU @ 2.80GHz
stepping	: 9
microcode	: 0x8e
cpu MHz		: 3421.388
cache size	: 6144 KB
physical id	: 0
siblings	: 8
core id		: 0
cpu cores	: 4
apicid		: 0
initial apicid	: 0
fpu		: yes
fpu_exception	: yes
cpuid level	: 22
wp		: yes
flags		: fpu vme de pse tsc msr pae mce cx8 apic sep mtrr pge mca cmov pat pse36 clflush dts acpi mmx fxsr sse sse2 ss ht tm pbe syscall nx pdpe1gb rdtscp lm constant_tsc art arch_perfmon pebs bts rep_good nopl xtopology nonstop_tsc cpuid aperfmperf tsc_known_freq pni pclmulqdq dtes64 monitor ds_cpl vmx est tm2 ssse3 sdbg fma cx16 xtpr pdcm pcid sse4_1 sse4_2 x2apic movbe popcnt tsc_deadline_timer aes xsave avx f16c rdrand lahf_lm abm 3dnowprefetch cpuid_fault epb invpcid_single pti ssbd ibrs ibpb stibp tpr_shadow vnmi flexpriority ept vpid fsgsbase tsc_adjust bmi1 avx2 smep bmi2 erms invpcid mpx rdseed adx smap clflushopt intel_pt xsaveopt xsavec xgetbv1 xsaves dtherm ida arat pln pts hwp hwp_notify hwp_act_window hwp_epp flush_l1d
bugs		: cpu_meltdown spectre_v1 spectre_v2 spec_store_bypass l1tf
bogomips	: 5616.00
clflush size	: 64
cache_alignment	: 64
address sizes	: 39 bits physical, 48 bits virtual
power management:

processor	: 1
vendor_id	: GenuineIntel
cpu family	: 6
model		: 158
model name	: Intel(R) Core(TM) i7-7700HQ CPU @ 2.80GHz
stepping	: 9
microcode	: 0x8e
cpu MHz		: 3490.716
cache size	: 6144 KB
physical id	: 0
siblings	: 8
core id		: 1
cpu cores	: 4
apicid		: 2
initial apicid	: 2
fpu		: yes
fpu_exception	: yes
cpuid level	: 22
wp		: yes
flags		: fpu vme de pse tsc msr pae mce cx8 apic sep mtrr pge mca cmov pat pse36 clflush dts acpi mmx fxsr sse sse2 ss ht tm pbe syscall nx pdpe1gb rdtscp lm constant_tsc art arch_perfmon pebs bts rep_good nopl xtopology nonstop_tsc cpuid aperfmperf tsc_known_freq pni pclmulqdq dtes64 monitor ds_cpl vmx est tm2 ssse3 sdbg fma cx16 xtpr pdcm pcid sse4_1 sse4_2 x2apic movbe popcnt tsc_deadline_timer aes xsave avx f16c rdrand lahf_lm abm 3dnowprefetch cpuid_fault epb invpcid_single pti ibrs ibpb stibp tpr_shadow vnmi flexpriority ept vpid fsgsbase tsc_adjust bmi1 avx2 smep bmi2 erms invpcid mpx rdseed adx smap clflushopt intel_pt xsaveopt xsavec xgetbv1 xsaves dtherm ida arat pln pts hwp hwp_notify hwp_act_window hwp_epp
bugs		: cpu_meltdown spectre_v1 spectre_v2 spec_store_bypass l1tf
bogomips	: 5616.00
clflush size	: 64
cache_alignment	: 64
address sizes	: 39 bits physical, 48 bits virtual
power management:

processor	: 2
vendor_id	: GenuineIntel
cpu family	: 6
model		: 158
model name	: Intel(R) Core(TM) i7-7700HQ CPU @ 2.80GHz
stepping	: 9
microcode	: 0x8e
cpu MHz		: 3555.191
cache size	: 6144 KB
physical id	: 0
siblings	: 8
core id		: 2
cpu cores	: 4
apicid		: 4
initial apicid	: 4
fpu		: yes
fpu_exception	: yes
cpuid level	: 22
wp		: yes
flags		: fpu vme de pse tsc msr pae mce cx8 apic sep mtrr pge mca cmov pat pse36 clflush dts acpi mmx fxsr sse sse2 ss ht tm pbe syscall nx pdpe1gb rdtscp lm constant_tsc art arch_perfmon pebs bts rep_good nopl xtopology nonstop_tsc cpuid aperfmperf tsc_known_freq pni pclmulqdq dtes64 monitor ds_cpl vmx est tm2 ssse3 sdbg fma cx16 xtpr pdcm pcid sse4_1 sse4_2 x2apic movbe popcnt tsc_deadline_timer aes xsave avx f16c rdrand lahf_lm abm 3dnowprefetch cpuid_fault epb invpcid_single pti ibrs ibpb stibp tpr_shadow vnmi flexpriority ept vpid fsgsbase tsc_adjust bmi1 avx2 smep bmi2 erms invpcid mpx rdseed adx smap clflushopt intel_pt xsaveopt xsavec xgetbv1 xsaves dtherm ida arat pln pts hwp hwp_notify hwp_act_window hwp_epp
bugs		: cpu_meltdown spectre_v1 spectre_v2 spec_store_bypass l1tf
bogomips	: 5616.00
clflush size	: 64
cache_alignment	: 64
address sizes	: 39 bits physical, 48 bits virtual
power management:

processor	: 3
vendor_id	: GenuineIntel
cpu family	: 6
model		: 158
model name	: Intel(R) Core(TM) i7-7700HQ CPU @ 2.80GHz
stepping	: 9
microcode	: 0x8e
cpu MHz		: 3440.416
cache size	: 6144 KB
physical id	: 0
siblings	: 8
core id		: 3
cpu cores	: 4
apicid		: 6
initial apicid	: 6
fpu		: yes
fpu_exception	: yes
cpuid level	: 22
wp		: yes
flags		: fpu vme de pse tsc msr pae mce cx8 apic sep mtrr pge mca cmov pat pse36 clflush dts acpi mmx fxsr sse sse2 ss ht tm pbe syscall nx pdpe1gb rdtscp lm constant_tsc art arch_perfmon pebs bts rep_good nopl xtopology nonstop_tsc cpuid aperfmperf tsc_known_freq pni pclmulqdq dtes64 monitor ds_cpl vmx est tm2 ssse3 sdbg fma cx16 xtpr pdcm pcid sse4_1 sse4_2 x2apic movbe popcnt tsc_deadline_timer aes xsave avx f16c rdrand lahf_lm abm 3dnowprefetch cpuid_fault epb invpcid_single pti ibrs ibpb stibp tpr_shadow vnmi flexpriority ept vpid fsgsbase tsc_adjust bmi1 avx2 smep bmi2 erms invpcid mpx rdseed adx smap clflushopt intel_pt xsaveopt xsavec xgetbv1 xsaves dtherm ida arat pln pts hwp hwp_notify hwp_act_window hwp_epp
bugs		: cpu_meltdown spectre_v1 spectre_v2 spec_store_bypass l1tf
bogomips	: 5616.00
clflush size	: 64
cache_alignment	: 64
address sizes	: 39 bits physical, 48 bits virtual
power management:

processor	: 4
vendor_id	: GenuineIntel
cpu family	: 6
model		: 158
model name	: Intel(R) Core(TM) i7-7700HQ CPU @ 2.80GHz
stepping	: 9
microcode	: 0x8e
cpu MHz		: 3491.998
cache size	: 6144 KB
physical id	: 0
siblings	: 8
core id		: 0
cpu cores	: 4
apicid		: 1
initial apicid	: 1
fpu		: yes
fpu_exception	: yes
cpuid level	: 22
wp		: yes
flags		: fpu vme de pse tsc msr pae mce cx8 apic sep mtrr pge mca cmov pat pse36 clflush dts acpi mmx fxsr sse sse2 ss ht tm pbe syscall nx pdpe1gb rdtscp lm constant_tsc art arch_perfmon pebs bts rep_good nopl xtopology nonstop_tsc cpuid aperfmperf tsc_known_freq pni pclmulqdq dtes64 monitor ds_cpl vmx est tm2 ssse3 sdbg fma cx16 xtpr pdcm pcid sse4_1 sse4_2 x2apic movbe popcnt tsc_deadline_timer aes xsave avx f16c rdrand lahf_lm abm 3dnowprefetch cpuid_fault epb invpcid_single pti ssbd ibrs ibpb stibp tpr_shadow vnmi flexpriority ept vpid fsgsbase tsc_adjust bmi1 avx2 smep bmi2 erms invpcid mpx rdseed adx smap clflushopt intel_pt xsaveopt xsavec xgetbv1 xsaves dtherm ida arat pln pts hwp hwp_notify hwp_act_window hwp_epp flush_l1d
bugs		: cpu_meltdown spectre_v1 spectre_v2 spec_store_bypass l1tf
bogomips	: 5616.00
clflush size	: 64
cache_alignment	: 64
address sizes	: 39 bits physical, 48 bits virtual
power management:

processor	: 5
vendor_id	: GenuineIntel
cpu family	: 6
model		: 158
model name	: Intel(R) Core(TM) i7-7700HQ CPU @ 2.80GHz
stepping	: 9
microcode	: 0x8e
cpu MHz		: 3467.037
cache size	: 6144 KB
physical id	: 0
siblings	: 8
core id		: 1
cpu cores	: 4
apicid		: 3
initial apicid	: 3
fpu		: yes
fpu_exception	: yes
cpuid level	: 22
wp		: yes
flags		: fpu vme de pse tsc msr pae mce cx8 apic sep mtrr pge mca cmov pat pse36 clflush dts acpi mmx fxsr sse sse2 ss ht tm pbe syscall nx pdpe1gb rdtscp lm constant_tsc art arch_perfmon pebs bts rep_good nopl xtopology nonstop_tsc cpuid aperfmperf tsc_known_freq pni pclmulqdq dtes64 monitor ds_cpl vmx est tm2 ssse3 sdbg fma cx16 xtpr pdcm pcid sse4_1 sse4_2 x2apic movbe popcnt tsc_deadline_timer aes xsave avx f16c rdrand lahf_lm abm 3dnowprefetch cpuid_fault epb invpcid_single pti ssbd ibrs ibpb stibp tpr_shadow vnmi flexpriority ept vpid fsgsbase tsc_adjust bmi1 avx2 smep bmi2 erms invpcid mpx rdseed adx smap clflushopt intel_pt xsaveopt xsavec xgetbv1 xsaves dtherm ida arat pln pts hwp hwp_notify hwp_act_window hwp_epp flush_l1d
bugs		: cpu_meltdown spectre_v1 spectre_v2 spec_store_bypass l1tf
bogomips	: 5616.00
clflush size	: 64
cache_alignment	: 64
address sizes	: 39 bits physical, 48 bits virtual
power management:

processor	: 6
vendor_id	: GenuineIntel
cpu family	: 6
model		: 158
model name	: Intel(R) Core(TM) i7-7700HQ CPU @ 2.80GHz
stepping	: 9
microcode	: 0x8e
cpu MHz		: 3575.973
cache size	: 6144 KB
physical id	: 0
siblings	: 8
core id		: 2
cpu cores	: 4
apicid		: 5
initial apicid	: 5
fpu		: yes
fpu_exception	: yes
cpuid level	: 22
wp		: yes
flags		: fpu vme de pse tsc msr pae mce cx8 apic sep mtrr pge mca cmov pat pse36 clflush dts acpi mmx fxsr sse sse2 ss ht tm pbe syscall nx pdpe1gb rdtscp lm constant_tsc art arch_perfmon pebs bts rep_good nopl xtopology nonstop_tsc cpuid aperfmperf tsc_known_freq pni pclmulqdq dtes64 monitor ds_cpl vmx est tm2 ssse3 sdbg fma cx16 xtpr pdcm pcid sse4_1 sse4_2 x2apic movbe popcnt tsc_deadline_timer aes xsave avx f16c rdrand lahf_lm abm 3dnowprefetch cpuid_fault epb invpcid_single pti ssbd ibrs ibpb stibp tpr_shadow vnmi flexpriority ept vpid fsgsbase tsc_adjust bmi1 avx2 smep bmi2 erms invpcid mpx rdseed adx smap clflushopt intel_pt xsaveopt xsavec xgetbv1 xsaves dtherm ida arat pln pts hwp hwp_notify hwp_act_window hwp_epp flush_l1d
bugs		: cpu_meltdown spectre_v1 spectre_v2 spec_store_bypass l1tf
bogomips	: 5616.00
clflush size	: 64
cache_alignment	: 64
address sizes	: 39 bits physical, 48 bits virtual
power management:

processor	: 7
vendor_id	: GenuineIntel
cpu family	: 6
model		: 158
model name	: Intel(R) Core(TM) i7-7700HQ CPU @ 2.80GHz
stepping	: 9
microcode	: 0x8e
cpu MHz		: 3552.616
cache size	: 6144 KB
physical id	: 0
siblings	: 8
core id		: 3
cpu cores	: 4
apicid		: 7
initial apicid	: 7
fpu		: yes
fpu_exception	: yes
cpuid level	: 22
wp		: yes
flags		: fpu vme de pse tsc msr pae mce cx8 apic sep mtrr pge mca cmov pat pse36 clflush dts acpi mmx fxsr sse sse2 ss ht tm pbe syscall nx pdpe1gb rdtscp lm constant_tsc art arch_perfmon pebs bts rep_good nopl xtopology nonstop_tsc cpuid aperfmperf tsc_known_freq pni pclmulqdq dtes64 monitor ds_cpl vmx est tm2 ssse3 sdbg fma cx16 xtpr pdcm pcid sse4_1 sse4_2 x2apic movbe popcnt tsc_deadline_timer aes xsave avx f16c rdrand lahf_lm abm 3dnowprefetch cpuid_fault epb invpcid_single pti ssbd ibrs ibpb stibp tpr_shadow vnmi flexpriority ept vpid fsgsbase tsc_adjust bmi1 avx2 smep bmi2 erms invpcid mpx rdseed adx smap clflushopt intel_pt xsaveopt xsavec xgetbv1 xsaves dtherm ida arat pln pts hwp hwp_notify hwp_act_window hwp_epp flush_l1d
bugs		: cpu_meltdown spectre_v1 spectre_v2 spec_store_bypass l1tf
bogomips	: 5616.00
clflush size	: 64
cache_alignment	: 64
address sizes	: 39 bits physical, 48 bits virtual
power management:



Memory: 4k page, physical 16270568k(3838036k free), swap 2097148k(2096644k free)

vm_info: Java HotSpot(TM) 64-Bit Server VM (25.121-b13) for linux-amd64 JRE (1.8.0_121-b13), built on Dec 12 2016 16:36:53 by "java_re" with gcc 4.3.0 20080428 (Red Hat 4.3.0-8)

time: Fri Aug 23 09:13:28 2019
elapsed time: 1 seconds (0d 0h 0m 1s)

