#
# A fatal error has been detected by the Java Runtime Environment:
#
#  SIGSEGV (0xb) at pc=0x00007f87b5fc9869, pid=2830, tid=0x00007f878177a700
#
# JRE version: Java(TM) SE Runtime Environment (8.0_121-b13) (build 1.8.0_121-b13)
# Java VM: Java HotSpot(TM) 64-Bit Server VM (25.121-b13 mixed mode linux-amd64 compressed oops)
# Problematic frame:
# C  [libfreetype.so.6+0x15869]  FT_Done_Face+0x29
#
# Failed to write core dump. Core dumps have been disabled. To enable core dumping, try "ulimit -c unlimited" before starting Java again
#
# If you would like to submit a bug report, please visit:
#   http://bugreport.java.com/bugreport/crash.jsp
# The crash happened outside the Java Virtual Machine in native code.
# See problematic frame for where to report the bug.
#

---------------  T H R E A D  ---------------

Current thread (0x00007f87e0497000):  JavaThread "JavaFX Application Thread" [_thread_in_native, id=2926, stack(0x00007f878167a000,0x00007f878177b000)]

siginfo: si_signo: 11 (SIGSEGV), si_code: 1 (SEGV_MAPERR), si_addr: 0x0000000000000080

Registers:
RAX=0x00007f8780f73e30, RBX=0x00007f8781477510, RCX=0x00007f87e00081c0, RDX=0x0000000000000000
RSP=0x00007f87817771c0, RBP=0x00007f87602e4bf0, RSI=0x00007f8781777260, RDI=0x00007f876028b960
R8 =0x0000000000000000, R9 =0x000000000000000c, R10=0x0000000000000038, R11=0x00007f87b5fc9840
R12=0x0000000000000000, R13=0x00007f8781477510, R14=0x00007f8781777278, R15=0x00007f87e0497000
RIP=0x00007f87b5fc9869, EFLAGS=0x0000000000010246, CSGSFS=0x002b000000000033, ERR=0x0000000000000004
  TRAPNO=0x000000000000000e

Top of Stack: (sp=0x00007f87817771c0)
0x00007f87817771c0:   00007f87e0497000 00007f8781477510
0x00007f87817771d0:   00007f8781777250 0000000000000000
0x00007f87817771e0:   00007f8781477510 00007f8781777278
0x00007f87817771f0:   00007f87e0497000 00007f87d05d8a34
0x00007f8781777200:   00007f87e0497000 00007f87d05d8782
0x00007f8781777210:   00007f8781777210 00007f8781477510
0x00007f8781777220:   00007f8781777278 00007f8781477b98
0x00007f8781777230:   0000000000000000 00007f8781477510
0x00007f8781777240:   0000000000000000 00007f8781777270
0x00007f8781777250:   00007f87817772c0 00007f87d05c8d00
0x00007f8781777260:   0000000771392980 00007f87d05d2536
0x00007f8781777270:   00007f876028b960 000000076d5782e0
0x00007f8781777280:   00007f8781777280 00007f87813fa791
0x00007f8781777290:   00007f8781777310 00007f87814763a0
0x00007f87817772a0:   0000000000000000 00007f87ce60e368
0x00007f87817772b0:   00007f8781777270 00007f8781777308
0x00007f87817772c0:   00007f8781777358 00007f87d05c8a90
0x00007f87817772d0:   00007f876028b960 0000000000000000
0x00007f87817772e0:   000000076d578940 00007f876028b960
0x00007f87817772f0:   0000000000000000 0000000000000001
0x00007f8781777300:   000000076d5782e0 000000076d578220
0x00007f8781777310:   00000007712953f8 00007f8781777318
0x00007f8781777320:   00007f87814674b4 00007f87817773a0
0x00007f8781777330:   00007f878146bc28 0000000000000000
0x00007f8781777340:   00007f8781467558 00007f8781777308
0x00007f8781777350:   00007f8781777398 00007f87817773f8
0x00007f8781777360:   00007f87d05c92bd 0000000000000000
0x00007f8781777370:   0000000000000000 000000076d578220
0x00007f8781777380:   0000000000000000 000000076d578050
0x00007f8781777390:   000000076d5717c0 00000007714dca28
0x00007f87817773a0:   00000007712953f8 0000000000000000
0x00007f87817773b0:   00000007712953f8 00007f87817773a8 

Instructions: (pc=0x00007f87b5fc9869)
0x00007f87b5fc9849:   53 48 83 ec 08 48 85 ff 74 3d 48 8b af b0 00 00
0x00007f87b5fc9859:   00 48 85 ed 74 31 48 8b 97 f0 00 00 00 45 31 e4
0x00007f87b5fc9869:   8b 82 80 00 00 00 83 e8 01 85 c0 89 82 80 00 00
0x00007f87b5fc9879:   00 7e 24 48 83 c4 08 44 89 e0 5b 5d 41 5c 41 5d 

Register to memory mapping:

RAX=0x00007f8780f73e30: Java_com_sun_javafx_font_freetype_OSFreetype_FT_1Done_1Face+0 in /usr/lib/jvm/oracle-java8-jdk-amd64/jre/lib/amd64/libjavafx_font_freetype.so at 0x00007f8780f71000
RBX={method} {0x00007f8781477510} 'FT_Done_Face' '(J)I' in 'com/sun/javafx/font/freetype/OSFreetype'
RCX=0x00007f87e00081c0 is an unknown value
RDX=0x0000000000000000 is an unknown value
RSP=0x00007f87817771c0 is pointing into the stack for thread: 0x00007f87e0497000
RBP=0x00007f87602e4bf0 is an unknown value
RSI=0x00007f8781777260 is pointing into the stack for thread: 0x00007f87e0497000
RDI=0x00007f876028b960 is an unknown value
R8 =0x0000000000000000 is an unknown value
R9 =0x000000000000000c is an unknown value
R10=0x0000000000000038 is an unknown value
R11=0x00007f87b5fc9840: FT_Done_Face+0 in /usr/lib/x86_64-linux-gnu/libfreetype.so.6 at 0x00007f87b5fb4000
R12=0x0000000000000000 is an unknown value
R13={method} {0x00007f8781477510} 'FT_Done_Face' '(J)I' in 'com/sun/javafx/font/freetype/OSFreetype'
R14=0x00007f8781777278 is pointing into the stack for thread: 0x00007f87e0497000
R15=0x00007f87e0497000 is a thread


Stack: [0x00007f878167a000,0x00007f878177b000],  sp=0x00007f87817771c0,  free space=1012k
Native frames: (J=compiled Java code, j=interpreted, Vv=VM code, C=native code)
C  [libfreetype.so.6+0x15869]  FT_Done_Face+0x29

Java frames: (J=compiled Java code, j=interpreted, Vv=VM code)
j  com.sun.javafx.font.freetype.OSFreetype.FT_Done_Face(J)I+0
j  com.sun.javafx.font.freetype.FTFactory.registerEmbeddedFont(Ljava/lang/String;)Z+65
j  com.sun.javafx.font.PrismFontFactory.populateFontFileNameMapGeneric(Ljava/lang/String;)V+76
j  com.sun.javafx.font.PrismFontFactory.getFullNameToFileMap()Ljava/util/HashMap;+357
j  com.sun.javafx.font.PrismFontFactory.getFontResource(Ljava/lang/String;Ljava/lang/String;Z)Lcom/sun/javafx/font/FontResource;+140
j  com.sun.javafx.font.LogicalFont.getSlot0Resource()Lcom/sun/javafx/font/FontResource;+53
j  com.sun.javafx.font.LogicalFont.getDefaultAAMode()I+1
j  com.sun.javafx.font.LogicalFont.getStrike(FLcom/sun/javafx/geom/transform/BaseTransform;)Lcom/sun/javafx/font/FontStrike;+4
j  com.sun.javafx.font.PrismFont.getStrike(Lcom/sun/javafx/geom/transform/BaseTransform;)Lcom/sun/javafx/font/FontStrike;+9
j  com.sun.javafx.text.PrismTextLayout.setContent(Ljava/lang/String;Ljava/lang/Object;)Z+25
j  javafx.scene.text.Text.getTextLayout()Lcom/sun/javafx/scene/text/TextLayout;+81
j  javafx.scene.text.Text.needsFullTextLayout()V+16
j  javafx.scene.text.Text.access$200(Ljavafx/scene/text/Text;)V+1
j  javafx.scene.text.Text$5.invalidated()V+4
j  javafx.beans.property.ObjectPropertyBase.markInvalid()V+13
j  javafx.beans.property.ObjectPropertyBase.bind(Ljavafx/beans/value/ObservableValue;)V+67
j  javafx.css.StyleableObjectProperty.bind(Ljavafx/beans/value/ObservableValue;)V+2
j  com.sun.javafx.scene.control.skin.TextFieldSkin.<init>(Ljavafx/scene/control/TextField;Lcom/sun/javafx/scene/control/behavior/TextFieldBehavior;)V+358
j  com.sun.javafx.scene.control.skin.TextFieldSkin.<init>(Ljavafx/scene/control/TextField;)V+31
j  javafx.scene.control.TextField.createDefaultSkin()Ljavafx/scene/control/Skin;+5
j  javafx.scene.control.Control.impl_processCSS(Ljavafx/beans/value/WritableValue;)V+13
j  javafx.scene.Parent.impl_processCSS(Ljavafx/beans/value/WritableValue;)V+128
j  javafx.scene.Parent.impl_processCSS(Ljavafx/beans/value/WritableValue;)V+128
j  javafx.scene.Parent.impl_processCSS(Ljavafx/beans/value/WritableValue;)V+128
j  javafx.scene.Node.processCSS()V+100
j  javafx.scene.Scene.doCSSPass()V+23
j  javafx.scene.Scene.preferredSize()V+6
j  javafx.scene.Scene.impl_preferredSize()V+1
j  javafx.stage.Window$9.invalidated()V+243
j  javafx.beans.property.BooleanPropertyBase.markInvalid()V+13
j  javafx.beans.property.BooleanPropertyBase.set(Z)V+106
j  javafx.stage.Window.setShowing(Z)V+11
j  javafx.stage.Window.show()V+2
j  javafx.stage.Stage.show()V+1
j  fr.vincentfillon.Main.initInterfacePrncipale()V+47
j  fr.vincentfillon.Main.start(Ljavafx/stage/Stage;)V+7
j  com.sun.javafx.application.LauncherImpl.lambda$launchApplication1$162(Ljava/util/concurrent/atomic/AtomicBoolean;Ljavafx/application/Application;)V+20
j  com.sun.javafx.application.LauncherImpl$$Lambda$58.run()V+8
j  com.sun.javafx.application.PlatformImpl.lambda$runAndWait$175(Ljava/lang/Runnable;Ljava/util/concurrent/CountDownLatch;)V+1
j  com.sun.javafx.application.PlatformImpl$$Lambda$51.run()V+8
j  com.sun.javafx.application.PlatformImpl.lambda$null$173(Ljava/lang/Runnable;)Ljava/lang/Void;+1
j  com.sun.javafx.application.PlatformImpl$$Lambda$53.run()Ljava/lang/Object;+4
v  ~StubRoutines::call_stub
j  java.security.AccessController.doPrivileged(Ljava/security/PrivilegedAction;Ljava/security/AccessControlContext;)Ljava/lang/Object;+0
j  com.sun.javafx.application.PlatformImpl.lambda$runLater$174(Ljava/lang/Runnable;Ljava/security/AccessControlContext;)V+7
j  com.sun.javafx.application.PlatformImpl$$Lambda$52.run()V+8
j  com.sun.glass.ui.InvokeLaterDispatcher$Future.run()V+4
v  ~StubRoutines::call_stub
j  com.sun.glass.ui.gtk.GtkApplication._runLoop(Ljava/lang/Runnable;Z)V+0
j  com.sun.glass.ui.gtk.GtkApplication.lambda$null$49(Ljava/lang/Runnable;Z)V+7
j  com.sun.glass.ui.gtk.GtkApplication$$Lambda$41.run()V+12
j  java.lang.Thread.run()V+11
v  ~StubRoutines::call_stub

---------------  P R O C E S S  ---------------

Java Threads: ( => current thread )
  0x00007f87e049c000 JavaThread "JavaFX-Launcher" [_thread_blocked, id=2928, stack(0x00007f8781579000,0x00007f878167a000)]
=>0x00007f87e0497000 JavaThread "JavaFX Application Thread" [_thread_in_native, id=2926, stack(0x00007f878167a000,0x00007f878177b000)]
  0x00007f87e048a800 JavaThread "Thread-1" daemon [_thread_blocked, id=2925, stack(0x00007f878177b000,0x00007f878187c000)]
  0x00007f87e0408000 JavaThread "QuantumRenderer-0" daemon [_thread_blocked, id=2924, stack(0x00007f87b7eff000,0x00007f87b8000000)]
  0x00007f87e0336800 JavaThread "Service Thread" daemon [_thread_blocked, id=2922, stack(0x00007f87c4107000,0x00007f87c4208000)]
  0x00007f87e0331800 JavaThread "C1 CompilerThread3" daemon [_thread_blocked, id=2921, stack(0x00007f87c7421000,0x00007f87c7521000)]
  0x00007f87e032f000 JavaThread "C2 CompilerThread2" daemon [_thread_in_native, id=2920, stack(0x00007f87c7522000,0x00007f87c7622000)]
  0x00007f87e032b800 JavaThread "C2 CompilerThread1" daemon [_thread_blocked, id=2919, stack(0x00007f87c7623000,0x00007f87c7723000)]
  0x00007f87e032a000 JavaThread "C2 CompilerThread0" daemon [_thread_blocked, id=2918, stack(0x00007f87c7724000,0x00007f87c7824000)]
  0x00007f87e032d000 JavaThread "Monitor Ctrl-Break" daemon [_thread_in_native, id=2917, stack(0x00007f87c7824000,0x00007f87c7925000)]
  0x00007f87e020a800 JavaThread "Signal Dispatcher" daemon [_thread_blocked, id=2892, stack(0x00007f87c7a2d000,0x00007f87c7b2e000)]
  0x00007f87e01d7800 JavaThread "Finalizer" daemon [_thread_blocked, id=2884, stack(0x00007f87c7dfe000,0x00007f87c7eff000)]
  0x00007f87e01d3000 JavaThread "Reference Handler" daemon [_thread_blocked, id=2882, stack(0x00007f87c7eff000,0x00007f87c8000000)]
  0x00007f87e000d800 JavaThread "main" [_thread_blocked, id=2832, stack(0x00007f87e70e1000,0x00007f87e71e1000)]

Other Threads:
  0x00007f87e01cb000 VMThread [stack: 0x00007f87cc003000,0x00007f87cc103000] [id=2863]
  0x00007f87e0339000 WatcherThread [stack: 0x00007f87c4007000,0x00007f87c4107000] [id=2923]

VM state:not at safepoint (normal execution)

VM Mutex/Monitor currently owned by a thread: None

Heap:
 PSYoungGen      total 74752K, used 7016K [0x000000076d380000, 0x0000000776580000, 0x00000007c0000000)
  eden space 64512K, 4% used [0x000000076d380000,0x000000076d666508,0x0000000771280000)
  from space 10240K, 39% used [0x0000000771280000,0x0000000771673c80,0x0000000771c80000)
  to   space 10240K, 0% used [0x0000000775b80000,0x0000000775b80000,0x0000000776580000)
 ParOldGen       total 171008K, used 26367K [0x00000006c7a00000, 0x00000006d2100000, 0x000000076d380000)
  object space 171008K, 15% used [0x00000006c7a00000,0x00000006c93bffc8,0x00000006d2100000)
 Metaspace       used 13983K, capacity 14524K, committed 14720K, reserved 1062912K
  class space    used 1974K, capacity 2105K, committed 2176K, reserved 1048576K

Card table byte_map: [0x00007f87cfa3d000,0x00007f87d0201000] byte_map_base: 0x00007f87cc400000

Marking Bits: (ParMarkBitMap*) 0x00007f87e6584c80
 Begin Bits: [0x00007f87903d0000, 0x00007f87941e8000)
 End Bits:   [0x00007f87941e8000, 0x00007f8798000000)

Polling page: 0x00007f87e7202000

CodeCache: size=245760Kb used=3434Kb max_used=3445Kb free=242325Kb
 bounds [0x00007f87d05c1000, 0x00007f87d0931000, 0x00007f87df5c1000]
 total_blobs=1460 nmethods=912 adapters=462
 compilation: enabled

Compilation events (10 events):
Event: 0,955 Thread 0x00007f87e032f000  909       4       java.lang.String::toLowerCase (439 bytes)
Event: 0,955 Thread 0x00007f87e0331800 nmethod 908 0x00007f87d091fa50 code [0x00007f87d091fbc0, 0x00007f87d091fe28]
Event: 0,955 Thread 0x00007f87e0331800  910       3       java.util.HashMap$KeyIterator::next (8 bytes)
Event: 0,955 Thread 0x00007f87e0331800 nmethod 910 0x00007f87d091f610 code [0x00007f87d091f780, 0x00007f87d091f988]
Event: 0,956 Thread 0x00007f87e0331800  912       3       java.nio.charset.CharsetDecoder::maxCharsPerByte (5 bytes)
Event: 0,956 Thread 0x00007f87e0331800 nmethod 912 0x00007f87d091f310 code [0x00007f87d091f460, 0x00007f87d091f5b0]
Event: 0,956 Thread 0x00007f87e0331800  913       3       java.lang.ThreadLocal::getMap (5 bytes)
Event: 0,956 Thread 0x00007f87e0331800 nmethod 913 0x00007f87d091ef90 code [0x00007f87d091f100, 0x00007f87d091f250]
Event: 0,956 Thread 0x00007f87e0331800  911       1       java.lang.ThreadLocal::access$400 (5 bytes)
Event: 0,956 Thread 0x00007f87e0331800 nmethod 911 0x00007f87d091ecd0 code [0x00007f87d091ee20, 0x00007f87d091ef10]

GC Heap History (2 events):
Event: 0,908 GC heap before
{Heap before GC invocations=1 (full 0):
 PSYoungGen      total 74752K, used 64512K [0x000000076d380000, 0x0000000772680000, 0x00000007c0000000)
  eden space 64512K, 100% used [0x000000076d380000,0x0000000771280000,0x0000000771280000)
  from space 10240K, 0% used [0x0000000771c80000,0x0000000771c80000,0x0000000772680000)
  to   space 10240K, 0% used [0x0000000771280000,0x0000000771280000,0x0000000771c80000)
 ParOldGen       total 171008K, used 0K [0x00000006c7a00000, 0x00000006d2100000, 0x000000076d380000)
  object space 171008K, 0% used [0x00000006c7a00000,0x00000006c7a00000,0x00000006d2100000)
 Metaspace       used 13748K, capacity 14270K, committed 14464K, reserved 1060864K
  class space    used 1921K, capacity 2068K, committed 2176K, reserved 1048576K
Event: 0,926 GC heap after
Heap after GC invocations=1 (full 0):
 PSYoungGen      total 74752K, used 4047K [0x000000076d380000, 0x0000000776580000, 0x00000007c0000000)
  eden space 64512K, 0% used [0x000000076d380000,0x000000076d380000,0x0000000771280000)
  from space 10240K, 39% used [0x0000000771280000,0x0000000771673c80,0x0000000771c80000)
  to   space 10240K, 0% used [0x0000000775b80000,0x0000000775b80000,0x0000000776580000)
 ParOldGen       total 171008K, used 26367K [0x00000006c7a00000, 0x00000006d2100000, 0x000000076d380000)
  object space 171008K, 15% used [0x00000006c7a00000,0x00000006c93bffc8,0x00000006d2100000)
 Metaspace       used 13748K, capacity 14270K, committed 14464K, reserved 1060864K
  class space    used 1921K, capacity 2068K, committed 2176K, reserved 1048576K
}

Deoptimization events (10 events):
Event: 0,800 Thread 0x00007f87e0497000 Uncommon trap: reason=unstable_if action=reinterpret pc=0x00007f87d085a900 method=java.util.HashMap.hash(Ljava/lang/Object;)I @ 1
Event: 0,845 Thread 0x00007f87e0497000 Uncommon trap: reason=unstable_if action=reinterpret pc=0x00007f87d089901c method=sun.net.www.ParseUtil.encodePath(Ljava/lang/String;Z)Ljava/lang/String; @ 109
Event: 0,867 Thread 0x00007f87e0497000 Uncommon trap: reason=class_check action=maybe_recompile pc=0x00007f87d0813d44 method=java.io.DataInputStream.readShort()S @ 4
Event: 0,867 Thread 0x00007f87e0497000 Uncommon trap: reason=class_check action=maybe_recompile pc=0x00007f87d0813d44 method=java.io.DataInputStream.readShort()S @ 4
Event: 0,867 Thread 0x00007f87e0497000 Uncommon trap: reason=class_check action=maybe_recompile pc=0x00007f87d0813d44 method=java.io.DataInputStream.readShort()S @ 4
Event: 0,867 Thread 0x00007f87e0497000 Uncommon trap: reason=class_check action=maybe_recompile pc=0x00007f87d0813d44 method=java.io.DataInputStream.readShort()S @ 4
Event: 0,870 Thread 0x00007f87e0497000 Uncommon trap: reason=class_check action=maybe_recompile pc=0x00007f87d075369c method=java.lang.String.equals(Ljava/lang/Object;)Z @ 8
Event: 0,870 Thread 0x00007f87e0497000 Uncommon trap: reason=class_check action=maybe_recompile pc=0x00007f87d075369c method=java.lang.String.equals(Ljava/lang/Object;)Z @ 8
Event: 0,870 Thread 0x00007f87e0497000 Uncommon trap: reason=class_check action=maybe_recompile pc=0x00007f87d075369c method=java.lang.String.equals(Ljava/lang/Object;)Z @ 8
Event: 0,872 Thread 0x00007f87e0497000 Uncommon trap: reason=class_check action=maybe_recompile pc=0x00007f87d075369c method=java.lang.String.equals(Ljava/lang/Object;)Z @ 8

Internal exceptions (10 events):
Event: 0,160 Thread 0x00007f87e000d800 Exception <a 'java/security/PrivilegedActionException'> (0x000000076d9cf740) thrown at [/HUDSON3/workspace/8-2-build-linux-amd64/jdk8u121/8372/hotspot/src/share/vm/prims/jvm.cpp, line 1390]
Event: 0,160 Thread 0x00007f87e000d800 Exception <a 'java/lang/NullPointerException'> (0x000000076d9d0e38) thrown at [/HUDSON3/workspace/8-2-build-linux-amd64/jdk8u121/8372/hotspot/src/share/vm/interpreter/linkResolver.cpp, line 1178]
Event: 0,177 Thread 0x00007f87e000d800 Implicit null exception at 0x00007f87d06d9855 to 0x00007f87d06d9a3d
Event: 0,391 Thread 0x00007f87e0497000 Exception <a 'java/lang/NullPointerException'> (0x000000076e8758a8) thrown at [/HUDSON3/workspace/8-2-build-linux-amd64/jdk8u121/8372/hotspot/src/share/vm/interpreter/linkResolver.cpp, line 1178]
Event: 0,391 Thread 0x00007f87e0497000 Exception <a 'java/lang/NullPointerException'> (0x000000076e8758a8) thrown at [/HUDSON3/workspace/8-2-build-linux-amd64/jdk8u121/8372/hotspot/src/share/vm/prims/jvm.cpp, line 1394]
Event: 0,457 Thread 0x00007f87e0497000 Exception <a 'java/lang/ArrayIndexOutOfBoundsException': 58> (0x000000076ed9e788) thrown at [/HUDSON3/workspace/8-2-build-linux-amd64/jdk8u121/8372/hotspot/src/share/vm/interpreter/interpreterRuntime.cpp, line 366]
Event: 0,457 Thread 0x00007f87e0497000 Exception <a 'java/lang/ArrayIndexOutOfBoundsException': 18> (0x000000076eda3608) thrown at [/HUDSON3/workspace/8-2-build-linux-amd64/jdk8u121/8372/hotspot/src/share/vm/interpreter/interpreterRuntime.cpp, line 366]
Event: 0,457 Thread 0x00007f87e0497000 Exception <a 'java/lang/ArrayIndexOutOfBoundsException': 86> (0x000000076eda54b0) thrown at [/HUDSON3/workspace/8-2-build-linux-amd64/jdk8u121/8372/hotspot/src/share/vm/interpreter/interpreterRuntime.cpp, line 366]
Event: 0,523 Thread 0x00007f87e0497000 Exception <a 'java/lang/ArrayIndexOutOfBoundsException'> (0x000000076ef65f68) thrown at [/HUDSON3/workspace/8-2-build-linux-amd64/jdk8u121/8372/hotspot/src/share/vm/runtime/sharedRuntime.cpp, line 605]
Event: 0,800 Thread 0x00007f87e0497000 Implicit null exception at 0x00007f87d085a6b5 to 0x00007f87d085a8f1

Events (10 events):
Event: 0,944 loading class javafx/scene/text/Text$StyleableProperties$7
Event: 0,944 loading class javafx/scene/text/Text$StyleableProperties$7 done
Event: 0,944 loading class javafx/scene/text/Text$StyleableProperties$8
Event: 0,944 loading class javafx/scene/text/Text$StyleableProperties$8 done
Event: 0,945 loading class javafx/scene/text/FontSmoothingType
Event: 0,945 loading class javafx/scene/text/FontSmoothingType done
Event: 0,945 loading class javafx/beans/property/ObjectPropertyBase$Listener
Event: 0,945 loading class javafx/beans/property/ObjectPropertyBase$Listener done
Event: 0,956 loading class com/sun/javafx/font/PrismFontFactory$TTFilter
Event: 0,956 loading class com/sun/javafx/font/PrismFontFactory$TTFilter done


Dynamic libraries:
00400000-00401000 r-xp 00000000 103:02 16780315                          /usr/lib/jvm/oracle-java8-jdk-amd64/bin/java
00600000-00601000 rw-p 00000000 103:02 16780315                          /usr/lib/jvm/oracle-java8-jdk-amd64/bin/java
0254a000-0256b000 rw-p 00000000 00:00 0                                  [heap]
41385000-41387000 r-xs 00000000 103:02 12982910                          /tmp/.glLjngRc (deleted)
41f4c000-41fed000 rw-p 00000000 00:00 0 
6c7a00000-6d2100000 rw-p 00000000 00:00 0 
6d2100000-76d380000 ---p 00000000 00:00 0 
76d380000-776580000 rw-p 00000000 00:00 0 
776580000-7c0000000 ---p 00000000 00:00 0 
7c0000000-7c0220000 rw-p 00000000 00:00 0 
7c0220000-800000000 ---p 00000000 00:00 0 
7f8754000000-7f8754021000 rw-p 00000000 00:00 0 
7f8754021000-7f8758000000 ---p 00000000 00:00 0 
7f875c000000-7f875c021000 rw-p 00000000 00:00 0 
7f875c021000-7f8760000000 ---p 00000000 00:00 0 
7f8760000000-7f87602f3000 rw-p 00000000 00:00 0 
7f87602f3000-7f8764000000 ---p 00000000 00:00 0 
7f8764000000-7f8764021000 rw-p 00000000 00:00 0 
7f8764021000-7f8768000000 ---p 00000000 00:00 0 
7f8768000000-7f87687c0000 rw-p 00000000 00:00 0 
7f87687c0000-7f876c000000 ---p 00000000 00:00 0 
7f876c000000-7f876c209000 rw-p 00000000 00:00 0 
7f876c209000-7f8770000000 ---p 00000000 00:00 0 
7f8770000000-7f8770021000 rw-p 00000000 00:00 0 
7f8770021000-7f8774000000 ---p 00000000 00:00 0 
7f8774000000-7f8774242000 rw-p 00000000 00:00 0 
7f8774242000-7f8778000000 ---p 00000000 00:00 0 
7f8778000000-7f87780ef000 rw-p 00000000 00:00 0 
7f87780ef000-7f877c000000 ---p 00000000 00:00 0 
7f877c000000-7f877c021000 rw-p 00000000 00:00 0 
7f877c021000-7f8780000000 ---p 00000000 00:00 0 
7f8780aa2000-7f8780ae2000 rw-p 00000000 00:00 0 
7f8780ae2000-7f8780ca2000 ---p 00000000 00:00 0 
7f8780ca2000-7f8780ca7000 r--s 00084000 103:02 16780398                  /usr/lib/jvm/oracle-java8-jdk-amd64/jre/lib/jfr.jar
7f8780ca7000-7f8780ea7000 rw-p 00000000 00:00 0 
7f8780ea7000-7f8780eb2000 r--s 00000000 103:02 28191577                  /var/cache/fontconfig/945677eb7aeaf62f1d50efc3fb3ec7d8-le64.cache-7
7f8780eb2000-7f8780eb7000 r--s 00000000 103:02 28192126                  /var/cache/fontconfig/2300eef321c393bfd76478a5c0e95b23-le64.cache-7
7f8780eb7000-7f8780eb8000 r--s 00000000 103:02 28192125                  /var/cache/fontconfig/0d8c3b2ac0904cb8a57a757ad11a4a08-le64.cache-7
7f8780eb8000-7f8780ebc000 r--s 00000000 103:02 28192124                  /var/cache/fontconfig/de156ccd2eddbdc19d37a45b8b2aac9c-le64.cache-7
7f8780ebc000-7f8780ed1000 r--s 00000000 103:02 28192114                  /var/cache/fontconfig/04aabc0a78ac019cf9454389977116d2-le64.cache-7
7f8780ed1000-7f8780ed2000 r--s 00000000 103:02 28192087                  /var/cache/fontconfig/1ac9eb803944fde146138c791f5cc56a-le64.cache-7
7f8780ed2000-7f8780ed3000 r--s 00000000 103:02 28192086                  /var/cache/fontconfig/dc05db6664285cc2f12bf69c139ae4c3-le64.cache-7
7f8780ed3000-7f8780ed5000 r--s 00000000 103:02 28191939                  /var/cache/fontconfig/14a5e22175779b556eaa434240950366-le64.cache-7
7f8780ed5000-7f8780ed6000 r--s 00000000 103:02 28191938                  /var/cache/fontconfig/660208299946a285a940457d1287da33-le64.cache-7
7f8780ed6000-7f8780ed8000 r--s 00000000 103:02 28191937                  /var/cache/fontconfig/4f3e3037c9980c83b53a9351efadef62-le64.cache-7
7f8780ed8000-7f8780eda000 r--s 00000000 103:02 28191936                  /var/cache/fontconfig/767a8244fc0220cfb567a839d0392e0b-le64.cache-7
7f8780eda000-7f8780edb000 r--s 00000000 103:02 28183773                  /var/cache/fontconfig/4794a0821666d79190d59a36cb4f44b5-le64.cache-7
7f8780edb000-7f8780edd000 r--s 00000000 103:02 28191934                  /var/cache/fontconfig/0bd3dc0958fa2205aaaa8ebb13e2872b-le64.cache-7
7f8780edd000-7f8780f18000 r--s 00000000 103:02 28194130                  /var/cache/fontconfig/365b55f210c0a22e9a19e35191240f32-le64.cache-7
7f8780f18000-7f8780f1d000 r--s 00000000 103:02 28191923                  /var/cache/fontconfig/def309198bfa603429122923fa2bb2d4-le64.cache-7
7f8780f1d000-7f8780f1e000 r--s 00000000 103:02 28191890                  /var/cache/fontconfig/b872e6e592da6075ffa4ab0a1fcc0c75-le64.cache-7
7f8780f1e000-7f8780f1f000 r--s 00000000 103:02 28191880                  /var/cache/fontconfig/f6d4eedfaab2589bde49f7a3ff831d22-le64.cache-7
7f8780f1f000-7f8780f20000 r--s 00000000 103:02 28191879                  /var/cache/fontconfig/589f83ef4c36d296ce6e1c846f468f08-le64.cache-7
7f8780f20000-7f8780f21000 r--s 00000000 103:02 28191874                  /var/cache/fontconfig/bab58bb527bb656aaa9f116d68a48d89-le64.cache-7
7f8780f21000-7f8780f22000 r--s 00000000 103:02 28191873                  /var/cache/fontconfig/2171a34dccabdb6bcbbc728186263178-le64.cache-7
7f8780f22000-7f8780f23000 r--s 00000000 103:02 28191868                  /var/cache/fontconfig/c5c45a61289222e0d30b1a26ef4effbe-le64.cache-7
7f8780f23000-7f8780f24000 r--s 00000000 103:02 28191867                  /var/cache/fontconfig/aec30016f93e1b46d1a973dce0d74068-le64.cache-7
7f8780f24000-7f8780f25000 r--s 00000000 103:02 28191861                  /var/cache/fontconfig/3f589640d34b7dc9042c8d453f7c8b9c-le64.cache-7
7f8780f25000-7f8780f26000 r--s 00000000 103:02 28191860                  /var/cache/fontconfig/16c2fda60d1b4b719f4b3d06fd951d25-le64.cache-7
7f8780f26000-7f8780f27000 r--s 00000000 103:02 28191858                  /var/cache/fontconfig/a48eab177a16e4f3713381162db2f3e9-le64.cache-7
7f8780f27000-7f8780f28000 r--s 00000000 103:02 28191834                  /var/cache/fontconfig/564b2e68ac9bc4e36a6f7f6d6125ec1c-le64.cache-7
7f8780f28000-7f8780f2d000 r--s 00000000 103:02 28191806                  /var/cache/fontconfig/9d2451b1fd30e5bffe8383fd27c35478-le64.cache-7
7f8780f2d000-7f8780f33000 r--s 00000000 103:02 28191805                  /var/cache/fontconfig/3047814df9a2f067bd2d96a2b9c36e5a-le64.cache-7
7f8780f33000-7f8780f3b000 r--s 00000000 103:02 28191804                  /var/cache/fontconfig/bf3b770c553c462765856025a94f1ce6-le64.cache-7
7f8780f3b000-7f8780f3c000 r--s 00000000 103:02 28191803                  /var/cache/fontconfig/56cf4f4769d0f4abc89a4895d7bd3ae1-le64.cache-7
7f8780f3c000-7f8780f3d000 r--s 00000000 103:02 28191801                  /var/cache/fontconfig/b9d506c9ac06c20b433354fa67a72993-le64.cache-7
7f8780f3d000-7f8780f43000 r--s 00000000 103:02 28191800                  /var/cache/fontconfig/b47c4e1ecd0709278f4910c18777a504-le64.cache-7
7f8780f43000-7f8780f46000 r--s 00000000 103:02 28191799                  /var/cache/fontconfig/e49e89034d371f0f9de17aab02136486-le64.cache-7
7f8780f46000-7f8780f48000 r--s 00000000 103:02 28191798                  /var/cache/fontconfig/4b14b093aebc79c320de5e86ae1d3314-le64.cache-7
7f8780f48000-7f8780f5b000 r--s 00000000 103:02 28191796                  /var/cache/fontconfig/d52a8644073d54c13679302ca1180695-le64.cache-7
7f8780f5b000-7f8780f5c000 r--s 00000000 103:02 28191791                  /var/cache/fontconfig/370e5b74bf5dafc30834de68e24a87a4-le64.cache-7
7f8780f5c000-7f8780f5d000 r--s 00000000 103:02 28191785                  /var/cache/fontconfig/6b2c5944714ca7831b25bed9e85cb5c8-le64.cache-7
7f8780f5d000-7f8780f5e000 r--s 00000000 103:02 28191774                  /var/cache/fontconfig/d5178ab6d91b49bf20a416737dcea9e8-le64.cache-7
7f8780f5e000-7f8780f5f000 r--s 00000000 103:02 28191770                  /var/cache/fontconfig/551ecf3b0e8b0bca0f25c0944f561853-le64.cache-7
7f8780f5f000-7f8780f62000 r--s 00000000 103:02 28191763                  /var/cache/fontconfig/f259c2cffa685e28062317905db73c4a-le64.cache-7
7f8780f62000-7f8780f65000 r--s 00000000 103:02 28191760                  /var/cache/fontconfig/674d1711f2d1d2a09646eb0bdcadee49-le64.cache-7
7f8780f65000-7f8780f71000 r--s 00000000 103:02 28191757                  /var/cache/fontconfig/d589a48862398ed80a3d6066f4f56f4c-le64.cache-7
7f8780f71000-7f8780f76000 r-xp 00000000 103:02 17044692                  /usr/lib/jvm/oracle-java8-jdk-amd64/jre/lib/amd64/libjavafx_font_freetype.so
7f8780f76000-7f8781175000 ---p 00005000 103:02 17044692                  /usr/lib/jvm/oracle-java8-jdk-amd64/jre/lib/amd64/libjavafx_font_freetype.so
7f8781175000-7f8781176000 rw-p 00004000 103:02 17044692                  /usr/lib/jvm/oracle-java8-jdk-amd64/jre/lib/amd64/libjavafx_font_freetype.so
7f8781176000-7f8781179000 r-xp 00000000 103:02 17044719                  /usr/lib/jvm/oracle-java8-jdk-amd64/jre/lib/amd64/libjavafx_font.so
7f8781179000-7f8781378000 ---p 00003000 103:02 17044719                  /usr/lib/jvm/oracle-java8-jdk-amd64/jre/lib/amd64/libjavafx_font.so
7f8781378000-7f8781379000 rw-p 00002000 103:02 17044719                  /usr/lib/jvm/oracle-java8-jdk-amd64/jre/lib/amd64/libjavafx_font.so
7f8781379000-7f8781579000 rw-p 00000000 00:00 0 
7f8781579000-7f878157c000 ---p 00000000 00:00 0 
7f878157c000-7f878167a000 rw-p 00000000 00:00 0 
7f878167a000-7f878167d000 ---p 00000000 00:00 0 
7f878167d000-7f878177b000 rw-p 00000000 00:00 0 
7f878177b000-7f878177e000 ---p 00000000 00:00 0 
7f878177e000-7f878187c000 rw-p 00000000 00:00 0 
7f878187c000-7f87818b6000 r-xp 00000000 103:02 18354461                  /usr/lib/x86_64-linux-gnu/gtk-2.0/2.10.0/engines/libmurrine.so
7f87818b6000-7f8781ab6000 ---p 0003a000 103:02 18354461                  /usr/lib/x86_64-linux-gnu/gtk-2.0/2.10.0/engines/libmurrine.so
7f8781ab6000-7f8781ab7000 r--p 0003a000 103:02 18354461                  /usr/lib/x86_64-linux-gnu/gtk-2.0/2.10.0/engines/libmurrine.so
7f8781ab7000-7f8781ab8000 rw-p 0003b000 103:02 18354461                  /usr/lib/x86_64-linux-gnu/gtk-2.0/2.10.0/engines/libmurrine.so
7f8781ab8000-7f8781ae3000 r--p 00000000 103:02 16649884                  /usr/share/locale-langpack/fr/LC_MESSAGES/gtk20-properties.mo
7f8781ae3000-7f8781b09000 r--p 00000000 103:02 16646400                  /usr/share/locale-langpack/fr/LC_MESSAGES/libc.mo
7f8781b09000-7f8781b32000 r-xp 00000000 103:02 17044704                  /usr/lib/jvm/oracle-java8-jdk-amd64/jre/lib/amd64/libglass.so
7f8781b32000-7f8781d31000 ---p 00029000 103:02 17044704                  /usr/lib/jvm/oracle-java8-jdk-amd64/jre/lib/amd64/libglass.so
7f8781d31000-7f8781d34000 rw-p 00028000 103:02 17044704                  /usr/lib/jvm/oracle-java8-jdk-amd64/jre/lib/amd64/libglass.so
7f8781d34000-7f8781db4000 rw-s 00000000 00:06 451                        /dev/nvidiactl
7f8781db4000-7f8781e34000 rw-s 00000000 00:06 451                        /dev/nvidiactl
7f8781e34000-7f8781eb4000 rw-s 00000000 00:06 451                        /dev/nvidiactl
7f8781eb4000-7f8781fb4000 rw-s 00000000 00:06 451                        /dev/nvidiactl
7f8781fb4000-7f8781ff4000 rw-s 00000000 00:06 451                        /dev/nvidiactl
7f8781ff4000-7f8783413000 r-xp 00000000 103:02 14693967                  /usr/lib/x86_64-linux-gnu/libnvidia-glcore.so.390.87
7f8783413000-7f8783434000 rwxp 0141f000 103:02 14693967                  /usr/lib/x86_64-linux-gnu/libnvidia-glcore.so.390.87
7f8783434000-7f8783870000 r-xp 01440000 103:02 14693967                  /usr/lib/x86_64-linux-gnu/libnvidia-glcore.so.390.87
7f8783870000-7f8783a6f000 ---p 0187c000 103:02 14693967                  /usr/lib/x86_64-linux-gnu/libnvidia-glcore.so.390.87
7f8783a6f000-7f8783de2000 rw-p 0187b000 103:02 14693967                  /usr/lib/x86_64-linux-gnu/libnvidia-glcore.so.390.87
7f8783de2000-7f8783dfc000 rw-p 00000000 00:00 0 
7f8783dfc000-7f8783dff000 r-xp 00000000 103:02 14947568                  /usr/lib/x86_64-linux-gnu/tls/libnvidia-tls.so.390.87
7f8783dff000-7f8783fff000 ---p 00003000 103:02 14947568                  /usr/lib/x86_64-linux-gnu/tls/libnvidia-tls.so.390.87
7f8783fff000-7f8784000000 rw-p 00003000 103:02 14947568                  /usr/lib/x86_64-linux-gnu/tls/libnvidia-tls.so.390.87
7f8784000000-7f8784021000 rw-p 00000000 00:00 0 
7f8784021000-7f8788000000 ---p 00000000 00:00 0 
7f8788000000-7f8788021000 rw-p 00000000 00:00 0 
7f8788021000-7f878c000000 ---p 00000000 00:00 0 
7f878c000000-7f878c021000 rw-p 00000000 00:00 0 
7f878c021000-7f8790000000 ---p 00000000 00:00 0 
7f8790000000-7f8790002000 r--s 00000000 103:02 28191762                  /var/cache/fontconfig/550f3886151c940c12a5ed35f6a00586-le64.cache-7
7f8790002000-7f8790003000 r--s 00000000 103:02 28191758                  /var/cache/fontconfig/3f7329c5293ffd510edef78f73874cfd-le64.cache-7
7f8790003000-7f8790011000 r--s 00000000 103:02 28191665                  /var/cache/fontconfig/9b89f8e3dae116d678bbf48e5f21f69b-le64.cache-7
7f8790011000-7f8790024000 r--s 00000000 103:02 28191627                  /var/cache/fontconfig/4ac51e5cfbc76fc3f983e470323a16d3-le64.cache-7
7f8790024000-7f8790033000 r--p 00000000 103:02 16649885                  /usr/share/locale-langpack/fr/LC_MESSAGES/gtk20.mo
7f8790033000-7f8790053000 rw-s 00000000 00:06 451                        /dev/nvidiactl
7f8790053000-7f8790093000 rw-s 00000000 00:06 451                        /dev/nvidiactl
7f8790093000-7f879015c000 r-xp 00000000 103:02 14693964                  /usr/lib/x86_64-linux-gnu/libGLX_nvidia.so.390.87
7f879015c000-7f8790190000 rwxp 000c9000 103:02 14693964                  /usr/lib/x86_64-linux-gnu/libGLX_nvidia.so.390.87
7f8790190000-7f87901a4000 r-xp 000fd000 103:02 14693964                  /usr/lib/x86_64-linux-gnu/libGLX_nvidia.so.390.87
7f87901a4000-7f87903a4000 ---p 00111000 103:02 14693964                  /usr/lib/x86_64-linux-gnu/libGLX_nvidia.so.390.87
7f87903a4000-7f87903c9000 rw-p 00111000 103:02 14693964                  /usr/lib/x86_64-linux-gnu/libGLX_nvidia.so.390.87
7f87903c9000-7f8798000000 rw-p 00000000 00:00 0 
7f8798000000-7f8798021000 rw-p 00000000 00:00 0 
7f8798021000-7f879c000000 ---p 00000000 00:00 0 
7f879c000000-7f879c021000 rw-p 00000000 00:00 0 
7f879c021000-7f87a0000000 ---p 00000000 00:00 0 
7f87a0000000-7f87a0021000 rw-p 00000000 00:00 0 
7f87a0021000-7f87a4000000 ---p 00000000 00:00 0 
7f87a4000000-7f87a4004000 r--s 00000000 103:02 28191727                  /var/cache/fontconfig/246184dc75a16901ca37d96895904249-le64.cache-7
7f87a4004000-7f87a4005000 r--s 00000000 103:02 28191720                  /var/cache/fontconfig/0c9eb80ebd1c36541ebe2852d3bb0c49-le64.cache-7
7f87a4005000-7f87a4006000 r--s 00000000 103:02 28191719                  /var/cache/fontconfig/22368d551a680bfe5a62c02760edf4ea-le64.cache-7
7f87a4006000-7f87a4007000 r--s 00000000 103:02 28191717                  /var/cache/fontconfig/4d9c95eba1cb85bbcf2878543262124a-le64.cache-7
7f87a4007000-7f87a4008000 r--s 00000000 103:02 28191712                  /var/cache/fontconfig/85e0a52ce643a7ba2ae53e5d6949cead-le64.cache-7
7f87a4008000-7f87a4009000 r--s 00000000 103:02 28191677                  /var/cache/fontconfig/49f0de54bdd920fe4f0dfd4cbac43e6b-le64.cache-7
7f87a4009000-7f87a400a000 r--s 00000000 103:02 28191673                  /var/cache/fontconfig/f6e6e0a5c3d2f6ae0c0c2e0ecd42a997-le64.cache-7
7f87a400a000-7f87a400c000 r--s 00000000 103:02 28191662                  /var/cache/fontconfig/6afa1bb216ce958c1589e297e8008489-le64.cache-7
7f87a400c000-7f87a402c000 rw-s 00000000 00:06 451                        /dev/nvidiactl
7f87a402c000-7f87a4131000 rw-s 00000000 00:06 451                        /dev/nvidiactl
7f87a4131000-7f87a4137000 r-xp 00000000 103:02 30015535                  /lib/x86_64-linux-gnu/libuuid.so.1.3.0
7f87a4137000-7f87a4336000 ---p 00006000 103:02 30015535                  /lib/x86_64-linux-gnu/libuuid.so.1.3.0
7f87a4336000-7f87a4337000 r--p 00005000 103:02 30015535                  /lib/x86_64-linux-gnu/libuuid.so.1.3.0
7f87a4337000-7f87a4338000 rw-p 00006000 103:02 30015535                  /lib/x86_64-linux-gnu/libuuid.so.1.3.0
7f87a4338000-7f87a433e000 r-xp 00000000 103:02 14688183                  /usr/lib/x86_64-linux-gnu/libdatrie.so.1.3.3
7f87a433e000-7f87a453d000 ---p 00006000 103:02 14688183                  /usr/lib/x86_64-linux-gnu/libdatrie.so.1.3.3
7f87a453d000-7f87a453e000 r--p 00005000 103:02 14688183                  /usr/lib/x86_64-linux-gnu/libdatrie.so.1.3.3
7f87a453e000-7f87a453f000 rw-p 00006000 103:02 14688183                  /usr/lib/x86_64-linux-gnu/libdatrie.so.1.3.3
7f87a453f000-7f87a4544000 r-xp 00000000 103:02 14683801                  /usr/lib/x86_64-linux-gnu/libXdmcp.so.6.0.0
7f87a4544000-7f87a4743000 ---p 00005000 103:02 14683801                  /usr/lib/x86_64-linux-gnu/libXdmcp.so.6.0.0
7f87a4743000-7f87a4744000 r--p 00004000 103:02 14683801                  /usr/lib/x86_64-linux-gnu/libXdmcp.so.6.0.0
7f87a4744000-7f87a4745000 rw-p 00005000 103:02 14683801                  /usr/lib/x86_64-linux-gnu/libXdmcp.so.6.0.0
7f87a4745000-7f87a4747000 r-xp 00000000 103:02 14683399                  /usr/lib/x86_64-linux-gnu/libXau.so.6.0.0
7f87a4747000-7f87a4947000 ---p 00002000 103:02 14683399                  /usr/lib/x86_64-linux-gnu/libXau.so.6.0.0
7f87a4947000-7f87a4948000 r--p 00002000 103:02 14683399                  /usr/lib/x86_64-linux-gnu/libXau.so.6.0.0
7f87a4948000-7f87a4949000 rw-p 00003000 103:02 14683399                  /usr/lib/x86_64-linux-gnu/libXau.so.6.0.0
7f87a4949000-7f87a4974000 r-xp 00000000 103:02 14688189                  /usr/lib/x86_64-linux-gnu/libgraphite2.so.3.0.1
7f87a4974000-7f87a4b73000 ---p 0002b000 103:02 14688189                  /usr/lib/x86_64-linux-gnu/libgraphite2.so.3.0.1
7f87a4b73000-7f87a4b75000 r--p 0002a000 103:02 14688189                  /usr/lib/x86_64-linux-gnu/libgraphite2.so.3.0.1
7f87a4b75000-7f87a4b76000 rw-p 0002c000 103:02 14688189                  /usr/lib/x86_64-linux-gnu/libgraphite2.so.3.0.1
7f87a4b76000-7f87a4bbd000 r-xp 00000000 103:02 30015507                  /lib/x86_64-linux-gnu/libblkid.so.1.1.0
7f87a4bbd000-7f87a4dbd000 ---p 00047000 103:02 30015507                  /lib/x86_64-linux-gnu/libblkid.so.1.1.0
7f87a4dbd000-7f87a4dc1000 r--p 00047000 103:02 30015507                  /lib/x86_64-linux-gnu/libblkid.so.1.1.0
7f87a4dc1000-7f87a4dc2000 rw-p 0004b000 103:02 30015507                  /lib/x86_64-linux-gnu/libblkid.so.1.1.0
7f87a4dc2000-7f87a4dc3000 rw-p 00000000 00:00 0 
7f87a4dc3000-7f87a4e05000 r-xp 00000000 103:02 14688309                  /usr/lib/x86_64-linux-gnu/libGLdispatch.so.0.0.0
7f87a4e05000-7f87a4e1e000 r-xp 00042000 103:02 14688309                  /usr/lib/x86_64-linux-gnu/libGLdispatch.so.0.0.0
7f87a4e1e000-7f87a4e31000 r-xp 0005b000 103:02 14688309                  /usr/lib/x86_64-linux-gnu/libGLdispatch.so.0.0.0
7f87a4e31000-7f87a5030000 ---p 0006e000 103:02 14688309                  /usr/lib/x86_64-linux-gnu/libGLdispatch.so.0.0.0
7f87a5030000-7f87a5058000 r--p 0006d000 103:02 14688309                  /usr/lib/x86_64-linux-gnu/libGLdispatch.so.0.0.0
7f87a5058000-7f87a5059000 rw-p 00095000 103:02 14688309                  /usr/lib/x86_64-linux-gnu/libGLdispatch.so.0.0.0
7f87a5059000-7f87a5079000 rw-p 00000000 00:00 0 
7f87a5079000-7f87a5089000 r-xp 00000000 103:02 14688707                  /usr/lib/x86_64-linux-gnu/libGLX.so.0.0.0
7f87a5089000-7f87a5288000 ---p 00010000 103:02 14688707                  /usr/lib/x86_64-linux-gnu/libGLX.so.0.0.0
7f87a5288000-7f87a5289000 r--p 0000f000 103:02 14688707                  /usr/lib/x86_64-linux-gnu/libGLX.so.0.0.0
7f87a5289000-7f87a528a000 rw-p 00010000 103:02 14688707                  /usr/lib/x86_64-linux-gnu/libGLX.so.0.0.0
7f87a528a000-7f87a52aa000 rw-p 00000000 00:00 0 
7f87a52aa000-7f87a531b000 r-xp 00000000 103:02 30015921                  /lib/x86_64-linux-gnu/libpcre.so.3.13.3
7f87a531b000-7f87a551a000 ---p 00071000 103:02 30015921                  /lib/x86_64-linux-gnu/libpcre.so.3.13.3
7f87a551a000-7f87a551b000 r--p 00070000 103:02 30015921                  /lib/x86_64-linux-gnu/libpcre.so.3.13.3
7f87a551b000-7f87a551c000 rw-p 00071000 103:02 30015921                  /lib/x86_64-linux-gnu/libpcre.so.3.13.3
7f87a551c000-7f87a5523000 r-xp 00000000 103:02 14684850                  /usr/lib/x86_64-linux-gnu/libffi.so.6.0.4
7f87a5523000-7f87a5722000 ---p 00007000 103:02 14684850                  /usr/lib/x86_64-linux-gnu/libffi.so.6.0.4
7f87a5722000-7f87a5723000 r--p 00006000 103:02 14684850                  /usr/lib/x86_64-linux-gnu/libffi.so.6.0.4
7f87a5723000-7f87a5724000 rw-p 00007000 103:02 14684850                  /usr/lib/x86_64-linux-gnu/libffi.so.6.0.4
7f87a5724000-7f87a5753000 r-xp 00000000 103:02 30015492                  /lib/x86_64-linux-gnu/libexpat.so.1.6.7
7f87a5753000-7f87a5953000 ---p 0002f000 103:02 30015492                  /lib/x86_64-linux-gnu/libexpat.so.1.6.7
7f87a5953000-7f87a5955000 r--p 0002f000 103:02 30015492                  /lib/x86_64-linux-gnu/libexpat.so.1.6.7
7f87a5955000-7f87a5956000 rw-p 00031000 103:02 30015492                  /lib/x86_64-linux-gnu/libexpat.so.1.6.7
7f87a5956000-7f87a595e000 r-xp 00000000 103:02 14688185                  /usr/lib/x86_64-linux-gnu/libthai.so.0.3.0
7f87a595e000-7f87a5b5d000 ---p 00008000 103:02 14688185                  /usr/lib/x86_64-linux-gnu/libthai.so.0.3.0
7f87a5b5d000-7f87a5b5e000 r--p 00007000 103:02 14688185                  /usr/lib/x86_64-linux-gnu/libthai.so.0.3.0
7f87a5b5e000-7f87a5b5f000 rw-p 00008000 103:02 14688185                  /usr/lib/x86_64-linux-gnu/libthai.so.0.3.0
7f87a5b5f000-7f87a5b6b000 r-xp 00000000 103:02 14688138                  /usr/lib/x86_64-linux-gnu/libxcb-render.so.0.0.0
7f87a5b6b000-7f87a5d6a000 ---p 0000c000 103:02 14688138                  /usr/lib/x86_64-linux-gnu/libxcb-render.so.0.0.0
7f87a5d6a000-7f87a5d6b000 r--p 0000b000 103:02 14688138                  /usr/lib/x86_64-linux-gnu/libxcb-render.so.0.0.0
7f87a5d6b000-7f87a5d6c000 rw-p 0000c000 103:02 14688138                  /usr/lib/x86_64-linux-gnu/libxcb-render.so.0.0.0
7f87a5d6c000-7f87a5d92000 r-xp 00000000 103:02 14683810                  /usr/lib/x86_64-linux-gnu/libxcb.so.1.1.0
7f87a5d92000-7f87a5f92000 ---p 00026000 103:02 14683810                  /usr/lib/x86_64-linux-gnu/libxcb.so.1.1.0
7f87a5f92000-7f87a5f93000 r--p 00026000 103:02 14683810                  /usr/lib/x86_64-linux-gnu/libxcb.so.1.1.0
7f87a5f93000-7f87a5f94000 rw-p 00027000 103:02 14683810                  /usr/lib/x86_64-linux-gnu/libxcb.so.1.1.0
7f87a5f94000-7f87a5f96000 r-xp 00000000 103:02 14688140                  /usr/lib/x86_64-linux-gnu/libxcb-shm.so.0.0.0
7f87a5f96000-7f87a6195000 ---p 00002000 103:02 14688140                  /usr/lib/x86_64-linux-gnu/libxcb-shm.so.0.0.0
7f87a6195000-7f87a6196000 r--p 00001000 103:02 14688140                  /usr/lib/x86_64-linux-gnu/libxcb-shm.so.0.0.0
7f87a6196000-7f87a6197000 rw-p 00002000 103:02 14688140                  /usr/lib/x86_64-linux-gnu/libxcb-shm.so.0.0.0
7f87a6197000-7f87a61c8000 r-xp 00000000 103:02 14687434                  /usr/lib/x86_64-linux-gnu/libpng16.so.16.34.0
7f87a61c8000-7f87a63c7000 ---p 00031000 103:02 14687434                  /usr/lib/x86_64-linux-gnu/libpng16.so.16.34.0
7f87a63c7000-7f87a63c8000 r--p 00030000 103:02 14687434                  /usr/lib/x86_64-linux-gnu/libpng16.so.16.34.0
7f87a63c8000-7f87a63c9000 rw-p 00031000 103:02 14687434                  /usr/lib/x86_64-linux-gnu/libpng16.so.16.34.0
7f87a63c9000-7f87a6466000 r-xp 00000000 103:02 14688135                  /usr/lib/x86_64-linux-gnu/libpixman-1.so.0.34.0
7f87a6466000-7f87a6665000 ---p 0009d000 103:02 14688135                  /usr/lib/x86_64-linux-gnu/libpixman-1.so.0.34.0
7f87a6665000-7f87a666d000 r--p 0009c000 103:02 14688135                  /usr/lib/x86_64-linux-gnu/libpixman-1.so.0.34.0
7f87a666d000-7f87a666e000 rw-p 000a4000 103:02 14688135                  /usr/lib/x86_64-linux-gnu/libpixman-1.so.0.34.0
7f87a666e000-7f87a670a000 r-xp 00000000 103:02 14688192                  /usr/lib/x86_64-linux-gnu/libharfbuzz.so.0.10702.0
7f87a670a000-7f87a690a000 ---p 0009c000 103:02 14688192                  /usr/lib/x86_64-linux-gnu/libharfbuzz.so.0.10702.0
7f87a690a000-7f87a690b000 r--p 0009c000 103:02 14688192                  /usr/lib/x86_64-linux-gnu/libharfbuzz.so.0.10702.0
7f87a690b000-7f87a690c000 rw-p 0009d000 103:02 14688192                  /usr/lib/x86_64-linux-gnu/libharfbuzz.so.0.10702.0
7f87a690c000-7f87a695d000 r-xp 00000000 103:02 30015499                  /lib/x86_64-linux-gnu/libmount.so.1.1.0
7f87a695d000-7f87a6b5c000 ---p 00051000 103:02 30015499                  /lib/x86_64-linux-gnu/libmount.so.1.1.0
7f87a6b5c000-7f87a6b5e000 r--p 00050000 103:02 30015499                  /lib/x86_64-linux-gnu/libmount.so.1.1.0
7f87a6b5e000-7f87a6b5f000 rw-p 00052000 103:02 30015499                  /lib/x86_64-linux-gnu/libmount.so.1.1.0
7f87a6b5f000-7f87a6b60000 rw-p 00000000 00:00 0 
7f87a6b60000-7f87a6b77000 r-xp 00000000 103:02 30015528                  /lib/x86_64-linux-gnu/libresolv-2.27.so
7f87a6b77000-7f87a6d77000 ---p 00017000 103:02 30015528                  /lib/x86_64-linux-gnu/libresolv-2.27.so
7f87a6d77000-7f87a6d78000 r--p 00017000 103:02 30015528                  /lib/x86_64-linux-gnu/libresolv-2.27.so
7f87a6d78000-7f87a6d79000 rw-p 00018000 103:02 30015528                  /lib/x86_64-linux-gnu/libresolv-2.27.so
7f87a6d79000-7f87a6d7b000 rw-p 00000000 00:00 0 
7f87a6d7b000-7f87a6da0000 r-xp 00000000 103:02 30015585                  /lib/x86_64-linux-gnu/libselinux.so.1
7f87a6da0000-7f87a6f9f000 ---p 00025000 103:02 30015585                  /lib/x86_64-linux-gnu/libselinux.so.1
7f87a6f9f000-7f87a6fa0000 r--p 00024000 103:02 30015585                  /lib/x86_64-linux-gnu/libselinux.so.1
7f87a6fa0000-7f87a6fa1000 rw-p 00025000 103:02 30015585                  /lib/x86_64-linux-gnu/libselinux.so.1
7f87a6fa1000-7f87a6fa3000 rw-p 00000000 00:00 0 
7f87a6fa3000-7f87a6fbf000 r-xp 00000000 103:02 30015655                  /lib/x86_64-linux-gnu/libz.so.1.2.11
7f87a6fbf000-7f87a71be000 ---p 0001c000 103:02 30015655                  /lib/x86_64-linux-gnu/libz.so.1.2.11
7f87a71be000-7f87a71bf000 r--p 0001b000 103:02 30015655                  /lib/x86_64-linux-gnu/libz.so.1.2.11
7f87a71bf000-7f87a71c0000 rw-p 0001c000 103:02 30015655                  /lib/x86_64-linux-gnu/libz.so.1.2.11
7f87a71c0000-7f87a71d1000 r-xp 00000000 103:02 14683820                  /usr/lib/x86_64-linux-gnu/libXext.so.6.4.0
7f87a71d1000-7f87a73d0000 ---p 00011000 103:02 14683820                  /usr/lib/x86_64-linux-gnu/libXext.so.6.4.0
7f87a73d0000-7f87a73d1000 r--p 00010000 103:02 14683820                  /usr/lib/x86_64-linux-gnu/libXext.so.6.4.0
7f87a73d1000-7f87a73d2000 rw-p 00011000 103:02 14683820                  /usr/lib/x86_64-linux-gnu/libXext.so.6.4.0
7f87a73d2000-7f87a73d4000 r-xp 00000000 103:02 14688204                  /usr/lib/x86_64-linux-gnu/libXdamage.so.1.1.0
7f87a73d4000-7f87a75d3000 ---p 00002000 103:02 14688204                  /usr/lib/x86_64-linux-gnu/libXdamage.so.1.1.0
7f87a75d3000-7f87a75d4000 r--p 00001000 103:02 14688204                  /usr/lib/x86_64-linux-gnu/libXdamage.so.1.1.0
7f87a75d4000-7f87a75d5000 rw-p 00002000 103:02 14688204                  /usr/lib/x86_64-linux-gnu/libXdamage.so.1.1.0
7f87a75d5000-7f87a75d7000 r-xp 00000000 103:02 14688198                  /usr/lib/x86_64-linux-gnu/libXcomposite.so.1.0.0
7f87a75d7000-7f87a77d6000 ---p 00002000 103:02 14688198                  /usr/lib/x86_64-linux-gnu/libXcomposite.so.1.0.0
7f87a77d6000-7f87a77d7000 r--p 00001000 103:02 14688198                  /usr/lib/x86_64-linux-gnu/libXcomposite.so.1.0.0
7f87a77d7000-7f87a77d8000 rw-p 00002000 103:02 14688198                  /usr/lib/x86_64-linux-gnu/libXcomposite.so.1.0.0
7f87a77d8000-7f87a77e1000 r-xp 00000000 103:02 14688202                  /usr/lib/x86_64-linux-gnu/libXcursor.so.1.0.2
7f87a77e1000-7f87a79e0000 ---p 00009000 103:02 14688202                  /usr/lib/x86_64-linux-gnu/libXcursor.so.1.0.2
7f87a79e0000-7f87a79e1000 r--p 00008000 103:02 14688202                  /usr/lib/x86_64-linux-gnu/libXcursor.so.1.0.2
7f87a79e1000-7f87a79e2000 rw-p 00009000 103:02 14688202                  /usr/lib/x86_64-linux-gnu/libXcursor.so.1.0.2
7f87a79e2000-7f87a79ec000 r-xp 00000000 103:02 14688210                  /usr/lib/x86_64-linux-gnu/libXrandr.so.2.2.0
7f87a79ec000-7f87a7beb000 ---p 0000a000 103:02 14688210                  /usr/lib/x86_64-linux-gnu/libXrandr.so.2.2.0
7f87a7beb000-7f87a7bec000 r--p 00009000 103:02 14688210                  /usr/lib/x86_64-linux-gnu/libXrandr.so.2.2.0
7f87a7bec000-7f87a7bed000 rw-p 0000a000 103:02 14688210                  /usr/lib/x86_64-linux-gnu/libXrandr.so.2.2.0
7f87a7bed000-7f87a7bfc000 r-xp 00000000 103:02 14688206                  /usr/lib/x86_64-linux-gnu/libXi.so.6.1.0
7f87a7bfc000-7f87a7dfb000 ---p 0000f000 103:02 14688206                  /usr/lib/x86_64-linux-gnu/libXi.so.6.1.0
7f87a7dfb000-7f87a7dfc000 r--p 0000e000 103:02 14688206                  /usr/lib/x86_64-linux-gnu/libXi.so.6.1.0
7f87a7dfc000-7f87a7dfd000 rw-p 0000f000 103:02 14688206                  /usr/lib/x86_64-linux-gnu/libXi.so.6.1.0
7f87a7dfd000-7f87a7dff000 r-xp 00000000 103:02 14688208                  /usr/lib/x86_64-linux-gnu/libXinerama.so.1.0.0
7f87a7dff000-7f87a7ffe000 ---p 00002000 103:02 14688208                  /usr/lib/x86_64-linux-gnu/libXinerama.so.1.0.0
7f87a7ffe000-7f87a7fff000 r--p 00001000 103:02 14688208                  /usr/lib/x86_64-linux-gnu/libXinerama.so.1.0.0
7f87a7fff000-7f87a8000000 rw-p 00002000 103:02 14688208                  /usr/lib/x86_64-linux-gnu/libXinerama.so.1.0.0
7f87a8000000-7f87a8021000 rw-p 00000000 00:00 0 
7f87a8021000-7f87ac000000 ---p 00000000 00:00 0 
7f87ac000000-7f87ac021000 rw-p 00000000 00:00 0 
7f87ac021000-7f87b0000000 ---p 00000000 00:00 0 
7f87b0000000-7f87b0021000 rw-p 00000000 00:00 0 
7f87b0021000-7f87b4000000 ---p 00000000 00:00 0 
7f87b4000000-7f87b4001000 r--s 00000000 103:02 28191549                  /var/cache/fontconfig/4b2eda6bb976bda485cb2176619421d5-le64.cache-7
7f87b4001000-7f87b4008000 r--s 00000000 103:02 28191628                  /var/cache/fontconfig/53d14c92082a93e67d5078324eb314ca-le64.cache-7
7f87b4008000-7f87b400b000 r--s 00000000 103:02 28189745                  /var/cache/fontconfig/e13b20fdb08344e0e664864cc2ede53d-le64.cache-7
7f87b400b000-7f87b401e000 rw-s 00000000 00:06 451                        /dev/nvidiactl
7f87b401e000-7f87b405e000 rw-s 00000000 00:06 451                        /dev/nvidiactl
7f87b405e000-7f87b407e000 rw-s 00000000 00:06 451                        /dev/nvidiactl
7f87b407e000-7f87b4087000 r-xp 00000000 103:02 14688142                  /usr/lib/x86_64-linux-gnu/libXrender.so.1.3.0
7f87b4087000-7f87b4286000 ---p 00009000 103:02 14688142                  /usr/lib/x86_64-linux-gnu/libXrender.so.1.3.0
7f87b4286000-7f87b4287000 r--p 00008000 103:02 14688142                  /usr/lib/x86_64-linux-gnu/libXrender.so.1.3.0
7f87b4287000-7f87b4288000 rw-p 00009000 103:02 14688142                  /usr/lib/x86_64-linux-gnu/libXrender.so.1.3.0
7f87b4288000-7f87b428d000 r-xp 00000000 103:02 14688200                  /usr/lib/x86_64-linux-gnu/libXfixes.so.3.1.0
7f87b428d000-7f87b448c000 ---p 00005000 103:02 14688200                  /usr/lib/x86_64-linux-gnu/libXfixes.so.3.1.0
7f87b448c000-7f87b448d000 r--p 00004000 103:02 14688200                  /usr/lib/x86_64-linux-gnu/libXfixes.so.3.1.0
7f87b448d000-7f87b448e000 rw-p 00005000 103:02 14688200                  /usr/lib/x86_64-linux-gnu/libXfixes.so.3.1.0
7f87b448e000-7f87b44a5000 r-xp 00000000 103:02 30015842                  /lib/x86_64-linux-gnu/libgcc_s.so.1
7f87b44a5000-7f87b46a4000 ---p 00017000 103:02 30015842                  /lib/x86_64-linux-gnu/libgcc_s.so.1
7f87b46a4000-7f87b46a5000 r--p 00016000 103:02 30015842                  /lib/x86_64-linux-gnu/libgcc_s.so.1
7f87b46a5000-7f87b46a6000 rw-p 00017000 103:02 30015842                  /lib/x86_64-linux-gnu/libgcc_s.so.1
7f87b46a6000-7f87b481f000 r-xp 00000000 103:02 14680902                  /usr/lib/x86_64-linux-gnu/libstdc++.so.6.0.25
7f87b481f000-7f87b4a1f000 ---p 00179000 103:02 14680902                  /usr/lib/x86_64-linux-gnu/libstdc++.so.6.0.25
7f87b4a1f000-7f87b4a29000 r--p 00179000 103:02 14680902                  /usr/lib/x86_64-linux-gnu/libstdc++.so.6.0.25
7f87b4a29000-7f87b4a2b000 rw-p 00183000 103:02 14680902                  /usr/lib/x86_64-linux-gnu/libstdc++.so.6.0.25
7f87b4a2b000-7f87b4a2f000 rw-p 00000000 00:00 0 
7f87b4a2f000-7f87b4a73000 r-xp 00000000 103:02 14688709                  /usr/lib/x86_64-linux-gnu/libGL.so.1.0.0
7f87b4a73000-7f87b4a8c000 r-xp 00044000 103:02 14688709                  /usr/lib/x86_64-linux-gnu/libGL.so.1.0.0
7f87b4a8c000-7f87b4aa0000 r-xp 0005d000 103:02 14688709                  /usr/lib/x86_64-linux-gnu/libGL.so.1.0.0
7f87b4aa0000-7f87b4c9f000 ---p 00071000 103:02 14688709                  /usr/lib/x86_64-linux-gnu/libGL.so.1.0.0
7f87b4c9f000-7f87b4cb9000 r--p 00070000 103:02 14688709                  /usr/lib/x86_64-linux-gnu/libGL.so.1.0.0
7f87b4cb9000-7f87b4cba000 rw-p 0008a000 103:02 14688709                  /usr/lib/x86_64-linux-gnu/libGL.so.1.0.0
7f87b4cba000-7f87b4cbb000 rw-p 00000000 00:00 0 
7f87b4cbb000-7f87b4cc0000 r-xp 00000000 103:02 14688686                  /usr/lib/x86_64-linux-gnu/libXxf86vm.so.1.0.0
7f87b4cc0000-7f87b4ebf000 ---p 00005000 103:02 14688686                  /usr/lib/x86_64-linux-gnu/libXxf86vm.so.1.0.0
7f87b4ebf000-7f87b4ec0000 r--p 00004000 103:02 14688686                  /usr/lib/x86_64-linux-gnu/libXxf86vm.so.1.0.0
7f87b4ec0000-7f87b4ec1000 rw-p 00005000 103:02 14688686                  /usr/lib/x86_64-linux-gnu/libXxf86vm.so.1.0.0
7f87b4ec1000-7f87b4ff4000 r-xp 00000000 103:02 14683814                  /usr/lib/x86_64-linux-gnu/libX11.so.6.3.0
7f87b4ff4000-7f87b51f4000 ---p 00133000 103:02 14683814                  /usr/lib/x86_64-linux-gnu/libX11.so.6.3.0
7f87b51f4000-7f87b51f5000 r--p 00133000 103:02 14683814                  /usr/lib/x86_64-linux-gnu/libX11.so.6.3.0
7f87b51f5000-7f87b51f9000 rw-p 00134000 103:02 14683814                  /usr/lib/x86_64-linux-gnu/libX11.so.6.3.0
7f87b51f9000-7f87b51fe000 r-xp 00000000 103:02 14688378                  /usr/lib/x86_64-linux-gnu/libXtst.so.6.1.0
7f87b51fe000-7f87b53fd000 ---p 00005000 103:02 14688378                  /usr/lib/x86_64-linux-gnu/libXtst.so.6.1.0
7f87b53fd000-7f87b53fe000 r--p 00004000 103:02 14688378                  /usr/lib/x86_64-linux-gnu/libXtst.so.6.1.0
7f87b53fe000-7f87b53ff000 rw-p 00005000 103:02 14688378                  /usr/lib/x86_64-linux-gnu/libXtst.so.6.1.0
7f87b53ff000-7f87b5512000 r-xp 00000000 103:02 14684129                  /usr/lib/x86_64-linux-gnu/libglib-2.0.so.0.5600.3
7f87b5512000-7f87b5712000 ---p 00113000 103:02 14684129                  /usr/lib/x86_64-linux-gnu/libglib-2.0.so.0.5600.3
7f87b5712000-7f87b5713000 r--p 00113000 103:02 14684129                  /usr/lib/x86_64-linux-gnu/libglib-2.0.so.0.5600.3
7f87b5713000-7f87b5714000 rw-p 00114000 103:02 14684129                  /usr/lib/x86_64-linux-gnu/libglib-2.0.so.0.5600.3
7f87b5714000-7f87b5715000 rw-p 00000000 00:00 0 
7f87b5715000-7f87b5716000 r-xp 00000000 103:02 14684132                  /usr/lib/x86_64-linux-gnu/libgthread-2.0.so.0.5600.3
7f87b5716000-7f87b5915000 ---p 00001000 103:02 14684132                  /usr/lib/x86_64-linux-gnu/libgthread-2.0.so.0.5600.3
7f87b5915000-7f87b5916000 r--p 00000000 103:02 14684132                  /usr/lib/x86_64-linux-gnu/libgthread-2.0.so.0.5600.3
7f87b5916000-7f87b5917000 rw-p 00001000 103:02 14684132                  /usr/lib/x86_64-linux-gnu/libgthread-2.0.so.0.5600.3
7f87b5917000-7f87b591a000 r-xp 00000000 103:02 14684130                  /usr/lib/x86_64-linux-gnu/libgmodule-2.0.so.0.5600.3
7f87b591a000-7f87b5b19000 ---p 00003000 103:02 14684130                  /usr/lib/x86_64-linux-gnu/libgmodule-2.0.so.0.5600.3
7f87b5b19000-7f87b5b1a000 r--p 00002000 103:02 14684130                  /usr/lib/x86_64-linux-gnu/libgmodule-2.0.so.0.5600.3
7f87b5b1a000-7f87b5b1b000 rw-p 00003000 103:02 14684130                  /usr/lib/x86_64-linux-gnu/libgmodule-2.0.so.0.5600.3
7f87b5b1b000-7f87b5b6d000 r-xp 00000000 103:02 14684131                  /usr/lib/x86_64-linux-gnu/libgobject-2.0.so.0.5600.3
7f87b5b6d000-7f87b5d6d000 ---p 00052000 103:02 14684131                  /usr/lib/x86_64-linux-gnu/libgobject-2.0.so.0.5600.3
7f87b5d6d000-7f87b5d6e000 r--p 00052000 103:02 14684131                  /usr/lib/x86_64-linux-gnu/libgobject-2.0.so.0.5600.3
7f87b5d6e000-7f87b5d6f000 rw-p 00053000 103:02 14684131                  /usr/lib/x86_64-linux-gnu/libgobject-2.0.so.0.5600.3
7f87b5d6f000-7f87b5dad000 r-xp 00000000 103:02 14688133                  /usr/lib/x86_64-linux-gnu/libfontconfig.so.1.10.1
7f87b5dad000-7f87b5fad000 ---p 0003e000 103:02 14688133                  /usr/lib/x86_64-linux-gnu/libfontconfig.so.1.10.1
7f87b5fad000-7f87b5faf000 r--p 0003e000 103:02 14688133                  /usr/lib/x86_64-linux-gnu/libfontconfig.so.1.10.1
7f87b5faf000-7f87b5fb4000 rw-p 00040000 103:02 14688133                  /usr/lib/x86_64-linux-gnu/libfontconfig.so.1.10.1
7f87b5fb4000-7f87b6061000 r-xp 00000000 103:02 14688130                  /usr/lib/x86_64-linux-gnu/libfreetype.so.6.15.0
7f87b6061000-7f87b6260000 ---p 000ad000 103:02 14688130                  /usr/lib/x86_64-linux-gnu/libfreetype.so.6.15.0
7f87b6260000-7f87b6267000 r--p 000ac000 103:02 14688130                  /usr/lib/x86_64-linux-gnu/libfreetype.so.6.15.0
7f87b6267000-7f87b6268000 rw-p 000b3000 103:02 14688130                  /usr/lib/x86_64-linux-gnu/libfreetype.so.6.15.0
7f87b6268000-7f87b62b2000 r-xp 00000000 103:02 14688187                  /usr/lib/x86_64-linux-gnu/libpango-1.0.so.0.4000.14
7f87b62b2000-7f87b64b1000 ---p 0004a000 103:02 14688187                  /usr/lib/x86_64-linux-gnu/libpango-1.0.so.0.4000.14
7f87b64b1000-7f87b64b4000 r--p 00049000 103:02 14688187                  /usr/lib/x86_64-linux-gnu/libpango-1.0.so.0.4000.14
7f87b64b4000-7f87b64b5000 rw-p 0004c000 103:02 14688187                  /usr/lib/x86_64-linux-gnu/libpango-1.0.so.0.4000.14
7f87b64b5000-7f87b65cd000 r-xp 00000000 103:02 14688144                  /usr/lib/x86_64-linux-gnu/libcairo.so.2.11510.0
7f87b65cd000-7f87b67cc000 ---p 00118000 103:02 14688144                  /usr/lib/x86_64-linux-gnu/libcairo.so.2.11510.0
7f87b67cc000-7f87b67cf000 r--p 00117000 103:02 14688144                  /usr/lib/x86_64-linux-gnu/libcairo.so.2.11510.0
7f87b67cf000-7f87b67d1000 rw-p 0011a000 103:02 14688144                  /usr/lib/x86_64-linux-gnu/libcairo.so.2.11510.0
7f87b67d1000-7f87b67d2000 rw-p 00000000 00:00 0 
7f87b67d2000-7f87b67de000 r-xp 00000000 103:02 14688196                  /usr/lib/x86_64-linux-gnu/libpangocairo-1.0.so.0.4000.14
7f87b67de000-7f87b69dd000 ---p 0000c000 103:02 14688196                  /usr/lib/x86_64-linux-gnu/libpangocairo-1.0.so.0.4000.14
7f87b69dd000-7f87b69de000 r--p 0000b000 103:02 14688196                  /usr/lib/x86_64-linux-gnu/libpangocairo-1.0.so.0.4000.14
7f87b69de000-7f87b69df000 rw-p 0000c000 103:02 14688196                  /usr/lib/x86_64-linux-gnu/libpangocairo-1.0.so.0.4000.14
7f87b69df000-7f87b6a01000 r-xp 00000000 103:02 14688160                  /usr/lib/x86_64-linux-gnu/libgdk_pixbuf-2.0.so.0.3611.0
7f87b6a01000-7f87b6c01000 ---p 00022000 103:02 14688160                  /usr/lib/x86_64-linux-gnu/libgdk_pixbuf-2.0.so.0.3611.0
7f87b6c01000-7f87b6c02000 r--p 00022000 103:02 14688160                  /usr/lib/x86_64-linux-gnu/libgdk_pixbuf-2.0.so.0.3611.0
7f87b6c02000-7f87b6c03000 rw-p 00023000 103:02 14688160                  /usr/lib/x86_64-linux-gnu/libgdk_pixbuf-2.0.so.0.3611.0
7f87b6c03000-7f87b6c17000 r-xp 00000000 103:02 14688194                  /usr/lib/x86_64-linux-gnu/libpangoft2-1.0.so.0.4000.14
7f87b6c17000-7f87b6e17000 ---p 00014000 103:02 14688194                  /usr/lib/x86_64-linux-gnu/libpangoft2-1.0.so.0.4000.14
7f87b6e17000-7f87b6e18000 r--p 00014000 103:02 14688194                  /usr/lib/x86_64-linux-gnu/libpangoft2-1.0.so.0.4000.14
7f87b6e18000-7f87b6e19000 rw-p 00015000 103:02 14688194                  /usr/lib/x86_64-linux-gnu/libpangoft2-1.0.so.0.4000.14
7f87b6e19000-7f87b6fae000 r-xp 00000000 103:02 14684128                  /usr/lib/x86_64-linux-gnu/libgio-2.0.so.0.5600.3
7f87b6fae000-7f87b71ae000 ---p 00195000 103:02 14684128                  /usr/lib/x86_64-linux-gnu/libgio-2.0.so.0.5600.3
7f87b71ae000-7f87b71b5000 r--p 00195000 103:02 14684128                  /usr/lib/x86_64-linux-gnu/libgio-2.0.so.0.5600.3
7f87b71b5000-7f87b71b6000 rw-p 0019c000 103:02 14684128                  /usr/lib/x86_64-linux-gnu/libgio-2.0.so.0.5600.3
7f87b71b6000-7f87b71b8000 rw-p 00000000 00:00 0 
7f87b71b8000-7f87b71da000 r-xp 00000000 103:02 14688128                  /usr/lib/x86_64-linux-gnu/libatk-1.0.so.0.22810.1
7f87b71da000-7f87b73da000 ---p 00022000 103:02 14688128                  /usr/lib/x86_64-linux-gnu/libatk-1.0.so.0.22810.1
7f87b73da000-7f87b73dd000 r--p 00022000 103:02 14688128                  /usr/lib/x86_64-linux-gnu/libatk-1.0.so.0.22810.1
7f87b73dd000-7f87b73de000 rw-p 00025000 103:02 14688128                  /usr/lib/x86_64-linux-gnu/libatk-1.0.so.0.22810.1
7f87b73de000-7f87b748e000 r-xp 00000000 103:02 14688224                  /usr/lib/x86_64-linux-gnu/libgdk-x11-2.0.so.0.2400.32
7f87b748e000-7f87b768d000 ---p 000b0000 103:02 14688224                  /usr/lib/x86_64-linux-gnu/libgdk-x11-2.0.so.0.2400.32
7f87b768d000-7f87b7691000 r--p 000af000 103:02 14688224                  /usr/lib/x86_64-linux-gnu/libgdk-x11-2.0.so.0.2400.32
7f87b7691000-7f87b7693000 rw-p 000b3000 103:02 14688224                  /usr/lib/x86_64-linux-gnu/libgdk-x11-2.0.so.0.2400.32
7f87b7693000-7f87b7ac8000 r-xp 00000000 103:02 14688225                  /usr/lib/x86_64-linux-gnu/libgtk-x11-2.0.so.0.2400.32
7f87b7ac8000-7f87b7cc7000 ---p 00435000 103:02 14688225                  /usr/lib/x86_64-linux-gnu/libgtk-x11-2.0.so.0.2400.32
7f87b7cc7000-7f87b7cce000 r--p 00434000 103:02 14688225                  /usr/lib/x86_64-linux-gnu/libgtk-x11-2.0.so.0.2400.32
7f87b7cce000-7f87b7cd2000 rw-p 0043b000 103:02 14688225                  /usr/lib/x86_64-linux-gnu/libgtk-x11-2.0.so.0.2400.32
7f87b7cd2000-7f87b7cd5000 rw-p 00000000 00:00 0 
7f87b7cd5000-7f87b7cd7000 r--s 00000000 103:02 28190847                  /var/cache/fontconfig/62f91419b9ebdb6975e7e41ab6412357-le64.cache-7
7f87b7cd7000-7f87b7cd8000 r--s 00000000 103:02 28183098                  /var/cache/fontconfig/573ec803664ed168555e0e8b6d0f0c7f-le64.cache-7
7f87b7cd8000-7f87b7cdf000 r--s 00000000 103:02 14682586                  /usr/lib/x86_64-linux-gnu/gconv/gconv-modules.cache
7f87b7cdf000-7f87b7cef000 rw-s 00000000 00:06 452                        /dev/nvidia0
7f87b7cef000-7f87b7cf3000 rw-s 00000000 00:06 451                        /dev/nvidiactl
7f87b7cf3000-7f87b7cff000 r-xp 00000000 103:02 17044722                  /usr/lib/jvm/oracle-java8-jdk-amd64/jre/lib/amd64/libprism_es2.so
7f87b7cff000-7f87b7efe000 ---p 0000c000 103:02 17044722                  /usr/lib/jvm/oracle-java8-jdk-amd64/jre/lib/amd64/libprism_es2.so
7f87b7efe000-7f87b7eff000 rw-p 0000b000 103:02 17044722                  /usr/lib/jvm/oracle-java8-jdk-amd64/jre/lib/amd64/libprism_es2.so
7f87b7eff000-7f87b7f02000 ---p 00000000 00:00 0 
7f87b7f02000-7f87b8000000 rw-p 00000000 00:00 0 
7f87b8000000-7f87b8021000 rw-p 00000000 00:00 0 
7f87b8021000-7f87bc000000 ---p 00000000 00:00 0 
7f87bc000000-7f87bc164000 rw-p 00000000 00:00 0 
7f87bc164000-7f87c0000000 ---p 00000000 00:00 0 
7f87c0000000-7f87c0021000 rw-p 00000000 00:00 0 
7f87c0021000-7f87c4000000 ---p 00000000 00:00 0 
7f87c4000000-7f87c4002000 rw-s 00000000 103:02 12982910                  /tmp/.glLjngRc (deleted)
7f87c4002000-7f87c4003000 rw-s 00000000 00:06 451                        /dev/nvidiactl
7f87c4003000-7f87c4004000 rw-s 00000000 00:06 452                        /dev/nvidia0
7f87c4004000-7f87c4005000 rw-s 00000000 00:06 452                        /dev/nvidia0
7f87c4005000-7f87c4006000 rw-s 00000000 00:06 452                        /dev/nvidia0
7f87c4006000-7f87c4007000 ---p 00000000 00:00 0 
7f87c4007000-7f87c4107000 rw-p 00000000 00:00 0 
7f87c4107000-7f87c410a000 ---p 00000000 00:00 0 
7f87c410a000-7f87c7209000 rw-p 00000000 00:00 0 
7f87c7209000-7f87c721f000 r-xp 00000000 103:02 17044711                  /usr/lib/jvm/oracle-java8-jdk-amd64/jre/lib/amd64/libnet.so
7f87c721f000-7f87c741f000 ---p 00016000 103:02 17044711                  /usr/lib/jvm/oracle-java8-jdk-amd64/jre/lib/amd64/libnet.so
7f87c741f000-7f87c7420000 rw-p 00016000 103:02 17044711                  /usr/lib/jvm/oracle-java8-jdk-amd64/jre/lib/amd64/libnet.so
7f87c7420000-7f87c7421000 ---p 00000000 00:00 0 
7f87c7421000-7f87c7424000 ---p 00000000 00:00 0 
7f87c7424000-7f87c7521000 rw-p 00000000 00:00 0 
7f87c7521000-7f87c7522000 ---p 00000000 00:00 0 
7f87c7522000-7f87c7525000 ---p 00000000 00:00 0 
7f87c7525000-7f87c7622000 rw-p 00000000 00:00 0 
7f87c7622000-7f87c7623000 ---p 00000000 00:00 0 
7f87c7623000-7f87c7626000 ---p 00000000 00:00 0 
7f87c7626000-7f87c7723000 rw-p 00000000 00:00 0 
7f87c7723000-7f87c7724000 ---p 00000000 00:00 0 
7f87c7724000-7f87c7727000 ---p 00000000 00:00 0 
7f87c7727000-7f87c7824000 rw-p 00000000 00:00 0 
7f87c7824000-7f87c7827000 ---p 00000000 00:00 0 
7f87c7827000-7f87c7925000 rw-p 00000000 00:00 0 
7f87c7925000-7f87c7927000 r--s 0001a000 103:02 22810354                  /opt/idea-IU-182.5107.16/lib/idea_rt.jar
7f87c7927000-7f87c7937000 r--s 0014c000 103:02 14947757                  /home/abc-objectif/vincent.fillon/.m2/repository/com/google/protobuf/protobuf-java/3.6.1/protobuf-java-3.6.1.jar
7f87c7937000-7f87c794f000 r--s 0021f000 103:02 19666109                  /home/abc-objectif/vincent.fillon/.m2/repository/mysql/mysql-connector-java/8.0.17/mysql-connector-java-8.0.17.jar
7f87c794f000-7f87c7962000 r--s 00345000 103:02 16780357                  /usr/lib/jvm/oracle-java8-jdk-amd64/jre/lib/resources.jar
7f87c7962000-7f87c7974000 r--s 000d6000 103:02 16780355                  /usr/lib/jvm/oracle-java8-jdk-amd64/jre/lib/plugin.jar
7f87c7974000-7f87c7978000 r--s 0009a000 103:02 16780397                  /usr/lib/jvm/oracle-java8-jdk-amd64/jre/lib/jsse.jar
7f87c7978000-7f87c797d000 r--s 00084000 103:02 16780398                  /usr/lib/jvm/oracle-java8-jdk-amd64/jre/lib/jfr.jar
7f87c797d000-7f87c7998000 r--s 00209000 103:02 16780412                  /usr/lib/jvm/oracle-java8-jdk-amd64/jre/lib/deploy.jar
7f87c7998000-7f87c7a2d000 r--s 01109000 103:02 16780368                  /usr/lib/jvm/oracle-java8-jdk-amd64/jre/lib/ext/jfxrt.jar
7f87c7a2d000-7f87c7a30000 ---p 00000000 00:00 0 
7f87c7a30000-7f87c7b2e000 rw-p 00000000 00:00 0 
7f87c7b2e000-7f87c7dfe000 r--p 00000000 103:02 14680086                  /usr/lib/locale/locale-archive
7f87c7dfe000-7f87c7e01000 ---p 00000000 00:00 0 
7f87c7e01000-7f87c7eff000 rw-p 00000000 00:00 0 
7f87c7eff000-7f87c7f02000 ---p 00000000 00:00 0 
7f87c7f02000-7f87c8000000 rw-p 00000000 00:00 0 
7f87c8000000-7f87c8021000 rw-p 00000000 00:00 0 
7f87c8021000-7f87cc000000 ---p 00000000 00:00 0 
7f87cc000000-7f87cc001000 rw-s 00000000 00:06 451                        /dev/nvidiactl
7f87cc001000-7f87cc002000 r--s 00000000 103:02 16780356                  /usr/lib/jvm/oracle-java8-jdk-amd64/jre/lib/management-agent.jar
7f87cc002000-7f87cc003000 ---p 00000000 00:00 0 
7f87cc003000-7f87cdc6d000 rw-p 00000000 00:00 0 
7f87cdc6d000-7f87cde46000 r--s 03d3e000 103:02 16780408                  /usr/lib/jvm/oracle-java8-jdk-amd64/jre/lib/rt.jar
7f87cde46000-7f87cee09000 rw-p 00000000 00:00 0 
7f87cee09000-7f87cee0a000 ---p 00000000 00:00 0 
7f87cee0a000-7f87cef0a000 rw-p 00000000 00:00 0 
7f87cef0a000-7f87cef0b000 ---p 00000000 00:00 0 
7f87cef0b000-7f87cf00b000 rw-p 00000000 00:00 0 
7f87cf00b000-7f87cf00c000 ---p 00000000 00:00 0 
7f87cf00c000-7f87cf10c000 rw-p 00000000 00:00 0 
7f87cf10c000-7f87cf10d000 ---p 00000000 00:00 0 
7f87cf10d000-7f87cf20d000 rw-p 00000000 00:00 0 
7f87cf20d000-7f87cf20e000 ---p 00000000 00:00 0 
7f87cf20e000-7f87cf30e000 rw-p 00000000 00:00 0 
7f87cf30e000-7f87cf30f000 ---p 00000000 00:00 0 
7f87cf30f000-7f87cf40f000 rw-p 00000000 00:00 0 
7f87cf40f000-7f87cf410000 ---p 00000000 00:00 0 
7f87cf410000-7f87cf564000 rw-p 00000000 00:00 0 
7f87cf564000-7f87cfa3d000 ---p 00000000 00:00 0 
7f87cfa3d000-7f87cfa91000 rw-p 00000000 00:00 0 
7f87cfa91000-7f87cff69000 ---p 00000000 00:00 0 
7f87cff69000-7f87cffb3000 rw-p 00000000 00:00 0 
7f87cffb3000-7f87d0200000 ---p 00000000 00:00 0 
7f87d0200000-7f87d020f000 rw-p 00000000 00:00 0 
7f87d020f000-7f87d05c1000 ---p 00000000 00:00 0 
7f87d05c1000-7f87d0931000 rwxp 00000000 00:00 0 
7f87d0931000-7f87df5c1000 ---p 00000000 00:00 0 
7f87df5c1000-7f87df5db000 r-xp 00000000 103:02 17044702                  /usr/lib/jvm/oracle-java8-jdk-amd64/jre/lib/amd64/libzip.so
7f87df5db000-7f87df7db000 ---p 0001a000 103:02 17044702                  /usr/lib/jvm/oracle-java8-jdk-amd64/jre/lib/amd64/libzip.so
7f87df7db000-7f87df7dc000 rw-p 0001a000 103:02 17044702                  /usr/lib/jvm/oracle-java8-jdk-amd64/jre/lib/amd64/libzip.so
7f87df7dc000-7f87df7ef000 r-xp 00000000 103:02 30016052                  /lib/x86_64-linux-gnu/libbsd.so.0.8.7
7f87df7ef000-7f87df9ee000 ---p 00013000 103:02 30016052                  /lib/x86_64-linux-gnu/libbsd.so.0.8.7
7f87df9ee000-7f87df9ef000 r--p 00012000 103:02 30016052                  /lib/x86_64-linux-gnu/libbsd.so.0.8.7
7f87df9ef000-7f87df9f0000 rw-p 00013000 103:02 30016052                  /lib/x86_64-linux-gnu/libbsd.so.0.8.7
7f87df9f0000-7f87df9f1000 rw-p 00000000 00:00 0 
7f87df9f1000-7f87df9f2000 r-xp 00000000 103:02 15335588                  /usr/lib/x86_64-linux-gnu/samba/libreplace.so.0
7f87df9f2000-7f87dfbf1000 ---p 00001000 103:02 15335588                  /usr/lib/x86_64-linux-gnu/samba/libreplace.so.0
7f87dfbf1000-7f87dfbf2000 r--p 00000000 103:02 15335588                  /usr/lib/x86_64-linux-gnu/samba/libreplace.so.0
7f87dfbf2000-7f87dfbf3000 rw-p 00001000 103:02 15335588                  /usr/lib/x86_64-linux-gnu/samba/libreplace.so.0
7f87dfbf3000-7f87dfbf5000 r-xp 00000000 103:02 15335590                  /usr/lib/x86_64-linux-gnu/samba/libwinbind-client.so.0
7f87dfbf5000-7f87dfdf5000 ---p 00002000 103:02 15335590                  /usr/lib/x86_64-linux-gnu/samba/libwinbind-client.so.0
7f87dfdf5000-7f87dfdf6000 r--p 00002000 103:02 15335590                  /usr/lib/x86_64-linux-gnu/samba/libwinbind-client.so.0
7f87dfdf6000-7f87dfdf7000 rw-p 00003000 103:02 15335590                  /usr/lib/x86_64-linux-gnu/samba/libwinbind-client.so.0
7f87dfdf7000-7f87dfdfa000 r-xp 00000000 103:02 30015620                  /lib/x86_64-linux-gnu/libnss_winbind.so.2
7f87dfdfa000-7f87dfff9000 ---p 00003000 103:02 30015620                  /lib/x86_64-linux-gnu/libnss_winbind.so.2
7f87dfff9000-7f87dfffa000 r--p 00002000 103:02 30015620                  /lib/x86_64-linux-gnu/libnss_winbind.so.2
7f87dfffa000-7f87dfffb000 rw-p 00003000 103:02 30015620                  /lib/x86_64-linux-gnu/libnss_winbind.so.2
7f87dfffb000-7f87e0000000 rw-p 00000000 00:00 0 
7f87e0000000-7f87e049e000 rw-p 00000000 00:00 0 
7f87e049e000-7f87e4000000 ---p 00000000 00:00 0 
7f87e4000000-7f87e4002000 r--s 00007000 103:02 16780404                  /usr/lib/jvm/oracle-java8-jdk-amd64/jre/lib/jfxswt.jar
7f87e4002000-7f87e401d000 r--s 001d3000 103:02 16780369                  /usr/lib/jvm/oracle-java8-jdk-amd64/jre/lib/ext/nashorn.jar
7f87e401d000-7f87e4093000 rw-p 00000000 00:00 0 
7f87e4093000-7f87e4094000 ---p 00000000 00:00 0 
7f87e4094000-7f87e4194000 rw-p 00000000 00:00 0 
7f87e4194000-7f87e419f000 r-xp 00000000 103:02 30015522                  /lib/x86_64-linux-gnu/libnss_files-2.27.so
7f87e419f000-7f87e439e000 ---p 0000b000 103:02 30015522                  /lib/x86_64-linux-gnu/libnss_files-2.27.so
7f87e439e000-7f87e439f000 r--p 0000a000 103:02 30015522                  /lib/x86_64-linux-gnu/libnss_files-2.27.so
7f87e439f000-7f87e43a0000 rw-p 0000b000 103:02 30015522                  /lib/x86_64-linux-gnu/libnss_files-2.27.so
7f87e43a0000-7f87e43a6000 rw-p 00000000 00:00 0 
7f87e43a6000-7f87e43bd000 r-xp 00000000 103:02 30015519                  /lib/x86_64-linux-gnu/libnsl-2.27.so
7f87e43bd000-7f87e45bc000 ---p 00017000 103:02 30015519                  /lib/x86_64-linux-gnu/libnsl-2.27.so
7f87e45bc000-7f87e45bd000 r--p 00016000 103:02 30015519                  /lib/x86_64-linux-gnu/libnsl-2.27.so
7f87e45bd000-7f87e45be000 rw-p 00017000 103:02 30015519                  /lib/x86_64-linux-gnu/libnsl-2.27.so
7f87e45be000-7f87e45c0000 rw-p 00000000 00:00 0 
7f87e45c0000-7f87e45cb000 r-xp 00000000 103:02 30015524                  /lib/x86_64-linux-gnu/libnss_nis-2.27.so
7f87e45cb000-7f87e47ca000 ---p 0000b000 103:02 30015524                  /lib/x86_64-linux-gnu/libnss_nis-2.27.so
7f87e47ca000-7f87e47cb000 r--p 0000a000 103:02 30015524                  /lib/x86_64-linux-gnu/libnss_nis-2.27.so
7f87e47cb000-7f87e47cc000 rw-p 0000b000 103:02 30015524                  /lib/x86_64-linux-gnu/libnss_nis-2.27.so
7f87e47cc000-7f87e47d4000 r-xp 00000000 103:02 30015520                  /lib/x86_64-linux-gnu/libnss_compat-2.27.so
7f87e47d4000-7f87e49d4000 ---p 00008000 103:02 30015520                  /lib/x86_64-linux-gnu/libnss_compat-2.27.so
7f87e49d4000-7f87e49d5000 r--p 00008000 103:02 30015520                  /lib/x86_64-linux-gnu/libnss_compat-2.27.so
7f87e49d5000-7f87e49d6000 rw-p 00009000 103:02 30015520                  /lib/x86_64-linux-gnu/libnss_compat-2.27.so
7f87e49d6000-7f87e49e0000 r-xp 00000000 103:02 17044742                  /usr/lib/jvm/oracle-java8-jdk-amd64/jre/lib/amd64/libinstrument.so
7f87e49e0000-7f87e4bdf000 ---p 0000a000 103:02 17044742                  /usr/lib/jvm/oracle-java8-jdk-amd64/jre/lib/amd64/libinstrument.so
7f87e4bdf000-7f87e4be0000 rw-p 00009000 103:02 17044742                  /usr/lib/jvm/oracle-java8-jdk-amd64/jre/lib/amd64/libinstrument.so
7f87e4be0000-7f87e4c0b000 r-xp 00000000 103:02 17044697                  /usr/lib/jvm/oracle-java8-jdk-amd64/jre/lib/amd64/libjava.so
7f87e4c0b000-7f87e4e0a000 ---p 0002b000 103:02 17044697                  /usr/lib/jvm/oracle-java8-jdk-amd64/jre/lib/amd64/libjava.so
7f87e4e0a000-7f87e4e0c000 rw-p 0002a000 103:02 17044697                  /usr/lib/jvm/oracle-java8-jdk-amd64/jre/lib/amd64/libjava.so
7f87e4e0c000-7f87e4e19000 r-xp 00000000 103:02 17044732                  /usr/lib/jvm/oracle-java8-jdk-amd64/jre/lib/amd64/libverify.so
7f87e4e19000-7f87e5018000 ---p 0000d000 103:02 17044732                  /usr/lib/jvm/oracle-java8-jdk-amd64/jre/lib/amd64/libverify.so
7f87e5018000-7f87e501a000 rw-p 0000c000 103:02 17044732                  /usr/lib/jvm/oracle-java8-jdk-amd64/jre/lib/amd64/libverify.so
7f87e501a000-7f87e5021000 r-xp 00000000 103:02 30015529                  /lib/x86_64-linux-gnu/librt-2.27.so
7f87e5021000-7f87e5220000 ---p 00007000 103:02 30015529                  /lib/x86_64-linux-gnu/librt-2.27.so
7f87e5220000-7f87e5221000 r--p 00006000 103:02 30015529                  /lib/x86_64-linux-gnu/librt-2.27.so
7f87e5221000-7f87e5222000 rw-p 00007000 103:02 30015529                  /lib/x86_64-linux-gnu/librt-2.27.so
7f87e5222000-7f87e53bf000 r-xp 00000000 103:02 30015516                  /lib/x86_64-linux-gnu/libm-2.27.so
7f87e53bf000-7f87e55be000 ---p 0019d000 103:02 30015516                  /lib/x86_64-linux-gnu/libm-2.27.so
7f87e55be000-7f87e55bf000 r--p 0019c000 103:02 30015516                  /lib/x86_64-linux-gnu/libm-2.27.so
7f87e55bf000-7f87e55c0000 rw-p 0019d000 103:02 30015516                  /lib/x86_64-linux-gnu/libm-2.27.so
7f87e55c0000-7f87e628e000 r-xp 00000000 103:02 17302115                  /usr/lib/jvm/oracle-java8-jdk-amd64/jre/lib/amd64/server/libjvm.so
7f87e628e000-7f87e648e000 ---p 00cce000 103:02 17302115                  /usr/lib/jvm/oracle-java8-jdk-amd64/jre/lib/amd64/server/libjvm.so
7f87e648e000-7f87e6567000 rw-p 00cce000 103:02 17302115                  /usr/lib/jvm/oracle-java8-jdk-amd64/jre/lib/amd64/server/libjvm.so
7f87e6567000-7f87e65b2000 rw-p 00000000 00:00 0 
7f87e65b2000-7f87e6799000 r-xp 00000000 103:02 30015512                  /lib/x86_64-linux-gnu/libc-2.27.so
7f87e6799000-7f87e6999000 ---p 001e7000 103:02 30015512                  /lib/x86_64-linux-gnu/libc-2.27.so
7f87e6999000-7f87e699d000 r--p 001e7000 103:02 30015512                  /lib/x86_64-linux-gnu/libc-2.27.so
7f87e699d000-7f87e699f000 rw-p 001eb000 103:02 30015512                  /lib/x86_64-linux-gnu/libc-2.27.so
7f87e699f000-7f87e69a3000 rw-p 00000000 00:00 0 
7f87e69a3000-7f87e69a6000 r-xp 00000000 103:02 30015515                  /lib/x86_64-linux-gnu/libdl-2.27.so
7f87e69a6000-7f87e6ba5000 ---p 00003000 103:02 30015515                  /lib/x86_64-linux-gnu/libdl-2.27.so
7f87e6ba5000-7f87e6ba6000 r--p 00002000 103:02 30015515                  /lib/x86_64-linux-gnu/libdl-2.27.so
7f87e6ba6000-7f87e6ba7000 rw-p 00003000 103:02 30015515                  /lib/x86_64-linux-gnu/libdl-2.27.so
7f87e6ba7000-7f87e6bbc000 r-xp 00000000 103:02 17958539                  /usr/lib/jvm/oracle-java8-jdk-amd64/lib/amd64/jli/libjli.so
7f87e6bbc000-7f87e6dbc000 ---p 00015000 103:02 17958539                  /usr/lib/jvm/oracle-java8-jdk-amd64/lib/amd64/jli/libjli.so
7f87e6dbc000-7f87e6dbd000 rw-p 00015000 103:02 17958539                  /usr/lib/jvm/oracle-java8-jdk-amd64/lib/amd64/jli/libjli.so
7f87e6dbd000-7f87e6dd7000 r-xp 00000000 103:02 30015527                  /lib/x86_64-linux-gnu/libpthread-2.27.so
7f87e6dd7000-7f87e6fd6000 ---p 0001a000 103:02 30015527                  /lib/x86_64-linux-gnu/libpthread-2.27.so
7f87e6fd6000-7f87e6fd7000 r--p 00019000 103:02 30015527                  /lib/x86_64-linux-gnu/libpthread-2.27.so
7f87e6fd7000-7f87e6fd8000 rw-p 0001a000 103:02 30015527                  /lib/x86_64-linux-gnu/libpthread-2.27.so
7f87e6fd8000-7f87e6fdc000 rw-p 00000000 00:00 0 
7f87e6fdc000-7f87e7003000 r-xp 00000000 103:02 30015503                  /lib/x86_64-linux-gnu/ld-2.27.so
7f87e7003000-7f87e7006000 r--s 0001a000 103:02 16780411                  /usr/lib/jvm/oracle-java8-jdk-amd64/jre/lib/jce.jar
7f87e7006000-7f87e7010000 r--s 0006c000 103:02 16780392                  /usr/lib/jvm/oracle-java8-jdk-amd64/jre/lib/javaws.jar
7f87e7010000-7f87e7015000 r--s 002f9000 103:02 16780401                  /usr/lib/jvm/oracle-java8-jdk-amd64/jre/lib/charsets.jar
7f87e7015000-7f87e701b000 r--s 0003f000 103:02 16780370                  /usr/lib/jvm/oracle-java8-jdk-amd64/jre/lib/ext/sunjce_provider.jar
7f87e701b000-7f87e7037000 r--s 00393000 103:02 16780366                  /usr/lib/jvm/oracle-java8-jdk-amd64/jre/lib/ext/cldrdata.jar
7f87e7037000-7f87e70e0000 rw-p 00000000 00:00 0 
7f87e70e0000-7f87e70e1000 ---p 00000000 00:00 0 
7f87e70e1000-7f87e70e4000 ---p 00000000 00:00 0 
7f87e70e4000-7f87e71e5000 rw-p 00000000 00:00 0 
7f87e71e5000-7f87e71e6000 r--s 0000a000 103:02 16780360                  /usr/lib/jvm/oracle-java8-jdk-amd64/jre/lib/ext/jaccess.jar
7f87e71e6000-7f87e71e8000 r--s 00001000 103:02 16780365                  /usr/lib/jvm/oracle-java8-jdk-amd64/jre/lib/ext/dnsns.jar
7f87e71e8000-7f87e71ea000 r--s 00009000 103:02 16780364                  /usr/lib/jvm/oracle-java8-jdk-amd64/jre/lib/ext/sunec.jar
7f87e71ea000-7f87e71ee000 r--s 0003a000 103:02 16780367                  /usr/lib/jvm/oracle-java8-jdk-amd64/jre/lib/ext/sunpkcs11.jar
7f87e71ee000-7f87e71ef000 r--s 00010000 103:02 16780362                  /usr/lib/jvm/oracle-java8-jdk-amd64/jre/lib/ext/zipfs.jar
7f87e71ef000-7f87e71f9000 r--s 00116000 103:02 16780361                  /usr/lib/jvm/oracle-java8-jdk-amd64/jre/lib/ext/localedata.jar
7f87e71f9000-7f87e7201000 rw-s 00000000 103:02 13242125                  /tmp/hsperfdata_vincent.fillon/2830
7f87e7201000-7f87e7202000 rw-p 00000000 00:00 0 
7f87e7202000-7f87e7203000 r--p 00000000 00:00 0 
7f87e7203000-7f87e7204000 r--p 00027000 103:02 30015503                  /lib/x86_64-linux-gnu/ld-2.27.so
7f87e7204000-7f87e7205000 rw-p 00028000 103:02 30015503                  /lib/x86_64-linux-gnu/ld-2.27.so
7f87e7205000-7f87e7206000 rw-p 00000000 00:00 0 
7ffd83416000-7ffd83437000 rw-p 00000000 00:00 0                          [stack]
7ffd83460000-7ffd83463000 r--p 00000000 00:00 0                          [vvar]
7ffd83463000-7ffd83465000 r-xp 00000000 00:00 0                          [vdso]
ffffffffff600000-ffffffffff601000 r-xp 00000000 00:00 0                  [vsyscall]

VM Arguments:
jvm_args: -javaagent:/opt/idea-IU-182.5107.16/lib/idea_rt.jar=40895:/opt/idea-IU-182.5107.16/bin -Dfile.encoding=UTF-16 
java_command: fr.vincentfillon.Main
java_class_path (initial): /usr/lib/jvm/oracle-java8-jdk-amd64/jre/lib/charsets.jar:/usr/lib/jvm/oracle-java8-jdk-amd64/jre/lib/deploy.jar:/usr/lib/jvm/oracle-java8-jdk-amd64/jre/lib/ext/cldrdata.jar:/usr/lib/jvm/oracle-java8-jdk-amd64/jre/lib/ext/dnsns.jar:/usr/lib/jvm/oracle-java8-jdk-amd64/jre/lib/ext/jaccess.jar:/usr/lib/jvm/oracle-java8-jdk-amd64/jre/lib/ext/jfxrt.jar:/usr/lib/jvm/oracle-java8-jdk-amd64/jre/lib/ext/localedata.jar:/usr/lib/jvm/oracle-java8-jdk-amd64/jre/lib/ext/nashorn.jar:/usr/lib/jvm/oracle-java8-jdk-amd64/jre/lib/ext/sunec.jar:/usr/lib/jvm/oracle-java8-jdk-amd64/jre/lib/ext/sunjce_provider.jar:/usr/lib/jvm/oracle-java8-jdk-amd64/jre/lib/ext/sunpkcs11.jar:/usr/lib/jvm/oracle-java8-jdk-amd64/jre/lib/ext/zipfs.jar:/usr/lib/jvm/oracle-java8-jdk-amd64/jre/lib/javaws.jar:/usr/lib/jvm/oracle-java8-jdk-amd64/jre/lib/jce.jar:/usr/lib/jvm/oracle-java8-jdk-amd64/jre/lib/jfr.jar:/usr/lib/jvm/oracle-java8-jdk-amd64/jre/lib/jfxswt.jar:/usr/lib/jvm/oracle-java8-jdk-amd64/jre/lib/jsse.jar:/usr/lib/jvm/oracle-java8-jdk-amd64/jre/lib/management-agent.jar:/usr/lib/jvm/oracle-java8-jdk-amd64/jre/lib/plugin.jar:/usr/lib/jvm/oracle-java8-jdk-amd64/jre/lib/resources.jar:/usr/lib/jvm/oracle-java8-jdk-amd64/jre/lib/rt.jar:/home/abc-objectif/vincent.fillon/GitRepo/MovieDb/out/production/Filmotheque_Inerface_BDD:/home/abc-objectif/vincent.fillon/.m2/repository/mysql/mysql-connector-java/8.0.17/mysql-connector-java-8.0.17.jar:/home/abc-objectif/vincent.fillon/.m2/repository/com/google/protobuf/protobuf-java/3.6.1/protobuf-java-3.6.1.jar:/opt/idea-IU-182.5107.16/lib/idea_rt.jar
Launcher Type: SUN_STANDARD

Environment Variables:
PATH=/usr/local/sbin:/usr/local/bin:/usr/sbin:/usr/bin:/sbin:/bin:/usr/games:/usr/local/games:/snap/bin
USERNAME=vincent.fillon
SHELL=/bin/bash
DISPLAY=:1

Signal Handlers:
SIGSEGV: [libjvm.so+0xac78c0], sa_mask[0]=11111111011111111101111111111110, sa_flags=SA_RESTART|SA_SIGINFO
SIGBUS: [libjvm.so+0xac78c0], sa_mask[0]=11111111011111111101111111111110, sa_flags=SA_RESTART|SA_SIGINFO
SIGFPE: [libjvm.so+0x920ac0], sa_mask[0]=11111111011111111101111111111110, sa_flags=SA_RESTART|SA_SIGINFO
SIGPIPE: SIG_IGN, sa_mask[0]=00000000000010000000000000000000, sa_flags=SA_RESTART
SIGXFSZ: [libjvm.so+0x920ac0], sa_mask[0]=11111111011111111101111111111110, sa_flags=SA_RESTART|SA_SIGINFO
SIGILL: [libjvm.so+0x920ac0], sa_mask[0]=11111111011111111101111111111110, sa_flags=SA_RESTART|SA_SIGINFO
SIGUSR1: SIG_DFL, sa_mask[0]=00000000000000000000000000000000, sa_flags=none
SIGUSR2: [libjvm.so+0x922300], sa_mask[0]=00100000000000000000000000000000, sa_flags=SA_RESTART|SA_SIGINFO
SIGHUP: SIG_IGN, sa_mask[0]=00000000000000000000000000000000, sa_flags=none
SIGINT: [libjvm.so+0x923700], sa_mask[0]=11111111011111111101111111111110, sa_flags=SA_RESTART|SA_SIGINFO
SIGTERM: [libjvm.so+0x923700], sa_mask[0]=11111111011111111101111111111110, sa_flags=SA_RESTART|SA_SIGINFO
SIGQUIT: [libjvm.so+0x923700], sa_mask[0]=11111111011111111101111111111110, sa_flags=SA_RESTART|SA_SIGINFO


---------------  S Y S T E M  ---------------

OS:DISTRIB_ID=Ubuntu
DISTRIB_RELEASE=18.04
DISTRIB_CODENAME=bionic
DISTRIB_DESCRIPTION="Ubuntu 18.04.1 LTS"

uname:Linux 4.15.0-44-generic #47-Ubuntu SMP Mon Jan 14 11:26:59 UTC 2019 x86_64
libc:glibc 2.27 NPTL 2.27 
rlimit: STACK 8192k, CORE 0k, NPROC 63121, NOFILE 1048576, AS infinity
load average:0,18 0,26 0,22

/proc/meminfo:
MemTotal:       16270568 kB
MemFree:         4016528 kB
MemAvailable:    7892288 kB
Buffers:          878912 kB
Cached:          3243616 kB
SwapCached:           20 kB
Active:          8998012 kB
Inactive:        2448988 kB
Active(anon):    6828136 kB
Inactive(anon):   616964 kB
Active(file):    2169876 kB
Inactive(file):  1832024 kB
Unevictable:         312 kB
Mlocked:             312 kB
SwapTotal:       2097148 kB
SwapFree:        2096644 kB
Dirty:              1096 kB
Writeback:             0 kB
AnonPages:       7324712 kB
Mapped:          1011192 kB
Shmem:            120628 kB
Slab:             402504 kB
SReclaimable:     216180 kB
SUnreclaim:       186324 kB
KernelStack:       24416 kB
PageTables:       113836 kB
NFS_Unstable:          0 kB
Bounce:                0 kB
WritebackTmp:          0 kB
CommitLimit:    10232432 kB
Committed_AS:   21713648 kB
VmallocTotal:   34359738367 kB
VmallocUsed:           0 kB
VmallocChunk:          0 kB
HardwareCorrupted:     0 kB
AnonHugePages:      2048 kB
ShmemHugePages:        0 kB
ShmemPmdMapped:        0 kB
CmaTotal:              0 kB
CmaFree:               0 kB
HugePages_Total:       0
HugePages_Free:        0
HugePages_Rsvd:        0
HugePages_Surp:        0
Hugepagesize:       2048 kB
DirectMap4k:      867736 kB
DirectMap2M:    15755264 kB
DirectMap1G:           0 kB


CPU:total 8 (4 cores per cpu, 2 threads per core) family 6 model 158 stepping 9, cmov, cx8, fxsr, mmx, sse, sse2, sse3, ssse3, sse4.1, sse4.2, popcnt, avx, avx2, aes, clmul, erms, 3dnowpref, lzcnt, ht, tsc, tscinvbit, bmi1, bmi2, adx

/proc/cpuinfo:
processor	: 0
vendor_id	: GenuineIntel
cpu family	: 6
model		: 158
model name	: Intel(R) Core(TM) i7-7700HQ CPU @ 2.80GHz
stepping	: 9
microcode	: 0x8e
cpu MHz		: 3569.872
cache size	: 6144 KB
physical id	: 0
siblings	: 8
core id		: 0
cpu cores	: 4
apicid		: 0
initial apicid	: 0
fpu		: yes
fpu_exception	: yes
cpuid level	: 22
wp		: yes
flags		: fpu vme de pse tsc msr pae mce cx8 apic sep mtrr pge mca cmov pat pse36 clflush dts acpi mmx fxsr sse sse2 ss ht tm pbe syscall nx pdpe1gb rdtscp lm constant_tsc art arch_perfmon pebs bts rep_good nopl xtopology nonstop_tsc cpuid aperfmperf tsc_known_freq pni pclmulqdq dtes64 monitor ds_cpl vmx est tm2 ssse3 sdbg fma cx16 xtpr pdcm pcid sse4_1 sse4_2 x2apic movbe popcnt tsc_deadline_timer aes xsave avx f16c rdrand lahf_lm abm 3dnowprefetch cpuid_fault epb invpcid_single pti ssbd ibrs ibpb stibp tpr_shadow vnmi flexpriority ept vpid fsgsbase tsc_adjust bmi1 avx2 smep bmi2 erms invpcid mpx rdseed adx smap clflushopt intel_pt xsaveopt xsavec xgetbv1 xsaves dtherm ida arat pln pts hwp hwp_notify hwp_act_window hwp_epp flush_l1d
bugs		: cpu_meltdown spectre_v1 spectre_v2 spec_store_bypass l1tf
bogomips	: 5616.00
clflush size	: 64
cache_alignment	: 64
address sizes	: 39 bits physical, 48 bits virtual
power management:

processor	: 1
vendor_id	: GenuineIntel
cpu family	: 6
model		: 158
model name	: Intel(R) Core(TM) i7-7700HQ CPU @ 2.80GHz
stepping	: 9
microcode	: 0x8e
cpu MHz		: 3495.080
cache size	: 6144 KB
physical id	: 0
siblings	: 8
core id		: 1
cpu cores	: 4
apicid		: 2
initial apicid	: 2
fpu		: yes
fpu_exception	: yes
cpuid level	: 22
wp		: yes
flags		: fpu vme de pse tsc msr pae mce cx8 apic sep mtrr pge mca cmov pat pse36 clflush dts acpi mmx fxsr sse sse2 ss ht tm pbe syscall nx pdpe1gb rdtscp lm constant_tsc art arch_perfmon pebs bts rep_good nopl xtopology nonstop_tsc cpuid aperfmperf tsc_known_freq pni pclmulqdq dtes64 monitor ds_cpl vmx est tm2 ssse3 sdbg fma cx16 xtpr pdcm pcid sse4_1 sse4_2 x2apic movbe popcnt tsc_deadline_timer aes xsave avx f16c rdrand lahf_lm abm 3dnowprefetch cpuid_fault epb invpcid_single pti ibrs ibpb stibp tpr_shadow vnmi flexpriority ept vpid fsgsbase tsc_adjust bmi1 avx2 smep bmi2 erms invpcid mpx rdseed adx smap clflushopt intel_pt xsaveopt xsavec xgetbv1 xsaves dtherm ida arat pln pts hwp hwp_notify hwp_act_window hwp_epp
bugs		: cpu_meltdown spectre_v1 spectre_v2 spec_store_bypass l1tf
bogomips	: 5616.00
clflush size	: 64
cache_alignment	: 64
address sizes	: 39 bits physical, 48 bits virtual
power management:

processor	: 2
vendor_id	: GenuineIntel
cpu family	: 6
model		: 158
model name	: Intel(R) Core(TM) i7-7700HQ CPU @ 2.80GHz
stepping	: 9
microcode	: 0x8e
cpu MHz		: 3586.796
cache size	: 6144 KB
physical id	: 0
siblings	: 8
core id		: 2
cpu cores	: 4
apicid		: 4
initial apicid	: 4
fpu		: yes
fpu_exception	: yes
cpuid level	: 22
wp		: yes
flags		: fpu vme de pse tsc msr pae mce cx8 apic sep mtrr pge mca cmov pat pse36 clflush dts acpi mmx fxsr sse sse2 ss ht tm pbe syscall nx pdpe1gb rdtscp lm constant_tsc art arch_perfmon pebs bts rep_good nopl xtopology nonstop_tsc cpuid aperfmperf tsc_known_freq pni pclmulqdq dtes64 monitor ds_cpl vmx est tm2 ssse3 sdbg fma cx16 xtpr pdcm pcid sse4_1 sse4_2 x2apic movbe popcnt tsc_deadline_timer aes xsave avx f16c rdrand lahf_lm abm 3dnowprefetch cpuid_fault epb invpcid_single pti ibrs ibpb stibp tpr_shadow vnmi flexpriority ept vpid fsgsbase tsc_adjust bmi1 avx2 smep bmi2 erms invpcid mpx rdseed adx smap clflushopt intel_pt xsaveopt xsavec xgetbv1 xsaves dtherm ida arat pln pts hwp hwp_notify hwp_act_window hwp_epp
bugs		: cpu_meltdown spectre_v1 spectre_v2 spec_store_bypass l1tf
bogomips	: 5616.00
clflush size	: 64
cache_alignment	: 64
address sizes	: 39 bits physical, 48 bits virtual
power management:

processor	: 3
vendor_id	: GenuineIntel
cpu family	: 6
model		: 158
model name	: Intel(R) Core(TM) i7-7700HQ CPU @ 2.80GHz
stepping	: 9
microcode	: 0x8e
cpu MHz		: 3696.126
cache size	: 6144 KB
physical id	: 0
siblings	: 8
core id		: 3
cpu cores	: 4
apicid		: 6
initial apicid	: 6
fpu		: yes
fpu_exception	: yes
cpuid level	: 22
wp		: yes
flags		: fpu vme de pse tsc msr pae mce cx8 apic sep mtrr pge mca cmov pat pse36 clflush dts acpi mmx fxsr sse sse2 ss ht tm pbe syscall nx pdpe1gb rdtscp lm constant_tsc art arch_perfmon pebs bts rep_good nopl xtopology nonstop_tsc cpuid aperfmperf tsc_known_freq pni pclmulqdq dtes64 monitor ds_cpl vmx est tm2 ssse3 sdbg fma cx16 xtpr pdcm pcid sse4_1 sse4_2 x2apic movbe popcnt tsc_deadline_timer aes xsave avx f16c rdrand lahf_lm abm 3dnowprefetch cpuid_fault epb invpcid_single pti ibrs ibpb stibp tpr_shadow vnmi flexpriority ept vpid fsgsbase tsc_adjust bmi1 avx2 smep bmi2 erms invpcid mpx rdseed adx smap clflushopt intel_pt xsaveopt xsavec xgetbv1 xsaves dtherm ida arat pln pts hwp hwp_notify hwp_act_window hwp_epp
bugs		: cpu_meltdown spectre_v1 spectre_v2 spec_store_bypass l1tf
bogomips	: 5616.00
clflush size	: 64
cache_alignment	: 64
address sizes	: 39 bits physical, 48 bits virtual
power management:

processor	: 4
vendor_id	: GenuineIntel
cpu family	: 6
model		: 158
model name	: Intel(R) Core(TM) i7-7700HQ CPU @ 2.80GHz
stepping	: 9
microcode	: 0x8e
cpu MHz		: 3539.216
cache size	: 6144 KB
physical id	: 0
siblings	: 8
core id		: 0
cpu cores	: 4
apicid		: 1
initial apicid	: 1
fpu		: yes
fpu_exception	: yes
cpuid level	: 22
wp		: yes
flags		: fpu vme de pse tsc msr pae mce cx8 apic sep mtrr pge mca cmov pat pse36 clflush dts acpi mmx fxsr sse sse2 ss ht tm pbe syscall nx pdpe1gb rdtscp lm constant_tsc art arch_perfmon pebs bts rep_good nopl xtopology nonstop_tsc cpuid aperfmperf tsc_known_freq pni pclmulqdq dtes64 monitor ds_cpl vmx est tm2 ssse3 sdbg fma cx16 xtpr pdcm pcid sse4_1 sse4_2 x2apic movbe popcnt tsc_deadline_timer aes xsave avx f16c rdrand lahf_lm abm 3dnowprefetch cpuid_fault epb invpcid_single pti ssbd ibrs ibpb stibp tpr_shadow vnmi flexpriority ept vpid fsgsbase tsc_adjust bmi1 avx2 smep bmi2 erms invpcid mpx rdseed adx smap clflushopt intel_pt xsaveopt xsavec xgetbv1 xsaves dtherm ida arat pln pts hwp hwp_notify hwp_act_window hwp_epp flush_l1d
bugs		: cpu_meltdown spectre_v1 spectre_v2 spec_store_bypass l1tf
bogomips	: 5616.00
clflush size	: 64
cache_alignment	: 64
address sizes	: 39 bits physical, 48 bits virtual
power management:

processor	: 5
vendor_id	: GenuineIntel
cpu family	: 6
model		: 158
model name	: Intel(R) Core(TM) i7-7700HQ CPU @ 2.80GHz
stepping	: 9
microcode	: 0x8e
cpu MHz		: 3572.646
cache size	: 6144 KB
physical id	: 0
siblings	: 8
core id		: 1
cpu cores	: 4
apicid		: 3
initial apicid	: 3
fpu		: yes
fpu_exception	: yes
cpuid level	: 22
wp		: yes
flags		: fpu vme de pse tsc msr pae mce cx8 apic sep mtrr pge mca cmov pat pse36 clflush dts acpi mmx fxsr sse sse2 ss ht tm pbe syscall nx pdpe1gb rdtscp lm constant_tsc art arch_perfmon pebs bts rep_good nopl xtopology nonstop_tsc cpuid aperfmperf tsc_known_freq pni pclmulqdq dtes64 monitor ds_cpl vmx est tm2 ssse3 sdbg fma cx16 xtpr pdcm pcid sse4_1 sse4_2 x2apic movbe popcnt tsc_deadline_timer aes xsave avx f16c rdrand lahf_lm abm 3dnowprefetch cpuid_fault epb invpcid_single pti ssbd ibrs ibpb stibp tpr_shadow vnmi flexpriority ept vpid fsgsbase tsc_adjust bmi1 avx2 smep bmi2 erms invpcid mpx rdseed adx smap clflushopt intel_pt xsaveopt xsavec xgetbv1 xsaves dtherm ida arat pln pts hwp hwp_notify hwp_act_window hwp_epp flush_l1d
bugs		: cpu_meltdown spectre_v1 spectre_v2 spec_store_bypass l1tf
bogomips	: 5616.00
clflush size	: 64
cache_alignment	: 64
address sizes	: 39 bits physical, 48 bits virtual
power management:

processor	: 6
vendor_id	: GenuineIntel
cpu family	: 6
model		: 158
model name	: Intel(R) Core(TM) i7-7700HQ CPU @ 2.80GHz
stepping	: 9
microcode	: 0x8e
cpu MHz		: 3457.731
cache size	: 6144 KB
physical id	: 0
siblings	: 8
core id		: 2
cpu cores	: 4
apicid		: 5
initial apicid	: 5
fpu		: yes
fpu_exception	: yes
cpuid level	: 22
wp		: yes
flags		: fpu vme de pse tsc msr pae mce cx8 apic sep mtrr pge mca cmov pat pse36 clflush dts acpi mmx fxsr sse sse2 ss ht tm pbe syscall nx pdpe1gb rdtscp lm constant_tsc art arch_perfmon pebs bts rep_good nopl xtopology nonstop_tsc cpuid aperfmperf tsc_known_freq pni pclmulqdq dtes64 monitor ds_cpl vmx est tm2 ssse3 sdbg fma cx16 xtpr pdcm pcid sse4_1 sse4_2 x2apic movbe popcnt tsc_deadline_timer aes xsave avx f16c rdrand lahf_lm abm 3dnowprefetch cpuid_fault epb invpcid_single pti ssbd ibrs ibpb stibp tpr_shadow vnmi flexpriority ept vpid fsgsbase tsc_adjust bmi1 avx2 smep bmi2 erms invpcid mpx rdseed adx smap clflushopt intel_pt xsaveopt xsavec xgetbv1 xsaves dtherm ida arat pln pts hwp hwp_notify hwp_act_window hwp_epp flush_l1d
bugs		: cpu_meltdown spectre_v1 spectre_v2 spec_store_bypass l1tf
bogomips	: 5616.00
clflush size	: 64
cache_alignment	: 64
address sizes	: 39 bits physical, 48 bits virtual
power management:

processor	: 7
vendor_id	: GenuineIntel
cpu family	: 6
model		: 158
model name	: Intel(R) Core(TM) i7-7700HQ CPU @ 2.80GHz
stepping	: 9
microcode	: 0x8e
cpu MHz		: 3669.121
cache size	: 6144 KB
physical id	: 0
siblings	: 8
core id		: 3
cpu cores	: 4
apicid		: 7
initial apicid	: 7
fpu		: yes
fpu_exception	: yes
cpuid level	: 22
wp		: yes
flags		: fpu vme de pse tsc msr pae mce cx8 apic sep mtrr pge mca cmov pat pse36 clflush dts acpi mmx fxsr sse sse2 ss ht tm pbe syscall nx pdpe1gb rdtscp lm constant_tsc art arch_perfmon pebs bts rep_good nopl xtopology nonstop_tsc cpuid aperfmperf tsc_known_freq pni pclmulqdq dtes64 monitor ds_cpl vmx est tm2 ssse3 sdbg fma cx16 xtpr pdcm pcid sse4_1 sse4_2 x2apic movbe popcnt tsc_deadline_timer aes xsave avx f16c rdrand lahf_lm abm 3dnowprefetch cpuid_fault epb invpcid_single pti ssbd ibrs ibpb stibp tpr_shadow vnmi flexpriority ept vpid fsgsbase tsc_adjust bmi1 avx2 smep bmi2 erms invpcid mpx rdseed adx smap clflushopt intel_pt xsaveopt xsavec xgetbv1 xsaves dtherm ida arat pln pts hwp hwp_notify hwp_act_window hwp_epp flush_l1d
bugs		: cpu_meltdown spectre_v1 spectre_v2 spec_store_bypass l1tf
bogomips	: 5616.00
clflush size	: 64
cache_alignment	: 64
address sizes	: 39 bits physical, 48 bits virtual
power management:



Memory: 4k page, physical 16270568k(4016156k free), swap 2097148k(2096644k free)

vm_info: Java HotSpot(TM) 64-Bit Server VM (25.121-b13) for linux-amd64 JRE (1.8.0_121-b13), built on Dec 12 2016 16:36:53 by "java_re" with gcc 4.3.0 20080428 (Red Hat 4.3.0-8)

time: Fri Aug 23 09:13:21 2019
elapsed time: 0 seconds (0d 0h 0m 0s)

